[Trial Log] trial=2 label=time_minus
[Trial Log] path=tmp/review_multistart_logic/logs/02_time_minus.log
[Vehicle] Initializing vehicle dynamics model: SpaceX Starship IFT-6 (Booster 13 / Ship 31)

[Optimizer] Setting up CasADi problem for SpaceX Starship IFT-6 (Booster 13 / Ship 31)...
[Optimizer] Target Inclination not set. Defaulting to absolute Launch Latitude (26.00 deg) for min-energy orbit.
[Optimizer] Using external warm-start guess...
[Optimizer] External guess loaded in 0.00s
[Optimizer] Guidance Guess Summary:
  MECO: T=145.4s, Alt=70.7km, Vel=3056.7m/s
  SECO: T=301.9s, Alt=553.1km, Vel=11731.6m/s
[Optimizer] Starting IPOPT solver (Max Iter=2000)...

[96m================================================================================[0m
[1m OPTIMIZATION STRUCTURE (JACOBIAN)                       [0m[2m[SOURCE: CASADI][0m
[96m================================================================================[0m
  Constraints: 4506
  Variables:   3096
  Non-zeros:   38998
  Density:     0.2795%
  >>> [92m✅ SUCCESS: Jacobian is sparse (Expected for Direct Collocation).[0m
========================================

This is Ipopt version 3.14.11, running with linear solver MUMPS 5.4.1.

Number of nonzeros in equality constraint Jacobian...:    24678
Number of nonzeros in inequality constraint Jacobian.:    14320
Number of nonzeros in Lagrangian Hessian.............:    23236

Total number of variables............................:     3096
                     variables with only lower bounds:        0
                variables with lower and upper bounds:        0
                     variables with only upper bounds:        0
Total number of equality constraints.................:     2258
Total number of inequality constraints...............:     2248
        inequality constraints with only lower bounds:      844
   inequality constraints with lower and upper bounds:        0
        inequality constraints with only upper bounds:     1404

iter    objective    inf_pr   inf_du lg(mu)  ||d||  lg(rg) alpha_du alpha_pr  ls
   0 -9.9850000e-02 5.79e+04 1.00e+00  -1.0 0.00e+00    -  0.00e+00 0.00e+00   0
   1 -1.0923671e-01 1.88e+06 1.09e+03  -1.0 3.15e+01  -4.0 6.38e-02 1.45e-01f  1
   2 -1.0974959e-01 1.85e+06 7.28e+03  -1.0 1.19e+01   0.0 2.02e-02 1.29e-02h  1
   3 -1.0996540e-01 1.83e+06 7.21e+03  -1.0 1.13e+01   0.5 1.02e-02 1.02e-02h  1
   4 -1.1056463e-01 1.79e+06 1.61e+04  -1.0 1.18e+01  -0.0 3.15e-02 2.20e-02h  1
   5 -1.1063329e-01 1.77e+06 1.60e+04  -1.0 3.32e+01   0.4 1.54e-02 9.14e-03h  1
   6 -1.1054458e-01 1.74e+06 1.58e+04  -1.0 3.57e+01   0.8 4.12e-02 9.90e-03h  1
   7 -1.1034233e-01 1.72e+06 1.57e+04  -1.0 3.02e+01   1.3 2.85e-02 9.00e-03h  1
   8 -1.1012318e-01 1.69e+06 1.55e+04  -1.0 3.37e+01   1.7 1.53e-02 9.01e-03h  1
   9 -1.1012234e-01 1.69e+06 1.55e+04  -1.0 2.53e+01   3.0 8.22e-04 3.81e-05h  1
iter    objective    inf_pr   inf_du lg(mu)  ||d||  lg(rg) alpha_du alpha_pr  ls
  10 -1.1006850e-01 1.69e+06 1.55e+04  -1.0 3.45e+01   2.5 1.46e-02 2.31e-03h  1
  11 -1.1001462e-01 1.68e+06 1.54e+04  -1.0 3.54e+01   3.0 5.65e-05 2.27e-03h  1
  12 -1.0982902e-01 1.67e+06 1.54e+04  -1.0 3.57e+01   2.5 7.04e-03 6.12e-03h  1
  13 -1.0980747e-01 1.67e+06 1.53e+04  -1.0 3.63e+01   2.9 6.61e-03 6.15e-04h  1
  14 -1.0935589e-01 1.64e+06 1.52e+04  -1.0 3.69e+01   2.4 4.50e-02 1.01e-02h  1
  15 -1.0927400e-01 1.64e+06 1.52e+04  -1.0 3.76e+01   2.9 2.07e-02 1.57e-03h  1
  16 -1.0868916e-01 1.60e+06 2.48e+06  -1.0 3.86e+01   2.4 3.35e-02 1.21e-02h  1
  17 -1.0849059e-01 1.59e+06 2.47e+06  -1.0 3.88e+01   2.8 3.33e-02 4.28e-03h  1
  18 -1.0829434e-01 1.58e+06 2.46e+06  -1.0 4.03e+01   2.3 6.87e-03 4.86e-03h  1
  19 -1.0821652e-01 1.57e+06 2.45e+06  -1.0 4.20e+01   1.9 1.90e-04 2.99e-03h  1
iter    objective    inf_pr   inf_du lg(mu)  ||d||  lg(rg) alpha_du alpha_pr  ls
  20 -1.0819590e-01 1.56e+06 2.45e+06  -1.0 4.05e+01   2.3 8.55e-03 5.51e-04h  1
  21 -1.0805718e-01 1.55e+06 2.44e+06  -1.0 3.96e+01   2.7 4.23e-03 3.19e-03h  1
  22 -1.0799655e-01 1.55e+06 2.44e+06  -1.0 4.64e+01   2.2 1.61e-02 2.14e-03h  1
  23 -1.0793011e-01 1.54e+06 2.43e+06  -1.0 3.93e+01   3.6 1.39e-02 1.47e-03h  1
  24 -1.0767666e-01 1.52e+06 2.41e+06  -1.0 3.97e+01   3.1 9.77e-03 8.02e-03h  1
  25 -1.0756913e-01 1.51e+06 2.41e+06  -1.0 4.04e+01   2.6 2.00e-05 2.89e-03f  1
  26 -1.0738397e-01 1.49e+06 2.39e+06  -1.0 4.40e+01   2.1 1.46e-03 7.87e-03f  1
  27 -1.0738025e-01 1.49e+06 2.39e+06  -1.0 3.36e+01   3.5 4.16e-03 7.04e-05h  1
  28 -1.0737380e-01 1.49e+06 2.39e+06  -1.0 3.32e+01   3.9 4.49e-03 1.13e-04h  1
  29 -1.0697519e-01 1.46e+06 2.37e+06  -1.0 3.34e+01   3.4 6.29e-03 7.00e-03h  1
iter    objective    inf_pr   inf_du lg(mu)  ||d||  lg(rg) alpha_du alpha_pr  ls
  30 -1.0697205e-01 1.46e+06 2.37e+06  -1.0 3.42e+01   2.9 1.71e-02 6.52e-05h  1
  31 -1.0684556e-01 1.45e+06 2.36e+06  -1.0 4.79e+01   2.5 2.24e-02 3.12e-03h  1
  32 -1.0681734e-01 1.45e+06 2.36e+06  -1.0 8.89e+01   2.0 2.76e-02 9.81e-04h  1
  33 -1.0662706e-01 1.43e+06 4.26e+06  -1.0 6.16e+01   2.4 3.12e-02 4.23e-03h  1
  34 -1.0640935e-01 1.41e+06 4.24e+06  -1.0 1.11e+02   1.9 1.52e-02 6.47e-03h  1
  35 -1.0638786e-01 1.41e+06 4.24e+06  -1.0 3.31e+01   4.2 1.16e-01 3.70e-04h  1
  36 -1.0552316e-01 1.35e+06 1.98e+07  -1.0 3.35e+01   3.7 7.02e-02 1.53e-02h  1
  37 -1.0547215e-01 1.35e+06 1.98e+07  -1.0 6.81e+01   3.2 6.57e-03 9.63e-04h  1
  38 -1.0494531e-01 1.30e+06 5.14e+07  -1.0 9.80e+01   2.7 1.34e-02 1.35e-02h  1
  39 -1.0493433e-01 1.30e+06 5.14e+07  -1.0 1.41e+02   2.3 3.14e-02 8.30e-04h  1
iter    objective    inf_pr   inf_du lg(mu)  ||d||  lg(rg) alpha_du alpha_pr  ls
  40 -1.0444808e-01 1.26e+06 5.07e+07  -1.0 1.06e+02   2.7 9.72e-02 1.41e-02h  1
  41 -1.0433714e-01 1.25e+06 5.06e+07  -1.0 8.67e+01   3.1 4.65e-02 2.43e-03h  1
  42 -1.0429907e-01 1.25e+06 5.05e+07  -1.0 1.22e+02   2.6 3.64e-02 1.58e-03h  1
  43 -1.0424837e-01 1.24e+06 5.04e+07  -1.0 8.52e+01   3.1 1.21e-04 1.17e-03h  1
  44 -1.0411523e-01 1.23e+06 5.03e+07  -1.0 1.02e+02   2.6 5.02e-04 3.14e-03h  1
  45 -1.0328552e-01 1.19e+06 4.97e+07  -1.0 8.65e+01   3.0 4.05e-02 1.45e-02f  1
  46 -1.0292053e-01 1.17e+06 4.95e+07  -1.0 5.34e+01   3.4 1.22e-02 2.89e-03h  1
  47 -1.0207159e-01 1.14e+06 7.93e+07  -1.0 8.31e+01   3.0 3.76e-04 1.08e-02f  1
  48 -1.0206080e-01 1.14e+06 7.93e+07  -1.0 7.64e+01   3.4 8.35e-04 2.04e-04h  1
  49 -1.0205775e-01 1.14e+06 7.93e+07  -1.0 8.71e+01   2.9 1.43e-05 8.18e-05h  1
iter    objective    inf_pr   inf_du lg(mu)  ||d||  lg(rg) alpha_du alpha_pr  ls
  50 -1.0179776e-01 1.12e+06 7.89e+07  -1.0 7.62e+01   3.3 4.83e-03 4.99e-03f  1
  51 -1.0179007e-01 1.12e+06 7.89e+07  -1.0 9.73e+01   2.8 4.15e-04 1.13e-04h  1
  52 -1.0178117e-01 1.12e+06 7.89e+07  -1.0 8.29e+01   3.3 6.84e-04 1.29e-04h  1
  53 -1.0080563e-01 1.09e+06 7.78e+07  -1.0 1.20e+02   2.8 2.98e-03 1.34e-02f  1
  54 -1.0025938e-01 1.06e+06 4.16e+07  -1.0 6.36e+01   4.1 3.44e-04 7.87e-03h  1
  55 -9.9915147e-02 1.05e+06 4.13e+07  -1.0 6.24e+01   4.6 1.53e-04 4.79e-03h  1
  56 -9.9866486e-02 1.05e+06 4.13e+07  -1.0 5.59e+01   5.0 1.45e-03 7.03e-04h  1
  57 -9.9772856e-02 1.04e+06 4.12e+07  -1.0 5.81e+01   5.4 4.10e-03 1.45e-03h  1
  58 -9.9697980e-02 1.04e+06 4.48e+08  -1.0 4.67e+01   5.8 6.22e-03 9.54e-04h  1
  59 -9.8251031e-02 9.84e+05 2.75e+09  -1.0 5.28e+01   5.4 4.32e-03 1.92e-02h  1
iter    objective    inf_pr   inf_du lg(mu)  ||d||  lg(rg) alpha_du alpha_pr  ls
  60 -9.7583297e-02 9.63e+05 1.79e+09  -1.0 5.71e+01   5.8 1.31e-02 8.44e-03h  1
  61 -9.6243825e-02 9.26e+05 9.78e+09  -1.0 6.73e+01   5.3 6.57e-03 1.54e-02h  1
  62 -9.6225912e-02 9.26e+05 9.78e+09  -1.0 6.06e+01   5.7 4.67e-05 2.32e-04h  1
  63r-9.6225912e-02 9.26e+05 1.00e+03   2.0 0.00e+00   5.3 0.00e+00 2.79e-07R  5
  64r-9.8944214e-02 2.03e+05 1.00e+03   2.0 1.03e+05    -  3.39e-04 1.05e-03f  1
  65 -9.8943468e-02 2.03e+05 1.97e+01  -1.0 9.20e+00   4.8 1.60e-04 3.78e-05h  1
  66r-9.8943468e-02 2.03e+05 9.99e+02   1.5 0.00e+00   4.3 0.00e+00 3.45e-07R  5
  67r-1.0138479e-01 1.94e+05 9.98e+02   1.5 3.75e+04    -  8.71e-04 1.91e-04f  1
  68 -1.0136848e-01 1.93e+05 2.76e+02  -1.0 9.77e+00   3.8 4.38e-03 8.19e-04h  1
  69 -1.0136751e-01 1.93e+05 1.52e+03  -1.0 9.06e+00   3.3 1.07e-02 4.90e-05h  1
iter    objective    inf_pr   inf_du lg(mu)  ||d||  lg(rg) alpha_du alpha_pr  ls
  70 -1.0125361e-01 1.92e+05 4.10e+03  -1.0 9.20e+00   2.9 3.69e-03 5.83e-03h  1
  71 -1.0108269e-01 1.89e+05 8.15e+03  -1.0 9.28e+00   2.4 3.16e-02 9.20e-03h  1
  72 -1.0083848e-01 1.85e+05 2.11e+05  -1.0 9.26e+00   1.9 1.12e-02 1.34e-02h  1
  73 -1.0081367e-01 1.84e+05 2.27e+05  -1.0 9.05e+00   2.3 1.47e-01 1.33e-03h  1
  74 -1.0032458e-01 1.76e+05 1.09e+05  -1.0 1.06e+01   1.9 3.74e-02 2.76e-02h  1
  75 -1.0006351e-01 1.72e+05 2.28e+05  -1.0 8.63e+00   2.3 4.94e-01 1.51e-02h  1
  76 -9.9449257e-02 1.61e+05 2.41e+05  -1.0 1.29e+01   1.8 8.35e-02 3.92e-02h  1
  77 -9.9286017e-02 1.59e+05 2.41e+05  -1.0 8.09e+00   2.2 4.91e-01 9.04e-03h  1
  78 -9.6154789e-02 1.19e+05 8.67e+05  -1.0 1.06e+01   1.8 1.02e-01 1.73e-01h  1
  79 -9.6135629e-02 1.18e+05 8.63e+05  -1.0 8.14e+00   2.2 9.63e-02 5.22e-03h  1
iter    objective    inf_pr   inf_du lg(mu)  ||d||  lg(rg) alpha_du alpha_pr  ls
  80 -9.6316780e-02 1.09e+05 9.90e+05  -1.0 7.90e+00   2.6 6.83e-02 4.67e-02h  1
  81 -9.6432214e-02 1.04e+05 8.59e+05  -1.0 7.27e+00   3.0 3.69e-02 3.15e-02h  1
  82 -9.6508515e-02 1.00e+05 8.38e+05  -1.0 9.32e+00   2.6 4.92e-02 2.14e-02h  1
  83 -9.6510609e-02 1.00e+05 8.37e+05  -1.0 7.42e+00   3.0 1.02e-02 6.00e-04h  1
  84 -9.6635739e-02 9.56e+04 7.55e+05  -1.0 9.48e+00   2.5 1.04e-02 3.58e-02h  1
  85 -9.6737409e-02 9.17e+04 6.38e+05  -1.0 8.66e+00   2.9 1.17e-02 3.02e-02h  1
  86 -9.6874238e-02 8.71e+04 5.53e+05  -1.0 1.02e+01   2.5 3.20e-03 4.19e-02h  1
  87 -9.6881892e-02 8.68e+04 5.51e+05  -1.0 8.67e+00   2.9 1.70e-02 2.45e-03h  1
  88 -9.6936595e-02 8.50e+04 4.82e+05  -1.0 8.11e+00   3.3 1.15e-01 1.76e-02h  1
  89 -9.7290047e-02 7.26e+04 5.09e+05  -1.0 9.25e+00   2.8 3.88e-02 1.15e-01h  1
iter    objective    inf_pr   inf_du lg(mu)  ||d||  lg(rg) alpha_du alpha_pr  ls
  90 -9.7483620e-02 6.71e+04 1.17e+06  -1.0 7.30e+00   3.3 1.03e-01 7.14e-02h  1
  91 -9.7494901e-02 6.68e+04 1.16e+06  -1.0 8.13e+00   2.8 8.67e-01 4.48e-03h  1
  92 -9.7517431e-02 6.60e+04 1.15e+06  -1.0 2.66e+01   2.3 1.45e-01 8.99e-03h  1
  93 -9.7666435e-02 6.28e+04 1.02e+06  -1.0 7.76e+00   2.7 9.90e-01 6.00e-02h  1
  94 -9.8116465e-02 5.30e+04 7.40e+05  -1.0 1.02e+01   2.3 2.96e-01 1.93e-01h  1
  95 -9.8143579e-02 5.21e+04 7.35e+05  -1.0 3.84e+00   2.7 6.86e-02 1.44e-02h  1
  96 -9.8189871e-02 5.11e+04 7.24e+05  -1.0 3.61e+00   3.1 3.70e-02 2.49e-02h  1
  97 -9.8190523e-02 5.11e+04 7.24e+05  -1.0 3.44e+00   2.6 3.95e-02 3.56e-04h  1
  98 -9.8331756e-02 5.04e+04 7.16e+05  -1.0 3.50e+00   3.1 1.17e-04 1.68e-02h  1
  99 -1.0130936e-01 4.69e+04 8.57e+05  -1.0 3.57e+00   2.6 3.91e-03 8.70e-02h  1
iter    objective    inf_pr   inf_du lg(mu)  ||d||  lg(rg) alpha_du alpha_pr  ls
 100 -1.0460460e-01 4.32e+04 9.48e+05  -1.0 3.13e+00   3.0 1.71e-01 9.95e-02h  1
 101 -1.0498919e-01 4.27e+04 9.39e+05  -1.0 4.19e+01   2.5 2.31e-03 1.19e-02h  1
 102 -1.0518845e-01 4.26e+04 9.35e+05  -1.0 3.30e+00   2.0 3.27e-02 6.21e-03h  1
 103 -1.0801279e-01 3.97e+04 1.02e+06  -1.0 2.71e+00   2.5 1.63e-03 8.83e-02h  1
 104 -1.0856412e-01 3.89e+04 1.02e+06  -1.0 3.43e+00   2.0 7.80e-02 1.79e-02h  1
 105 -1.1031270e-01 3.70e+04 1.02e+06  -1.0 2.42e+00   2.4 6.17e-04 5.72e-02h  1
 106 -1.1037016e-01 3.69e+04 1.01e+06  -1.0 5.85e+00   1.9 1.62e-01 1.93e-03h  1
 107 -1.1460919e-01 3.20e+04 1.15e+06  -1.0 6.32e+00   2.4 2.25e-02 1.42e-01h  1
 108 -1.1557063e-01 3.12e+04 1.12e+06  -1.0 7.05e+00   2.8 4.46e-02 3.47e-02h  1
 109 -1.1789683e-01 2.83e+04 1.07e+06  -1.0 6.37e+00   2.3 1.55e-03 8.56e-02h  1
iter    objective    inf_pr   inf_du lg(mu)  ||d||  lg(rg) alpha_du alpha_pr  ls
 110 -1.2023410e-01 2.59e+04 1.03e+06  -1.0 5.19e+00   2.7 1.85e-02 9.03e-02h  1
 111 -1.2054805e-01 2.54e+04 1.02e+06  -1.0 4.36e+00   2.3 2.54e-01 1.28e-02h  1
 112 -1.2235953e-01 2.32e+04 9.67e+05  -1.0 4.20e+00   2.7 9.57e-02 7.44e-02h  1
 113 -1.2261088e-01 2.29e+04 9.57e+05  -1.0 3.69e+00   3.1 4.39e-04 1.08e-02h  1
 114 -1.2384633e-01 2.17e+04 9.37e+05  -1.0 3.19e+00   3.5 1.00e-02 5.35e-02h  1
 115 -1.2462923e-01 2.08e+04 9.09e+05  -1.0 3.13e+00   3.1 7.92e-03 3.51e-02h  1
 116 -1.2470676e-01 2.07e+04 9.06e+05  -1.0 2.92e+00   3.5 3.37e-02 3.56e-03h  1
 117 -1.2609628e-01 1.91e+04 8.59e+05  -1.0 3.01e+00   3.0 1.24e-03 6.39e-02h  1
 118 -1.2614656e-01 1.91e+04 8.57e+05  -1.0 2.92e+00   3.4 1.79e-02 2.41e-03h  1
 119 -1.2768072e-01 1.72e+04 8.05e+05  -1.0 3.04e+00   3.0 2.04e-03 7.38e-02h  1
iter    objective    inf_pr   inf_du lg(mu)  ||d||  lg(rg) alpha_du alpha_pr  ls
 120 -1.2771933e-01 1.71e+04 8.03e+05  -1.0 2.78e+00   3.4 4.36e-02 1.95e-03h  1
 121 -1.2900266e-01 1.54e+04 7.57e+05  -1.0 2.82e+00   2.9 2.87e-03 6.51e-02h  1
 122 -1.2904097e-01 1.53e+04 7.55e+05  -1.0 2.63e+00   3.3 6.78e-02 2.03e-03h  1
 123 -1.3008246e-01 1.38e+04 7.16e+05  -1.0 2.65e+00   2.9 2.12e-03 5.54e-02h  1
 124 -1.3012973e-01 1.37e+04 7.14e+05  -1.0 2.55e+00   3.3 2.40e-01 2.62e-03h  1
 125 -1.3130378e-01 1.19e+04 6.69e+05  -1.0 2.54e+00   2.8 1.35e-02 6.52e-02h  1
 126 -1.3142762e-01 1.18e+04 6.64e+05  -1.0 2.37e+00   3.2 5.26e-02 7.22e-03h  1
 127 -1.3217942e-01 1.05e+04 6.35e+05  -1.0 2.34e+00   2.8 2.41e-01 4.40e-02h  1
 128 -1.3282075e-01 9.71e+03 6.10e+05  -1.0 2.24e+00   3.2 8.92e-02 3.89e-02h  1
 129 -1.3365409e-01 8.25e+03 5.79e+05  -1.0 2.16e+00   2.7 6.97e-02 5.20e-02h  1
iter    objective    inf_pr   inf_du lg(mu)  ||d||  lg(rg) alpha_du alpha_pr  ls
 130 -1.3405158e-01 7.71e+03 5.64e+05  -1.0 2.01e+00   3.1 9.08e-03 2.58e-02h  1
 131 -1.3464314e-01 6.57e+03 5.41e+05  -1.0 1.95e+00   2.7 2.56e-01 3.92e-02h  1
 132 -1.3538230e-01 5.54e+03 5.14e+05  -1.0 1.87e+00   3.1 6.24e-02 5.06e-02h  1
 133 -1.3636912e-01 3.62e+03 4.78e+05  -1.0 2.28e+00   2.6 6.78e-02 7.03e-02h  1
 134 -1.3703494e-01 2.69e+03 4.54e+05  -1.0 1.65e+00   3.0 2.58e-01 5.03e-02h  1
 135 -1.3801289e-01 8.33e+02 4.19e+05  -1.0 1.56e+00   2.6 1.05e-01 7.70e-02h  1
 136 -1.3889904e-01 3.40e+00 3.88e+05  -1.0 1.44e+00   3.0 1.87e-01 7.45e-02h  1
 137 -1.4021534e-01 3.00e+00 3.42e+05  -1.0 1.34e+00   2.5 1.23e-02 1.18e-01h  1
 138 -1.4037248e-01 2.96e+00 3.36e+05  -1.0 1.18e+00   2.9 1.38e-01 1.56e-02h  1
 139 -1.4408515e-01 1.88e+00 2.09e+05  -1.0 1.18e+00   2.5 1.64e-01 3.75e-01h  1
iter    objective    inf_pr   inf_du lg(mu)  ||d||  lg(rg) alpha_du alpha_pr  ls
 140 -1.4479347e-01 1.68e+00 1.86e+05  -1.0 7.77e-01   2.0 2.16e-01 1.07e-01h  1
 141 -1.4692987e-01 1.09e+00 1.19e+05  -1.0 6.78e-01   2.4 1.55e-01 3.57e-01h  1
 142 -1.4915504e-01 4.90e-01 6.61e+04  -1.0 4.72e-01   1.9 6.25e-01 5.57e-01h  1
 143 -1.5102788e-01 3.72e-02 1.74e+04  -1.0 2.35e-01   2.4 3.87e-01 1.00e+00h  1
 144 -1.5107384e-01 1.40e-03 2.07e+04  -1.0 8.04e-02   1.9 6.67e-01 1.00e+00f  1
 145 -1.5114175e-01 2.34e-03 4.51e+03  -1.0 1.35e-01   1.4 7.82e-01 1.00e+00f  1
 146 -1.5147244e-01 4.92e-03 2.71e+03  -1.0 5.72e-02   0.9 3.98e-01 1.00e+00f  1
 147 -1.5206489e-01 1.50e-02 1.14e+03  -1.0 1.09e-01   0.4 5.78e-01 1.00e+00f  1
 148 -1.5368709e-01 4.57e-02 5.36e+02  -1.0 2.22e-01  -0.0 5.32e-01 1.00e+00f  1
 149 -1.5411583e-01 1.36e+01 4.20e+02  -1.0 7.04e+01  -0.5 2.15e-01 4.69e-02f  1
iter    objective    inf_pr   inf_du lg(mu)  ||d||  lg(rg) alpha_du alpha_pr  ls
 150 -1.5847255e-01 3.17e+00 1.70e+02  -1.0 1.34e+00  -0.1 5.96e-01 1.00e+00f  1
 151 -1.5882129e-01 2.94e+00 1.05e+02  -1.0 6.41e+00  -0.6 8.73e-01 7.58e-02f  1
 152 -1.6089705e-01 1.39e+00 9.96e+02  -1.0 1.15e+00  -0.1 7.81e-01 1.00e+00f  1
 153 -1.6138445e-01 4.71e+00 2.07e+03  -1.0 2.38e+00   0.3 5.61e-01 6.81e-01h  1
 154 -1.6148487e-01 9.73e-01 1.83e+01  -1.0 9.78e-01   0.7 9.97e-01 1.00e+00f  1
 155 -1.6219856e-01 1.27e-01 2.27e+01  -1.0 3.48e-01   0.2 1.00e+00 1.00e+00f  1
 156 -1.6371876e-01 1.42e-01 1.97e+01  -1.0 3.33e-01  -0.2 1.00e+00 1.00e+00f  1
 157 -1.6387357e-01 1.69e-02 2.57e+00  -1.0 1.26e-01   0.2 1.00e+00 1.00e+00h  1
 158 -1.6415914e-01 8.33e-03 5.15e+00  -1.7 8.07e-02  -0.3 1.00e+00 1.00e+00h  1
 159 -1.6510686e-01 5.26e-02 1.00e+00  -1.7 2.08e-01  -0.8 1.00e+00 1.00e+00f  1
iter    objective    inf_pr   inf_du lg(mu)  ||d||  lg(rg) alpha_du alpha_pr  ls
 160 -1.6716586e-01 3.66e+00 1.63e+01  -1.7 1.57e+00  -1.2 1.00e+00 1.00e+00f  1
 161 -1.6668777e-01 7.18e-01 1.26e+00  -1.7 7.47e-01  -0.8 1.00e+00 1.00e+00h  1
 162 -1.6821655e-01 2.42e+00 2.76e+01  -1.7 1.89e+00  -1.3 1.00e+00 6.34e-01h  1
 163 -1.6830109e-01 4.33e-01 3.49e+01  -1.7 6.47e-01  -0.9 6.67e-01 1.00e+00h  1
 164 -1.6861898e-01 5.47e-02 1.33e+01  -1.7 2.34e-01  -0.4 1.00e+00 1.00e+00h  1
 165 -1.6951652e-01 1.94e-01 3.73e+00  -1.7 4.13e-01  -0.9 1.00e+00 1.00e+00h  1
 166 -1.6959822e-01 1.89e-02 6.45e+00  -1.7 1.88e-01  -0.5 7.57e-01 1.00e+00h  1
 167 -1.7034579e-01 1.62e-01 7.99e+00  -1.7 3.23e-01  -1.0 1.00e+00 1.00e+00h  1
 168 -1.7046732e-01 2.28e-02 6.14e-01  -1.7 1.45e-01  -0.5 1.00e+00 1.00e+00h  1
 169 -1.7124893e-01 3.46e-01 5.53e+00  -1.7 5.21e-01  -1.0 1.00e+00 1.00e+00h  1
iter    objective    inf_pr   inf_du lg(mu)  ||d||  lg(rg) alpha_du alpha_pr  ls
 170 -1.7139779e-01 3.16e-02 8.73e-01  -1.7 1.72e-01  -0.6 1.00e+00 1.00e+00h  1
 171 -1.7224292e-01 5.60e-01 1.45e+01  -1.7 5.99e-01  -1.1 1.00e+00 1.00e+00h  1
 172 -2.1505035e-01 1.83e+00 2.59e+02  -1.7 7.66e+00    -  5.11e-01 1.00e+00f  1
 173 -2.0985404e-01 3.72e+00 5.10e-01  -1.7 1.58e+00  -1.5 1.00e+00 1.00e+00h  1
 174 -2.4155829e-01 1.06e+02 9.45e+01  -1.7 9.90e+00    -  7.85e-01 1.00e+00f  1
 175 -2.1970122e-01 2.64e+01 2.14e+00  -1.7 4.90e+00  -1.1 1.00e+00 1.00e+00h  1
 176 -2.1482145e-01 8.46e+00 7.15e+01  -1.7 5.68e+00    -  7.63e-01 1.00e+00h  1
 177 -2.1449955e-01 2.67e+00 2.26e+01  -1.7 1.37e+01    -  6.58e-01 8.74e-01h  1
 178 -2.1451326e-01 4.95e-01 8.92e-03  -1.7 6.93e+00    -  1.00e+00 1.00e+00h  1
 179 -2.1440285e-01 4.46e-02 1.30e-03  -1.7 2.46e+00    -  1.00e+00 1.00e+00h  1
iter    objective    inf_pr   inf_du lg(mu)  ||d||  lg(rg) alpha_du alpha_pr  ls
 180 -2.1594961e-01 5.65e-04 1.45e-01  -2.5 4.70e-02    -  1.00e+00 1.00e+00h  1
 181 -2.2442635e-01 3.29e-03 1.06e-02  -2.5 2.54e-01    -  1.00e+00 1.00e+00h  1
 182 -2.3360681e-01 4.58e-03 1.03e+02  -3.8 2.99e-01    -  9.39e-01 1.00e+00h  1
 183 -2.8122217e-01 1.00e-01 2.65e-01  -3.8 2.90e+00    -  1.00e+00 8.96e-01h  1
 184 -2.8081201e-01 3.46e-03 2.12e-02  -3.8 2.16e+00    -  1.00e+00 1.00e+00h  1
 185 -2.8036825e-01 8.72e-06 3.15e-02  -3.8 2.13e-01    -  1.00e+00 1.00e+00h  1
 186 -2.8038694e-01 5.09e-08 1.75e-03  -3.8 2.40e-02    -  1.00e+00 1.00e+00h  1
 187 -2.8038626e-01 3.99e-11 3.84e-06  -3.8 5.93e-04    -  1.00e+00 1.00e+00h  1
 188 -3.0095087e-01 1.12e-02 2.34e+01  -5.7 4.04e+00    -  7.16e-01 9.64e-01f  1
 189 -3.1029903e-01 3.08e+02 9.32e+00  -5.7 8.33e+00    -  6.11e-01 6.77e-01h  1
iter    objective    inf_pr   inf_du lg(mu)  ||d||  lg(rg) alpha_du alpha_pr  ls
 190 -3.1017105e-01 3.42e+02 9.30e+00  -5.7 6.86e-02  -1.6 2.13e-02 1.79e-01h  1
 191 -3.0940180e-01 1.23e-04 9.94e+00  -5.7 9.23e-02  -2.1 2.60e-02 1.00e+00h  1
 192 -3.0965418e-01 3.56e-04 3.05e+00  -5.7 2.95e-02  -2.6 9.74e-01 5.48e-01h  1
 193 -3.0981251e-01 6.41e-05 1.52e+02  -5.7 1.60e-02  -2.1 4.54e-03 1.00e+00f  1
 194 -3.1017796e-01 5.83e-05 7.74e+00  -5.7 3.04e-02  -2.6 1.00e+00 1.00e+00h  1
 195 -3.1055361e-01 4.61e-05 2.45e+00  -5.7 8.75e-02  -3.1 1.00e+00 7.20e-01h  1
 196 -3.1105265e-01 5.52e-05 1.16e+00  -5.7 1.97e-01  -3.6 8.40e-01 5.40e-01f  1
 197 -3.1165239e-01 8.20e-05 5.67e-01  -5.7 3.91e-01  -4.0 9.84e-01 5.11e-01f  1
 198 -3.1196543e-01 4.26e-05 4.17e-03  -5.7 1.31e-01  -3.6 1.00e+00 1.00e+00f  1
 199 -3.1207124e-01 5.97e-06 8.12e-05  -5.7 4.09e-02  -3.2 1.00e+00 1.00e+00h  1
iter    objective    inf_pr   inf_du lg(mu)  ||d||  lg(rg) alpha_du alpha_pr  ls
 200 -3.1232696e-01 1.18e-04 1.18e-04  -5.7 9.27e-02  -3.7 1.00e+00 1.00e+00h  1
 201 -3.1240237e-01 3.04e-05 3.38e-05  -5.7 3.05e-02  -3.2 1.00e+00 1.00e+00h  1
 202 -3.1268111e-01 1.80e+02 1.49e-02  -5.7 1.09e-01  -3.7 1.00e+00 1.00e+00h  1
 203 -3.1367336e-01 1.95e+02 3.72e-02  -5.7 1.77e+02    -  2.11e-02 2.11e-02h  1
 204 -3.1460131e-01 1.77e+02 7.22e-02  -5.7 3.30e+01    -  3.92e-02 5.85e-02h  1
 205 -3.1546824e-01 1.37e+02 1.22e-01  -5.7 1.11e+01    -  5.18e-02 1.39e-01h  1
 206 -3.1573089e-01 9.67e+01 8.49e-02  -5.7 5.42e+00    -  1.89e-01 2.44e-01h  1
 207 -3.1569340e-01 3.54e+01 6.80e-02  -5.7 3.28e+00    -  9.02e-01 5.04e-01h  1
 208 -3.1570735e-01 9.06e-04 4.51e-03  -5.7 8.42e-01    -  1.00e+00 1.00e+00h  1
 209 -3.1570137e-01 4.00e-05 1.78e-04  -5.7 1.36e-01    -  1.00e+00 1.00e+00h  1
iter    objective    inf_pr   inf_du lg(mu)  ||d||  lg(rg) alpha_du alpha_pr  ls
 210 -3.1570099e-01 4.47e-08 1.44e-07  -5.7 2.46e-03    -  1.00e+00 1.00e+00h  1
 211 -3.1608617e-01 1.17e-01 1.00e-01  -7.0 1.22e+00    -  7.60e-01 6.69e-01h  1
 212 -3.1623385e-01 7.16e-06 7.10e-03  -7.0 1.14e+00    -  7.83e-01 8.62e-01h  1
 213 -3.1625587e-01 2.57e-07 8.24e-06  -7.0 3.23e-01    -  1.00e+00 1.00e+00h  1
 214 -3.1625589e-01 1.51e-09 1.66e-06  -7.0 1.70e-02    -  1.00e+00 1.00e+00h  1
 215 -3.1625589e-01 4.16e-12 6.41e-09  -7.0 2.38e-04    -  1.00e+00 1.00e+00h  1

Number of Iterations....: 215

                                   (scaled)                 (unscaled)
Objective...............:  -3.1625588608387545e-01   -3.1625588608387545e-01
Dual infeasibility......:   6.4056623894082065e-09    6.4056623894082065e-09
Constraint violation....:   4.1604497624803116e-12    4.1604497624803116e-12
Variable bound violation:   0.0000000000000000e+00    0.0000000000000000e+00
Complementarity.........:   9.0924071602934920e-08    9.0924071602934920e-08
Overall NLP error.......:   9.0924071602934920e-08    9.0924071602934920e-08


Number of objective function evaluations             = 226
Number of objective gradient evaluations             = 216
Number of equality constraint evaluations            = 226
Number of inequality constraint evaluations          = 226
Number of equality constraint Jacobian evaluations   = 218
Number of inequality constraint Jacobian evaluations = 218
Number of Lagrangian Hessian evaluations             = 215
Total seconds in IPOPT                               = 179.142

EXIT: Optimal Solution Found.
      solver  :   t_proc      (avg)   t_wall      (avg)    n_eval
       nlp_f  |   2.67ms ( 11.81us)   3.01ms ( 13.33us)       226
       nlp_g  |   3.04 s ( 13.44ms)   4.42 s ( 19.57ms)       226
  nlp_grad_f  |   9.90ms ( 45.64us)  13.97ms ( 64.37us)       217
  nlp_hess_l  |  91.30 s (428.64ms) 130.99 s (614.96ms)       213
   nlp_jac_g  |  26.02 s (118.83ms)  36.55 s (166.90ms)       219
       total  | 125.67 s (125.67 s) 179.15 s (179.15 s)         1
[Optimizer] SUCCESS: Optimal solution found in 196.50s.

[96m================================================================================[0m
[1m VARIABLE SCALING CHECK                                  [0m[2m[SOURCE: OPTIMIZER][0m
[96m================================================================================[0m
[1mVariable   | Component  | Range (Scaled)       | Mean     | Status[0m
[96m-----------------------------------------------------------------[0m
T1         | Time       | 0.1899               | 0.1899   | [92mOK[0m
T3         | Time       | 0.5524               | 0.5524   | [92mOK[0m
X1         | Position   | [0.9994, 1.0117]   | 1.0032   | [92mOK[0m
           | Velocity   | [0.0529, 0.4002]   | 0.1652   | [92mOK[0m
           | Mass       | [1.5750, 4.9750]   | 3.2615   | [92mOK[0m
X3         | Position   | [1.0117, 1.0658]   | 1.0464   | [92mOK[0m
           | Velocity   | [0.4002, 0.9680]   | 0.6546   | [92mOK[0m
           | Mass       | [0.3163, 1.3000]   | 0.7060   | [92mOK[0m
U1         | Throttle   | [0.7401, 1.0000]   | 0.9569   | [92mOK[0m
           | Direction  | [1.0000, 1.0000]   | 1.0000   | [92mOK[0m
U3         | Throttle   | [0.4001, 0.9999]   | 0.5599   | [92mOK[0m
           | Direction  | [1.0000, 1.0000]   | 1.0000   | [92mOK[0m
[96m-----------------------------------------------------------------[0m
  * Ideal scaling is O(1) (0.1 to 10.0).
  * 'WARN' indicates potential numerical stiffness for IPOPT.
========================================


[96m================================================================================[0m
[1m GUIDANCE VS OPTIMALITY CHECK                            [0m[2m[SOURCE: GUESS VS OPT][0m
[96m================================================================================[0m
  MECO Time:   Guess=145.4s, Opt=153.2s (Diff: +7.7s)
  Final Mass:  Guess=99,850kg (Depletion), Opt=316,256kg (Insertion)
  >>> [92m✅ INFO: Optimizer found a solution with 216,406 kg of fuel remaining.[0m
      (The initial guess burned all fuel; the optimizer cut the engine early at orbit insertion.)
========================================

[Optimizer] Total optimization time: 211.39s

[Simulation] Starting Verification Simulation (rtol=1e-09, atol=1e-12)...
  > Control Reconstruction (Phase 1): Max Error = 0.0e+00
  > Control Reconstruction (Phase 3): Max Error = 0.0e+00
[Simulation] Phase 1 (Boost): 0.0s -> 153.15s
  [Liftoff Check]
  [Force Diag] Mass: 4975.0t | Alt: 0.0km
  [Force Diag] G-Force: 48843.0 kN | Net Force: 25731.2 kN
  [Force Diag] Accel:   5.17 m/s^2 (0.53 g)
  > Integrator: 1347 steps, Success=True, Msg='The solver successfully reached the end of the integration interval.'
[Simulation] Phase 1 End: Ellipsoid alt=78.7km, Vel=3165.6m/s
[Debug] MECO Drift: Pos=0.2m, Mass=0.07kg
  [MECO Check]
  [Force Diag] Mass: 1575.0t | Alt: 78.7km
  [Force Diag] G-Force: 15087.9 kN | Net Force: 54034.3 kN
  [Force Diag] Accel:   34.31 m/s^2 (3.50 g)
[Simulation] Phase 3 (Ship): 153.15s -> 598.56s
  [Staging Check]
  [Force Diag] Mass: 1300.0t | Alt: 78.7km
  [Force Diag] G-Force: 12453.5 kN | Net Force: 12746.8 kN
  [Force Diag] Accel:   9.81 m/s^2 (1.00 g)
  > Integrator: 1514 steps, Success=True, Msg='The solver successfully reached the end of the integration interval.'
[Simulation] Phase 3 End: Ellipsoid alt=423.4km, Vel=7657.3m/s
[Debug] SECO Drift: Pos=0.00km, Mass=-0.06kg
  [Injection Check]
  [Force Diag] Mass: 316.3t | Alt: 423.4km
  [Force Diag] G-Force: 2729.8 kN | Net Force: 7088.1 kN
  [Force Diag] Accel:   22.41 m/s^2 (2.29 g)
[Trial Log] status=MISSION_OK
