[Trial Log] trial=3 label=time_plus
[Trial Log] path=tmp/review_multistart_logic/logs/03_time_plus.log
[Vehicle] Initializing vehicle dynamics model: SpaceX Starship IFT-6 (Booster 13 / Ship 31)

[Optimizer] Setting up CasADi problem for SpaceX Starship IFT-6 (Booster 13 / Ship 31)...
[Optimizer] Target Inclination not set. Defaulting to absolute Launch Latitude (26.00 deg) for min-energy orbit.
[Optimizer] Using external warm-start guess...
[Optimizer] External guess loaded in 0.00s
[Optimizer] Guidance Guess Summary:
  MECO: T=147.6s, Alt=103.0km, Vel=3072.0m/s
  SECO: T=306.5s, Alt=587.9km, Vel=11790.4m/s
[Optimizer] Starting IPOPT solver (Max Iter=2000)...

[96m================================================================================[0m
[1m OPTIMIZATION STRUCTURE (JACOBIAN)                       [0m[2m[SOURCE: CASADI][0m
[96m================================================================================[0m
  Constraints: 4506
  Variables:   3096
  Non-zeros:   38998
  Density:     0.2795%
  >>> [92m✅ SUCCESS: Jacobian is sparse (Expected for Direct Collocation).[0m
========================================

This is Ipopt version 3.14.11, running with linear solver MUMPS 5.4.1.

Number of nonzeros in equality constraint Jacobian...:    24678
Number of nonzeros in inequality constraint Jacobian.:    14320
Number of nonzeros in Lagrangian Hessian.............:    23236

Total number of variables............................:     3096
                     variables with only lower bounds:        0
                variables with lower and upper bounds:        0
                     variables with only upper bounds:        0
Total number of equality constraints.................:     2258
Total number of inequality constraints...............:     2248
        inequality constraints with only lower bounds:      844
   inequality constraints with lower and upper bounds:        0
        inequality constraints with only upper bounds:     1404

iter    objective    inf_pr   inf_du lg(mu)  ||d||  lg(rg) alpha_du alpha_pr  ls
   0 -1.0015000e-01 1.07e+02 1.00e+00  -1.0 0.00e+00    -  0.00e+00 0.00e+00   0
   1 -1.0015083e-01 2.87e+05 1.99e+00  -1.0 3.48e+07    -  9.95e-02 1.38e-05h 15
   2 -1.0744927e-01 2.40e+05 6.59e+01  -1.0 2.40e+02  -4.0 5.08e-02 1.68e-01h  1
   3 -1.0851108e-01 2.28e+05 9.38e+01  -1.0 2.20e+02   0.0 1.74e-01 5.32e-02h  1
   4 -1.0673177e-01 1.96e+05 1.14e+02  -1.0 2.14e+02  -0.4 1.96e-01 1.43e-01h  1
   5 -9.4446230e-02 1.69e+05 2.56e+02  -1.0 1.99e+02  -0.0 1.23e-01 1.44e-01h  1
   6 -9.4326286e-02 1.69e+05 9.56e+02  -1.0 1.84e+02   0.4 2.48e-01 2.20e-03h  1
   7 -9.5066933e-02 1.48e+05 7.69e+03  -1.0 1.84e+02   0.8 5.57e-01 1.29e-01h  1
   8 -9.5149120e-02 1.45e+05 1.08e+04  -1.0 1.72e+02   2.2 2.66e-02 1.83e-02h  1
   9 -9.5150383e-02 1.45e+05 1.05e+04  -1.0 2.16e+02   2.6 1.25e-03 2.58e-04h  1
iter    objective    inf_pr   inf_du lg(mu)  ||d||  lg(rg) alpha_du alpha_pr  ls
  10 -9.5201030e-02 1.43e+05 8.14e+03  -1.0 1.71e+02   2.1 4.28e-03 1.06e-02h  1
  11 -9.5498791e-02 1.35e+05 9.81e+03  -1.0 1.70e+02   1.6 7.94e-02 6.22e-02h  1
  12 -9.5614564e-02 1.31e+05 2.07e+04  -1.0 1.65e+02   2.1 5.67e-02 2.58e-02h  1
  13 -9.5656696e-02 1.30e+05 2.03e+04  -1.0 1.63e+02   2.5 9.40e-03 9.66e-03h  2
  14 -9.5739144e-02 1.27e+05 1.98e+04  -1.0 1.62e+02   2.0 1.87e-02 1.90e-02h  2
  15 -9.5780732e-02 1.26e+05 6.10e+04  -1.0 1.60e+02   2.4 5.58e-02 9.79e-03h  2
  16 -9.5845387e-02 1.24e+05 5.66e+04  -1.0 1.59e+02   2.0 2.16e-03 1.53e-02h  3
  17 -9.5848288e-02 1.24e+05 8.28e+04  -1.0 1.58e+02   2.4 3.40e-02 6.99e-04h  7
  18 -9.6119703e-02 1.16e+05 6.51e+04  -1.0 1.58e+02   1.9 7.52e-03 6.54e-02h  1
  19 -9.6200860e-02 1.14e+05 6.38e+04  -1.0 1.53e+02   2.3 1.71e-02 2.09e-02h  1
iter    objective    inf_pr   inf_du lg(mu)  ||d||  lg(rg) alpha_du alpha_pr  ls
  20 -9.6208328e-02 1.14e+05 1.31e+05  -1.0 1.51e+02   3.7 6.43e-03 2.00e-03h  1
  21 -9.6253618e-02 1.12e+05 6.76e+04  -1.0 1.51e+02   3.2 1.67e-04 1.20e-02h  1
  22 -9.6315393e-02 1.10e+05 4.36e+04  -1.0 1.50e+02   2.7 8.43e-04 1.65e-02h  1
  23 -9.6328039e-02 1.10e+05 1.18e+05  -1.0 1.49e+02   3.1 1.95e-02 3.44e-03h  1
  24 -9.6446168e-02 1.07e+05 6.27e+04  -1.0 1.49e+02   2.7 7.89e-04 3.22e-02h  1
  25 -9.6480855e-02 1.05e+05 3.97e+05  -1.0 1.46e+02   3.1 8.59e-02 9.77e-03h  1
  26 -9.6510949e-02 1.05e+05 5.56e+05  -1.0 1.46e+02   3.5 2.28e-02 8.56e-03h  1
  27 -9.6548548e-02 1.03e+05 2.62e+06  -1.0 1.45e+02   3.9 7.76e-02 1.08e-02h  1
  28 -9.6557087e-02 1.03e+05 2.62e+06  -1.0 1.44e+02   3.5 2.38e-03 2.47e-03h  1
  29 -9.6577324e-02 1.03e+05 2.66e+06  -1.0 4.36e+02   3.0 1.04e-03 5.88e-03h  1
iter    objective    inf_pr   inf_du lg(mu)  ||d||  lg(rg) alpha_du alpha_pr  ls
  30 -9.6694943e-02 9.91e+04 2.32e+06  -1.0 1.44e+02   3.4 5.50e-04 3.44e-02h  1
  31 -9.6717666e-02 9.84e+04 3.27e+06  -1.0 1.41e+02   3.8 4.67e-02 6.88e-03h  1
  32 -9.6798436e-02 9.60e+04 3.93e+06  -1.0 1.41e+02   3.4 1.53e-01 2.46e-02h  1
  33 -9.6922139e-02 9.23e+04 1.44e+07  -1.0 1.39e+02   3.8 9.67e-03 3.86e-02h  1
  34 -9.6937367e-02 9.19e+04 1.43e+07  -1.0 1.36e+02   4.2 4.26e-02 4.95e-03h  1
  35 -9.6992896e-02 9.02e+04 1.40e+07  -1.0 1.36e+02   3.7 1.69e-03 1.81e-02h  1
  36 -9.6995351e-02 9.01e+04 1.40e+07  -1.0 1.35e+02   5.1 4.70e-03 8.17e-04h  1
  37 -9.7025442e-02 8.92e+04 1.39e+07  -1.0 1.35e+02   4.6 1.41e-02 1.00e-02h  1
  38 -9.7028498e-02 8.91e+04 1.39e+07  -1.0 1.34e+02   5.0 2.64e-03 1.03e-03h  1
  39 -9.7045692e-02 8.86e+04 1.38e+07  -1.0 1.34e+02   5.4 1.65e-03 5.80e-03h  1
iter    objective    inf_pr   inf_du lg(mu)  ||d||  lg(rg) alpha_du alpha_pr  ls
  40 -9.7054571e-02 8.84e+04 1.37e+07  -1.0 1.34e+02   5.0 6.02e-03 3.01e-03h  1
  41 -9.7071529e-02 8.79e+04 1.37e+07  -1.0 1.33e+02   4.5 1.80e-04 5.76e-03h  1
  42 -9.7079432e-02 8.76e+04 1.36e+07  -1.0 3.39e+02   4.0 6.63e-05 2.70e-03h  1
  43 -9.7080762e-02 8.76e+04 1.36e+07  -1.0 1.33e+02   5.3 4.90e-03 4.56e-04h  1
  44 -9.7112051e-02 8.66e+04 1.35e+07  -1.0 1.33e+02   4.9 1.55e-03 1.07e-02h  1
  45 -9.7117071e-02 8.65e+04 1.35e+07  -1.0 1.32e+02   4.4 3.62e-02 1.74e-03h  1
  46 -9.7280897e-02 8.16e+04 1.26e+07  -1.0 1.32e+02   4.8 3.37e-04 5.68e-02h  1
  47 -9.7298105e-02 8.11e+04 1.26e+07  -1.0 1.28e+02   5.2 2.17e-05 6.33e-03h  1
  48 -9.7356485e-02 7.94e+04 1.35e+07  -1.0 1.28e+02   4.8 1.14e-02 2.16e-02h  1
  49 -9.7357363e-02 7.94e+04 1.23e+07  -1.0 1.26e+02   5.2 5.70e-03 3.32e-04h  1
iter    objective    inf_pr   inf_du lg(mu)  ||d||  lg(rg) alpha_du alpha_pr  ls
  50 -9.7360035e-02 7.93e+04 1.23e+07  -1.0 1.26e+02   5.6 1.37e-04 1.01e-03h  1
  51 -9.7387134e-02 7.85e+04 1.59e+07  -1.0 1.26e+02   5.1 1.91e-03 1.03e-02h  1
  52 -9.7387830e-02 7.84e+04 1.21e+07  -1.0 1.26e+02   6.5 2.47e-03 2.66e-04h  1
  53 -9.7391357e-02 7.83e+04 2.26e+07  -1.0 1.26e+02   6.9 3.13e-04 1.35e-03h  1
  54 -9.7411243e-02 7.77e+04 7.91e+07  -1.0 1.26e+02   6.4 4.83e-04 7.62e-03h  1
  55 -9.7417424e-02 7.76e+04 2.87e+07  -1.0 1.25e+02   5.9 2.83e-02 2.39e-03h  1
  56 -9.7439100e-02 7.69e+04 2.84e+07  -1.0 1.25e+02   5.5 8.62e-04 8.39e-03h  1
  57 -9.7439742e-02 7.69e+04 2.84e+07  -1.0 1.24e+02   5.9 3.89e-06 2.51e-04f  1
  58r-9.7439742e-02 7.69e+04 1.00e+03   4.9 0.00e+00   6.3 0.00e+00 3.14e-07R  4
  59r-9.6763726e-02 3.08e+05 2.45e+03   4.9 7.68e+07    -  8.62e-06 1.79e-05f  1
iter    objective    inf_pr   inf_du lg(mu)  ||d||  lg(rg) alpha_du alpha_pr  ls
  60r-1.7049806e-01 1.42e+05 1.35e+07   2.8 3.00e+00   4.0 2.82e-01 1.00e+00f  1
  61r-2.0726615e-01 6.11e+05 3.54e+10   2.8 2.44e+00   7.1 6.11e-01 7.97e-01h  1
MUMPS returned INFO(1) = -9 and requires more memory, reallocating.  Attempt 1
  Increasing icntl[13] from 1000 to 2000.
  62r-2.2998393e-01 7.55e+04 1.22e+10   2.8 1.56e+00   9.4 1.00e+00 1.00e+00f  1
  63r-2.3260053e-01 7.55e+04 1.91e+10   2.8 1.32e+00   9.8 1.00e+00 1.00e+00h  1
  64r-2.3262914e-01 7.55e+04 4.22e+09   2.8 1.23e+00   9.3 4.76e-01 1.00e+00f  1
  65r-2.3262932e-01 7.55e+04 1.59e+09   2.8 1.08e+00   8.8 1.00e+00 1.00e+00h  1
  66r-2.3262987e-01 7.55e+04 3.24e+08   2.8 8.17e-01   8.4 1.00e+00 1.00e+00f  1
  67r-2.3263151e-01 7.55e+04 1.03e+08   2.8 6.38e-01   7.9 1.00e+00 1.00e+00h  1
  68r-2.3263642e-01 7.55e+04 2.58e+07   2.8 4.92e-01   7.4 1.00e+00 1.00e+00f  1
  69r-2.3265115e-01 7.55e+04 7.30e+06   2.8 4.10e-01   6.9 1.00e+00 1.00e+00f  1
iter    objective    inf_pr   inf_du lg(mu)  ||d||  lg(rg) alpha_du alpha_pr  ls
  70r-2.3269533e-01 7.55e+04 2.19e+06   2.8 3.49e-01   6.5 1.00e+00 1.00e+00f  1
  71r-2.3282758e-01 7.55e+04 6.30e+05   2.8 3.08e-01   6.0 1.00e+00 1.00e+00f  1
  72r-2.3322193e-01 7.55e+04 1.97e+05   2.8 2.77e-01   5.5 1.00e+00 1.00e+00f  1
  73r-2.3438410e-01 7.55e+04 5.87e+04   2.8 2.52e-01   5.0 1.00e+00 1.00e+00f  1
  74r-2.3770119e-01 7.55e+04 1.84e+04   2.8 2.32e-01   4.5 1.00e+00 1.00e+00f  1
  75r-2.4649862e-01 7.55e+04 5.88e+03   2.8 2.14e-01   4.1 1.00e+00 1.00e+00f  1
  76r-2.5052384e-01 7.55e+04 1.92e+03   2.1 3.40e-01   3.6 1.00e+00 1.00e+00f  1
  77r-2.6419836e-01 7.55e+04 1.54e+03   2.1 8.87e-01   3.1 1.00e+00 1.00e+00f  1
  78r-2.9497493e-01 7.55e+04 1.07e+03   2.1 2.46e+00   2.6 1.00e+00 1.00e+00f  1
  79r-2.9840906e-01 7.55e+04 1.08e+03   1.4 9.31e-01   3.1 1.00e+00 1.00e+00f  1
iter    objective    inf_pr   inf_du lg(mu)  ||d||  lg(rg) alpha_du alpha_pr  ls
  80r-3.0561648e-01 7.55e+04 1.03e+03   1.4 2.67e+00   2.6 1.00e+00 1.00e+00f  1
  81r-3.2505007e-01 7.55e+04 1.01e+03   1.4 7.91e+00   2.1 1.00e+00 1.00e+00f  1
  82r-3.3308986e-01 7.55e+04 1.02e+03   1.4 2.99e+00   2.5 1.00e+00 1.00e+00f  1
  83r-3.3354614e-01 7.55e+04 2.51e+03   1.4 1.87e-01   3.9 1.00e+00 1.00e+00f  1
  84r-3.3368081e-01 7.55e+04 6.54e+03   1.4 1.44e-01   4.3 1.00e+00 1.00e+00f  1
  85r-3.3373121e-01 7.55e+04 1.70e+04   1.4 1.40e-01   4.7 1.00e+00 1.00e+00f  1
  86r-3.3388226e-01 7.55e+04 5.46e+03   1.4 1.36e-01   4.2 1.00e+00 1.00e+00f  1
  87r-3.3433458e-01 7.55e+04 1.74e+03   1.4 2.19e-01   3.8 1.00e+00 1.00e+00f  1
  88r-3.3568429e-01 7.55e+04 1.09e+03   1.4 5.66e-01   3.3 1.00e+00 1.00e+00f  1
  89r-3.3967060e-01 7.55e+04 1.03e+03   1.4 1.61e+00   2.8 1.00e+00 1.00e+00f  1
iter    objective    inf_pr   inf_du lg(mu)  ||d||  lg(rg) alpha_du alpha_pr  ls
  90r-3.5112354e-01 7.55e+04 1.01e+03   1.4 4.75e+00   2.3 1.00e+00 1.00e+00f  1
  91r-3.5186569e-01 7.55e+04 1.20e+03   1.4 2.59e-01   3.7 1.00e+00 1.00e+00f  1
  92r-3.5351635e-01 7.55e+04 1.06e+03   1.4 6.99e-01   3.2 1.00e+00 1.00e+00f  1
  93r-3.5838856e-01 7.55e+04 1.02e+03   1.4 2.02e+00   2.7 1.00e+00 1.00e+00f  1
  94r-3.7235388e-01 7.55e+04 1.01e+03   1.4 5.99e+00   2.2 1.00e+00 1.00e+00f  1
  95r-3.8258468e-01 7.55e+04 1.01e+03   1.4 1.79e+01   1.8 1.00e+00 2.73e-01f  1
  96r-3.8294053e-01 7.55e+04 1.01e+03   1.4 8.63e-01   3.1 1.00e+00 1.50e-01f  1
  97r-3.8450468e-01 7.55e+04 1.01e+03   1.4 2.53e+00   2.6 1.00e+00 2.51e-01f  1
  98r-3.8502323e-01 7.55e+04 1.16e+03   1.4 1.36e-01   3.9 1.00e+00 1.00e+00f  1
  99r-3.8556687e-01 7.55e+04 1.02e+03   1.4 3.88e-01   3.5 1.00e+00 6.42e-01f  1
iter    objective    inf_pr   inf_du lg(mu)  ||d||  lg(rg) alpha_du alpha_pr  ls
 100r-3.8640837e-01 7.55e+04 1.02e+03   1.4 1.08e+00   3.0 1.00e+00 3.34e-01f  1
 101r-3.8800683e-01 7.55e+04 1.01e+03   1.4 3.20e+00   2.5 1.00e+00 2.16e-01f  1
 102r-3.9114389e-01 7.55e+04 1.01e+03   1.4 9.55e+00   2.0 1.00e+00 1.49e-01f  1
 103r-3.9700095e-01 7.55e+04 1.01e+03   1.4 2.86e+01   1.5 1.00e+00 1.07e-01f  1
 104r-4.0713117e-01 7.55e+04 1.00e+03   1.4 8.60e+01   1.1 1.00e+00 7.85e-02f  1
 105r-4.1977015e-01 7.55e+04 1.00e+03   1.4 3.20e+01   1.5 1.00e+00 1.77e-01f  1
 106r-4.5378710e-01 7.55e+04 1.00e+03   1.4 9.61e+01   1.0 1.00e+00 1.09e-01f  1
 107r-5.4719452e-01 7.55e+04 1.00e+03   1.4 3.60e+01   1.4 1.00e+00 1.92e-01f  1
 108r-5.5889324e-01 7.55e+04 4.14e+03   1.4 3.72e-01   3.7 1.00e+00 1.00e+00f  1
 109r-5.6101123e-01 7.55e+04 1.42e+03   1.4 7.28e-01   3.2 1.00e+00 6.87e-01f  1
iter    objective    inf_pr   inf_du lg(mu)  ||d||  lg(rg) alpha_du alpha_pr  ls
 110r-5.6374249e-01 7.55e+04 1.25e+03   1.4 1.95e+00   2.7 1.00e+00 2.00e-01f  1
 111r-5.8640743e-01 7.55e+04 1.08e+03   1.4 6.41e+00   2.2 1.00e+00 1.66e-01f  1
 112r-6.3559330e-01 7.55e+04 1.19e+03   1.4 2.36e+00   2.7 1.00e+00 2.84e-01f  1
 113r-7.0841159e-01 7.55e+04 1.39e+03   1.4 8.61e-01   3.1 1.00e+00 4.69e-01f  1
 114r-7.0890902e-01 7.55e+04 1.60e+04   1.4 5.95e-01   5.3 5.96e-02 1.18e-01f  1
 115r-7.0991022e-01 7.55e+04 1.94e+04   1.4 5.34e-01   4.9 2.81e-01 1.57e-01f  1
 116r-7.2430197e-01 7.55e+04 3.22e+04   1.4 4.92e-01   4.4 6.75e-01 9.90e-01f  1
 117r-7.3515807e-01 7.55e+04 2.59e+04   1.4 6.01e-01   3.9 8.86e-01 2.31e-01f  1
 118r-7.4457823e-01 7.55e+04 1.62e+04   1.4 4.39e-01   4.3 1.00e+00 5.22e-01f  1
 119r-7.4459404e-01 7.55e+04 1.70e+05   1.4 3.32e-01   6.6 1.09e-02 9.08e-02h  1
iter    objective    inf_pr   inf_du lg(mu)  ||d||  lg(rg) alpha_du alpha_pr  ls
 120r-7.4463135e-01 7.55e+04 2.17e+05   1.4 3.02e-01   6.1 1.17e-01 1.01e-01f  1
 121r-7.4495205e-01 7.55e+04 3.02e+05   1.4 2.73e-01   5.6 2.94e-01 3.28e-01f  1
 122r-7.4595983e-01 7.55e+04 1.39e+05   1.4 3.45e-01   5.1 1.00e-01 3.54e-01f  1
 123r-7.4767240e-01 7.55e+04 1.75e+05   1.4 3.08e-01   4.6 4.84e-01 1.98e-01f  1
 124r-7.5296668e-01 7.55e+04 9.16e+04   1.4 6.85e-01   4.2 8.42e-01 2.03e-01f  1
 125r-7.6769242e-01 7.55e+04 1.00e+05   1.4 3.88e+00   3.7 1.44e-02 2.01e-01f  1
 126r-7.8082560e-01 7.55e+04 4.58e+04   1.4 6.89e-01   4.1 8.55e-01 4.57e-01f  1
 127r-7.9007976e-01 7.55e+04 2.98e+04   1.4 7.43e-01   3.6 4.87e-01 1.27e-01f  1
 128r-8.0668319e-01 7.55e+04 2.18e+04   1.4 2.82e-01   4.1 1.00e+00 5.86e-01f  1
 129r-8.2589167e-01 7.55e+04 1.03e+04   1.4 4.40e-01   3.6 1.00e+00 3.64e-01f  1
iter    objective    inf_pr   inf_du lg(mu)  ||d||  lg(rg) alpha_du alpha_pr  ls
 130r-8.4622423e-01 7.55e+04 1.01e+04   1.4 8.95e-01   3.1 1.00e+00 3.47e-01f  1
 131r-8.7444357e-01 7.55e+04 5.78e+03   1.4 3.36e+00   2.6 1.15e-01 2.29e-01f  1
 132r-8.8688911e-01 7.55e+04 5.44e+03   1.4 1.02e+00   3.1 1.00e+00 2.22e-01f  1
 133r-8.9627630e-01 7.55e+04 6.85e+03   1.4 6.88e-01   3.5 1.00e+00 4.05e-01f  1
 134r-9.0203796e-01 7.55e+04 6.14e+03   1.4 9.76e-01   3.0 1.00e+00 1.20e-01f  1
 135r-9.1130818e-01 7.55e+04 4.44e+03   1.4 6.57e-01   3.4 5.07e-01 4.78e-01f  1
 136r-9.1154559e-01 7.55e+04 8.94e+03   1.4 7.24e-01   4.8 4.70e-02 1.20e-01f  1
 137r-9.1174585e-01 7.55e+04 9.14e+03   1.4 6.59e-01   4.3 2.65e-01 5.18e-02f  1
 138r-9.1177243e-01 7.55e+04 1.79e+04   1.4 6.01e-01   5.6 1.41e-01 3.64e-02h  1
 139r-9.1194423e-01 7.55e+04 2.82e+04   1.4 5.99e-01   5.1 1.90e-01 1.54e-01f  2
iter    objective    inf_pr   inf_du lg(mu)  ||d||  lg(rg) alpha_du alpha_pr  ls
 140r-9.1237836e-01 7.55e+04 6.86e+04   1.4 5.12e-01   4.7 5.48e-01 2.17e-01f  1
 141r-9.1375500e-01 7.55e+04 2.60e+04   1.4 5.72e-01   4.2 3.86e-01 3.28e-01f  1
 142r-9.1492420e-01 7.55e+04 2.31e+04   1.4 6.18e-01   3.7 1.80e-01 1.25e-01f  1
 143r-9.1778775e-01 7.55e+04 3.61e+04   1.4 7.99e+00   3.2 6.77e-02 2.12e-01f  1
 144r-9.1850950e-01 7.55e+04 3.29e+04   1.4 1.82e+00   3.7 2.56e-02 1.14e-01f  1
 145r-9.1849099e-01 7.55e+04 3.17e+04   1.4 9.20e+00   3.2 7.49e-02 4.41e-02f  1
 146r-9.1903333e-01 7.55e+04 2.75e+04   1.4 1.23e+00   3.6 4.26e-01 1.45e-01f  1
 147r-9.1810956e-01 7.55e+04 2.63e+04   1.4 6.48e+00   3.1 1.22e-01 4.32e-02f  1
 148r-9.1663058e-01 7.55e+04 1.89e+04   1.4 9.66e-01   3.6 5.72e-01 4.08e-01f  1
 149r-9.0557004e-01 7.55e+04 1.11e+04   1.4 2.17e+00   3.1 7.64e-01 2.08e-01f  1
iter    objective    inf_pr   inf_du lg(mu)  ||d||  lg(rg) alpha_du alpha_pr  ls
 150r-8.9424364e-01 7.55e+04 1.16e+04   1.4 5.95e-01   3.5 7.22e-01 4.83e-01f  1
 151r-8.8925298e-01 7.55e+04 1.09e+04   1.4 1.04e+00   3.0 1.00e+00 6.67e-02f  1
 152r-8.7308728e-01 7.55e+04 6.14e+03   1.4 7.13e+00   2.6 4.19e-01 1.06e-01f  1
 153r-8.5789542e-01 7.55e+04 8.06e+03   1.4 1.06e+00   3.0 5.37e-01 2.18e-01f  1
 154r-8.1539646e-01 7.55e+04 4.05e+03   1.4 3.17e+00   2.5 7.74e-01 3.22e-01f  1
 155r-7.8795771e-01 7.55e+04 2.96e+03   1.4 9.51e+00   2.0 3.21e-01 1.53e-01f  1
 156r-7.6905707e-01 7.55e+04 2.67e+03   1.4 3.57e+00   2.4 6.96e-01 1.86e-01f  1
 157r-7.4039430e-01 7.55e+04 3.55e+03   1.4 1.34e+00   2.9 8.33e-01 5.82e-01f  1
 158r-7.2431586e-01 7.55e+04 2.93e+03   1.4 4.01e+00   2.4 5.64e-01 1.93e-01f  1
 159r-7.1005157e-01 7.55e+04 2.42e+03   1.4 1.50e+00   2.8 7.75e-01 3.59e-01f  1
iter    objective    inf_pr   inf_du lg(mu)  ||d||  lg(rg) alpha_du alpha_pr  ls
 160r-7.1005261e-01 7.55e+04 8.10e+03   1.4 7.30e-01   5.1 1.03e-01 8.34e-02h  1
 161r-7.1000207e-01 7.55e+04 1.62e+04   1.4 6.79e-01   4.6 1.97e-01 8.96e-02h  1
 162r-7.0958301e-01 7.55e+04 2.93e+04   1.4 6.36e-01   4.1 4.77e-01 1.77e-01f  1
 163r-7.0807845e-01 7.55e+04 1.28e+04   1.4 6.23e-01   3.6 2.37e-01 2.02e-01f  1
 164r-7.0435492e-01 7.55e+04 2.01e+04   1.4 9.13e-01   3.1 1.63e-01 1.90e-01f  1
 165r-6.9801479e-01 7.55e+04 8.68e+03   1.4 5.29e+00   2.7 4.57e-02 1.46e-01f  1
 166r-6.8950964e-01 7.55e+04 8.80e+03   1.4 8.84e-01   3.1 5.95e-01 4.31e-01f  1
 167r-6.8003181e-01 7.55e+04 6.77e+03   1.4 2.41e+00   2.6 4.75e-01 2.32e-01f  1
 168r-6.5620180e-01 7.55e+04 4.59e+03   1.4 7.23e+00   2.1 1.00e+00 3.60e-01f  1
 169r-6.4455487e-01 7.55e+04 3.89e+03   1.4 2.71e+00   2.6 5.76e-01 4.00e-01f  1
iter    objective    inf_pr   inf_du lg(mu)  ||d||  lg(rg) alpha_du alpha_pr  ls
 170r-6.4454815e-01 7.55e+04 1.62e+04   1.4 5.37e-01   4.8 1.05e-01 1.58e-01f  1
 171r-6.4446141e-01 7.55e+04 1.61e+04   1.4 5.81e-01   4.3 1.49e-01 1.55e-01f  1
 172r-6.4384591e-01 7.55e+04 1.74e+04   1.4 7.37e-01   3.8 1.92e-01 3.03e-01f  1
 173r-6.4342091e-01 7.55e+04 1.62e+04   1.4 7.00e-01   3.4 5.09e-01 7.27e-02f  1
 174r-6.3764169e-01 7.55e+04 7.09e+03   1.4 2.10e+00   2.9 2.13e-01 3.96e-01f  1
 175r-6.3261717e-01 7.55e+04 5.83e+03   1.4 3.86e+00   2.4 7.24e-01 1.80e-01f  1
 176r-6.2916547e-01 7.55e+04 5.33e+03   1.4 1.16e+01   1.9 4.10e-01 8.94e-02f  1
 177r-6.2820400e-01 7.55e+04 4.08e+03   1.4 6.67e-01   3.3 2.41e-01 1.76e-01f  1
 178r-6.2818203e-01 7.55e+04 5.06e+03   1.4 7.23e-01   4.6 1.10e-01 9.53e-02f  1
 179r-6.2781030e-01 7.55e+04 2.50e+04   1.4 7.10e-01   4.1 3.10e-01 4.61e-01f  1
iter    objective    inf_pr   inf_du lg(mu)  ||d||  lg(rg) alpha_du alpha_pr  ls
 180r-6.2736106e-01 7.55e+04 1.24e+04   1.4 6.33e-01   3.6 4.57e-01 1.85e-01f  1
 181r-6.2528923e-01 7.55e+04 1.50e+04   1.4 9.11e-01   3.2 5.34e-01 3.20e-01f  1
 182r-6.2115346e-01 7.55e+04 6.41e+03   1.4 2.06e+00   2.7 2.87e-01 2.82e-01f  1
 183r-6.1669635e-01 7.55e+04 3.38e+03   1.4 6.18e+00   2.2 6.44e-01 1.78e-01f  1
 184r-6.1140271e-01 7.55e+04 4.90e+03   1.4 2.32e+00   2.6 1.00e+00 4.15e-01f  1
 185r-6.0812984e-01 7.55e+04 4.32e+03   1.4 6.96e+00   2.2 6.99e-01 1.65e-01f  1
 186r-6.0737952e-01 7.55e+04 4.19e+03   1.4 2.09e+01   1.7 2.06e-01 4.27e-02f  1
 187r-6.0782634e-01 7.54e+04 3.01e+03   1.4 6.26e+01   1.2 2.32e-01 8.95e-02f  1
 188r-6.0659878e-01 7.54e+04 3.64e+03   1.4 2.35e+01   1.6 1.04e-01 1.02e-01f  1
 189r-6.0544902e-01 7.54e+04 2.11e+03   1.4 8.80e+00   2.1 6.66e-01 8.48e-02f  1
iter    objective    inf_pr   inf_du lg(mu)  ||d||  lg(rg) alpha_du alpha_pr  ls
 190r-6.0462986e-01 7.54e+04 1.88e+03   1.4 2.64e+01   1.6 7.13e-02 1.20e-01f  1
 191r-6.0344208e-01 7.54e+04 3.07e+03   1.4 9.90e+00   2.0 4.85e-01 1.10e-01f  1
 192r-6.0335267e-01 7.54e+04 2.81e+03   1.4 2.97e+01   1.5 5.75e-02 1.00e-01f  1
 193r-6.0276121e-01 7.54e+04 2.61e+03   1.4 1.11e+01   2.0 1.00e+00 7.43e-02f  1
 194r-6.0302592e-01 7.54e+04 2.51e+03   1.4 3.34e+01   1.5 4.07e-02 5.86e-02f  1
 195r-6.0568079e-01 7.54e+04 2.34e+03   1.4 1.00e+02   1.0 2.47e-01 6.90e-02f  1
 196r-6.0644606e-01 7.54e+04 1.65e+03   1.4 3.76e+01   1.4 7.71e-01 7.92e-02f  1
 197r-6.1054467e-01 7.54e+04 1.00e+03   1.4 1.13e+02   0.9 1.06e-01 8.48e-02f  1
 198r-6.0536476e-01 7.54e+04 1.00e+03   0.7 3.38e+02   0.5 1.67e-02 2.67e-02f  1
 199r-5.9790697e-01 7.54e+04 1.00e+03   0.7 1.27e+02   0.9 2.66e-01 4.20e-02f  1
iter    objective    inf_pr   inf_du lg(mu)  ||d||  lg(rg) alpha_du alpha_pr  ls
 200r-5.9146525e-01 7.54e+04 1.00e+03   0.7 3.81e+02   0.4 4.24e-01 3.39e-02f  1
 201r-5.7699080e-01 7.54e+04 1.00e+03   0.7 1.43e+02   0.8 1.00e+00 7.71e-02f  1
 202r-5.6148908e-01 7.53e+04 1.00e+03   0.7 4.28e+02   0.4 7.20e-01 6.96e-02f  1
 203r-5.3817336e-01 7.53e+04 1.00e+03   0.7 1.61e+02   0.8 1.00e+00 1.19e-01f  1
 204r-5.2375523e-01 7.53e+04 1.00e+03   0.7 4.82e+02   0.3 1.00e+00 8.16e-02f  1
 205r-5.1801267e-01 7.52e+04 1.00e+03   0.7 1.45e+03  -0.2 1.10e-01 4.05e-02f  1
 206r-5.1406276e-01 7.52e+04 1.00e+03   0.7 5.42e+02   0.3 5.71e-01 2.60e-02f  1
 207r-5.0915545e-01 7.52e+04 1.00e+03   0.7 1.63e+03  -0.2 1.96e-02 3.78e-02f  1
 208r-5.0579586e-01 7.51e+04 1.00e+03   0.7 6.10e+02   0.2 4.50e-01 2.38e-02f  1
 209r-5.0228037e-01 7.51e+04 1.00e+03   0.7 1.83e+03  -0.3 3.65e-01 3.00e-02f  1
iter    objective    inf_pr   inf_du lg(mu)  ||d||  lg(rg) alpha_du alpha_pr  ls
 210r-4.9537330e-01 7.50e+04 1.00e+03   0.7 6.86e+02   0.2 1.00e+00 5.28e-02f  1
 211r-4.9066479e-01 7.50e+04 1.00e+03   0.7 2.06e+03  -0.3 4.36e-01 4.61e-02f  1
 212r-4.8319676e-01 7.49e+04 1.00e+03   0.7 7.72e+02   0.1 1.00e+00 6.45e-02f  1
 213r-4.7854694e-01 7.48e+04 1.00e+03   0.7 2.32e+03  -0.4 5.67e-01 5.36e-02f  1
 214r-4.7775765e-01 7.46e+04 1.00e+03   0.7 6.95e+03  -0.8 5.26e-02 2.23e-02f  1
 215r-4.7656777e-01 7.46e+04 1.00e+03   0.7 2.61e+03  -0.4 1.00e+00 1.67e-02f  1
 216r-4.7632398e-01 7.43e+04 1.00e+03   0.7 7.82e+03  -0.9 2.80e-01 2.95e-02f  1
 217r-4.7423417e-01 7.42e+04 1.00e+03   0.7 2.93e+03  -0.5 1.00e+00 3.86e-02f  1
 218r-4.7422710e-01 7.39e+04 1.00e+03   0.7 8.79e+03  -0.9 3.32e-01 3.68e-02f  1
 219r-4.7229618e-01 7.38e+04 1.00e+03   0.7 3.30e+03  -0.5 1.00e+00 4.47e-02f  1
iter    objective    inf_pr   inf_du lg(mu)  ||d||  lg(rg) alpha_du alpha_pr  ls
 220r-4.7304753e-01 7.34e+04 1.00e+03   0.7 9.89e+03  -1.0 3.06e-01 4.09e-02f  1
 221r-4.7146206e-01 7.32e+04 1.00e+03   0.7 3.71e+03  -0.6 1.00e+00 5.11e-02f  1
 222r-4.7318543e-01 7.27e+04 1.00e+03   0.7 1.11e+04  -1.0 2.87e-01 4.20e-02f  1
 223r-4.7227110e-01 7.25e+04 1.00e+03   0.7 4.17e+03  -0.6 1.00e+00 5.43e-02f  1
 224r-5.1923603e-01 6.45e+04 1.00e+03   0.7 1.25e+04  -1.1 2.86e-01 6.52e-01f  1
 225 -2.9707882e-01 3.66e+04 1.03e+08  -1.0 1.14e+02   5.8 1.54e-01 4.94e-01h  1
 226 -2.9487322e-01 3.63e+04 1.02e+08  -1.0 8.57e+01   5.4 7.45e-01 8.70e-03h  1
 227 -2.9484017e-01 3.63e+04 1.02e+08  -1.0 8.53e+01   4.9 3.65e-01 8.71e-05h  1
 228 -2.9302281e-01 3.60e+04 1.01e+08  -1.0 8.53e+01   5.3 9.78e-01 8.30e-03h  1
 229 -2.8744666e-01 3.53e+04 9.94e+07  -1.0 8.50e+01   4.8 4.76e-01 1.81e-02h  1
iter    objective    inf_pr   inf_du lg(mu)  ||d||  lg(rg) alpha_du alpha_pr  ls
 230 -2.8141142e-01 3.41e+04 9.58e+07  -1.0 8.42e+01   5.3 9.92e-01 3.64e-02h  1
 231 -2.7050350e-01 3.21e+04 8.99e+07  -1.0 8.27e+01   4.8 6.71e-01 5.93e-02h  1
 232 -2.6177625e-01 2.96e+04 8.28e+07  -1.0 8.02e+01   5.2 1.00e+00 7.80e-02h  1
 233 -2.5887340e-01 2.84e+04 7.93e+07  -1.0 7.71e+01   4.7 6.70e-01 4.13e-02h  1
 234 -2.4683839e-01 2.43e+04 6.70e+07  -1.0 7.55e+01   5.1 1.00e+00 1.50e-01h  1
 235 -2.4212798e-01 1.70e+04 4.64e+07  -1.0 6.98e+01   4.7 5.58e-01 3.26e-01h  1
 236 -2.4066884e-01 1.62e+04 4.42e+07  -1.0 5.84e+01   5.1 1.00e+00 4.80e-02h  1
 237 -2.4310927e-01 1.45e+04 3.95e+07  -1.0 5.70e+01   4.6 3.45e-01 1.11e-01h  1
 238 -2.4306196e-01 1.44e+04 3.94e+07  -1.0 5.39e+01   5.0 1.00e+00 1.98e-03h  1
 239 -2.4277040e-01 1.44e+04 3.93e+07  -1.0 5.38e+01   4.6 5.16e-01 3.66e-03h  1
iter    objective    inf_pr   inf_du lg(mu)  ||d||  lg(rg) alpha_du alpha_pr  ls
 240 -2.3325674e-01 1.26e+04 3.39e+07  -1.0 5.37e+01   4.1 1.00e+00 1.30e-01h  1
 241 -2.2600935e-01 1.09e+04 2.90e+07  -1.0 5.02e+01   3.6 1.00e+00 1.40e-01h  1
 242 -2.1918423e-01 9.45e+03 2.49e+07  -1.0 4.67e+01   4.0 1.00e+00 1.36e-01h  1
 243 -2.1863391e-01 9.31e+03 2.45e+07  -1.0 4.35e+01   3.6 1.00e+00 1.55e-02h  1
 244 -2.1801046e-01 9.06e+03 2.39e+07  -1.0 6.03e+01   3.1 7.26e-02 2.61e-02h  1
 245 -2.1786490e-01 9.02e+03 2.38e+07  -1.0 4.26e+01   3.5 1.00e+00 4.40e-03h  1
 246 -2.1683066e-01 8.65e+03 2.28e+07  -1.0 4.25e+01   3.0 1.26e-01 4.20e-02h  1
 247 -2.1662900e-01 8.59e+03 2.26e+07  -1.0 4.16e+01   3.5 1.00e+00 6.60e-03h  1
 248 -2.1524874e-01 8.13e+03 2.14e+07  -1.0 4.15e+01   3.0 2.55e-01 5.44e-02h  1
 249 -2.1501892e-01 8.06e+03 2.12e+07  -1.0 4.04e+01   3.4 1.00e+00 8.19e-03h  1
iter    objective    inf_pr   inf_du lg(mu)  ||d||  lg(rg) alpha_du alpha_pr  ls
 250 -2.1306218e-01 7.47e+03 1.96e+07  -1.0 4.02e+01   2.9 5.73e-01 7.54e-02h  1
 251 -2.1287882e-01 7.41e+03 1.95e+07  -1.0 3.87e+01   3.4 1.00e+00 7.22e-03h  1
 252 -2.1021803e-01 6.61e+03 1.72e+07  -1.0 3.86e+01   2.9 6.00e-01 1.12e-01h  1
 253 -2.0588082e-01 5.35e+03 1.37e+07  -1.0 3.64e+01   3.3 8.91e-01 2.00e-01h  1
 254 -2.0432597e-01 4.80e+03 1.22e+07  -1.0 3.28e+01   2.8 6.86e-01 1.06e-01h  1
 255 -2.0313082e-01 4.42e+03 1.12e+07  -1.0 3.10e+01   3.3 1.07e-01 8.13e-02h  1
 256 -2.0209402e-01 4.01e+03 1.01e+07  -1.0 2.98e+01   2.8 1.07e-01 9.43e-02h  1
 257 -2.0204984e-01 3.99e+03 1.01e+07  -1.0 2.84e+01   3.2 1.31e-01 3.98e-03h  1
 258 -2.0118740e-01 3.63e+03 9.11e+06  -1.0 2.83e+01   2.7 5.81e-02 9.44e-02h  1
 259 -2.0059071e-01 3.40e+03 8.54e+06  -1.0 2.70e+01   3.2 1.00e+00 6.22e-02h  1
iter    objective    inf_pr   inf_du lg(mu)  ||d||  lg(rg) alpha_du alpha_pr  ls
 260 -1.9972489e-01 2.99e+03 7.45e+06  -1.0 2.61e+01   2.7 1.66e-01 1.25e-01h  1
 261 -1.9940665e-01 2.87e+03 7.14e+06  -1.0 2.45e+01   3.1 2.36e-02 4.24e-02h  1
 262 -1.9943507e-01 2.86e+03 7.13e+06  -1.0 2.40e+01   3.5 1.91e-01 1.18e-03h  1
 263 -1.9919433e-01 2.75e+03 6.85e+06  -1.0 2.40e+01   3.1 2.07e-02 3.82e-02h  1
 264 -1.9919573e-01 2.75e+03 6.85e+06  -1.0 2.35e+01   3.5 8.82e-03 1.22e-04h  1
 265 -1.9857158e-01 2.46e+03 6.09e+06  -1.0 2.35e+01   3.0 1.39e-02 1.10e-01h  1
 266 -1.9857449e-01 2.46e+03 6.09e+06  -1.0 2.22e+01   3.4 3.78e-02 2.33e-04h  1
 267 -1.9841567e-01 2.37e+03 5.88e+06  -1.0 2.22e+01   3.0 1.98e-02 3.44e-02h  1
 268 -1.9841326e-01 2.37e+03 5.87e+06  -1.0 2.18e+01   3.4 1.00e+00 5.83e-04h  1
 269 -1.9750178e-01 1.87e+03 4.52e+06  -1.0 2.18e+01   2.9 4.38e-01 2.25e-01h  1
iter    objective    inf_pr   inf_du lg(mu)  ||d||  lg(rg) alpha_du alpha_pr  ls
 270 -1.9739251e-01 1.74e+03 4.19e+06  -1.0 1.94e+01   2.4 4.18e-03 7.29e-02h  1
 271 -1.9739047e-01 1.73e+03 4.18e+06  -1.0 1.86e+01   3.8 1.00e+00 1.88e-03h  1
 272 -1.9620265e-01 1.06e+03 2.30e+06  -1.0 1.86e+01   3.3 4.32e-01 4.33e-01h  1
 273 -1.9569355e-01 8.02e+02 1.69e+06  -1.0 1.46e+01   2.8 1.57e-03 2.63e-01h  1
 274 -1.9530524e-01 7.14e+02 1.49e+06  -1.0 1.27e+01   3.2 7.17e-01 1.14e-01h  1
 275 -1.9398698e-01 7.01e+02 1.46e+06  -1.0 1.20e+01   2.7 8.56e-03 1.86e-02h  1
 276 -1.9335483e-01 5.89e+02 1.22e+06  -1.0 1.18e+01   3.2 7.04e-01 1.66e-01h  1
 277 -1.8680664e-01 5.48e+02 1.13e+06  -1.0 1.09e+01   2.7 9.00e-04 7.04e-02h  1
 278 -1.8662064e-01 5.21e+02 1.07e+06  -1.0 1.05e+01   3.1 4.93e-01 5.12e-02h  1
 279 -1.8481142e-01 5.03e+02 1.03e+06  -1.0 1.02e+01   2.6 3.10e-03 3.37e-02h  1
iter    objective    inf_pr   inf_du lg(mu)  ||d||  lg(rg) alpha_du alpha_pr  ls
 280 -1.8177552e-01 1.80e+02 2.18e+05  -1.0 1.00e+01   3.1 7.32e-01 8.04e-01h  1
 281 -1.8163170e-01 1.20e+02 1.45e+05  -1.0 5.99e+00   2.6 8.34e-01 3.64e-01h  1
 282 -1.8245016e-01 3.13e+03 5.69e+04  -1.0 4.89e+00   2.1 2.29e-01 6.92e-01h  1
 283 -1.8245505e-01 3.21e+03 5.53e+04  -1.0 3.18e+00   1.6 9.62e-01 2.83e-02h  1
 284 -1.8211177e-01 2.82e+03 4.67e+04  -1.0 3.13e+00   1.2 1.80e-02 1.61e-01f  1
 285 -1.8208301e-01 2.77e+03 4.56e+04  -1.0 2.87e+00   2.5 1.03e-01 2.41e-02h  1
 286 -1.8218959e-01 2.32e+03 3.52e+04  -1.0 2.84e+00   2.0 2.16e-01 2.44e-01f  1
 287 -1.8378081e-01 1.09e+03 2.97e+04  -1.0 2.48e+00   1.5 3.64e-01 5.87e-01h  1
 288 -1.8564988e-01 7.34e+02 2.02e+04  -1.0 1.72e+00   1.1 2.22e-01 2.73e-01f  1
 289 -1.8334643e-01 2.70e+00 1.00e+04  -1.0 1.47e+00   0.6 4.05e-01 1.00e+00f  1
iter    objective    inf_pr   inf_du lg(mu)  ||d||  lg(rg) alpha_du alpha_pr  ls
 290 -1.8732151e-01 4.93e-01 2.17e+04  -1.0 6.28e-01   1.0 6.03e-01 1.00e+00f  1
 291 -1.9351280e-01 4.06e-02 1.02e+04  -1.0 1.80e-01   0.5 5.31e-01 1.00e+00f  1
 292 -2.0335861e-01 1.06e-01 7.55e+03  -1.0 3.13e-01   0.1 2.59e-01 1.00e+00f  1
 293 -2.0515015e-01 2.47e-02 3.32e+03  -1.0 1.50e-01   0.5 5.61e-01 1.00e+00f  1
 294 -2.1114104e-01 4.82e-02 2.59e+02  -1.0 1.61e-01   0.0 1.00e+00 1.00e+00f  1
 295 -2.2114435e-01 2.85e-01 5.69e+01  -1.0 4.27e-01  -0.5 1.00e+00 1.00e+00f  1
 296 -2.2683898e-01 1.21e+00 3.85e+01  -1.0 8.80e-01  -1.0 1.00e+00 1.00e+00f  1
 297 -2.1522163e-01 5.07e-01 1.47e+01  -1.0 6.49e-01  -1.4 1.00e+00 1.00e+00h  1
 298 -2.1280617e-01 5.37e-01 3.42e+01  -1.0 2.54e+00    -  1.00e+00 1.00e+00f  1
 299 -2.1249472e-01 2.53e-01 2.64e+01  -1.0 3.34e+00    -  1.00e+00 1.00e+00h  1
iter    objective    inf_pr   inf_du lg(mu)  ||d||  lg(rg) alpha_du alpha_pr  ls
 300 -2.1293939e-01 8.27e-02 6.89e-01  -1.0 1.65e+00    -  1.00e+00 1.00e+00h  1
 301 -2.1319444e-01 1.84e-03 1.36e-01  -1.7 4.87e-02    -  1.00e+00 1.00e+00h  1
 302 -2.1494374e-01 1.74e-04 1.57e-01  -2.5 5.20e-02    -  1.00e+00 1.00e+00h  1
 303 -2.2456185e-01 4.16e-03 1.13e-02  -2.5 3.05e-01    -  1.00e+00 1.00e+00h  1
 304 -2.3367970e-01 4.66e-03 1.01e+02  -3.8 3.89e-01    -  9.41e-01 1.00e+00h  1
 305 -2.8162501e-01 1.02e-01 2.49e-01  -3.8 4.40e+00    -  1.00e+00 8.99e-01h  1
 306 -2.8080991e-01 4.08e-03 1.21e-02  -3.8 2.17e+00    -  1.00e+00 1.00e+00h  1
 307 -2.8045126e-01 1.15e-04 1.14e-02  -3.8 2.16e-01    -  1.00e+00 1.00e+00h  1
 308 -2.8043971e-01 2.71e-06 7.08e-05  -3.8 1.58e-02    -  1.00e+00 1.00e+00h  1
 309 -3.0108108e-01 1.13e-02 2.38e+01  -5.7 4.19e+00    -  7.12e-01 9.65e-01h  1
iter    objective    inf_pr   inf_du lg(mu)  ||d||  lg(rg) alpha_du alpha_pr  ls
 310 -3.1035791e-01 3.10e+02 9.29e+00  -5.7 8.13e+00    -  6.19e-01 6.82e-01h  1
 311 -3.1209968e-01 3.63e+02 8.18e+00  -5.7 6.96e+00    -  1.40e-01 3.16e-01h  1
 312 -3.1475753e-01 8.31e+01 6.64e+00  -5.7 6.97e+00    -  2.31e-01 7.17e-01h  1
 313 -3.1551252e-01 2.65e-04 3.78e+00  -5.7 4.72e+00    -  4.42e-01 8.07e-01h  1
 314 -3.1569630e-01 1.67e-05 7.99e-02  -5.7 1.46e+00    -  9.79e-01 1.00e+00h  1
 315 -3.1570101e-01 1.11e-06 1.04e-04  -5.7 1.44e+00    -  1.00e+00 1.00e+00h  1
 316 -3.1570099e-01 1.37e-08 8.72e-07  -5.7 2.97e-01    -  1.00e+00 1.00e+00h  1
 317 -3.1570098e-01 1.40e-12 2.01e-10  -5.7 2.81e-03    -  1.00e+00 1.00e+00h  1
 318 -3.1608617e-01 1.17e-01 1.00e-01  -7.0 1.50e+00    -  7.60e-01 6.69e-01f  1
 319 -3.1623385e-01 7.16e-06 7.10e-03  -7.0 1.14e+00    -  7.83e-01 8.62e-01h  1
iter    objective    inf_pr   inf_du lg(mu)  ||d||  lg(rg) alpha_du alpha_pr  ls
 320 -3.1625587e-01 2.57e-07 8.24e-06  -7.0 3.23e-01    -  1.00e+00 1.00e+00h  1
 321 -3.1625589e-01 1.51e-09 1.66e-06  -7.0 2.76e-02    -  1.00e+00 1.00e+00h  1
 322 -3.1625589e-01 4.16e-12 6.41e-09  -7.0 1.26e-03    -  1.00e+00 1.00e+00h  1

Number of Iterations....: 322

                                   (scaled)                 (unscaled)
Objective...............:  -3.1625588608451266e-01   -3.1625588608451266e-01
Dual infeasibility......:   6.4054145321179590e-09    6.4054145321179590e-09
Constraint violation....:   4.1602277178753866e-12    4.1602277178753866e-12
Variable bound violation:   0.0000000000000000e+00    0.0000000000000000e+00
Complementarity.........:   9.0924070932610555e-08    9.0924070932610555e-08
Overall NLP error.......:   9.0924070932610555e-08    9.0924070932610555e-08


Number of objective function evaluations             = 340
Number of objective gradient evaluations             = 158
Number of equality constraint evaluations            = 356
Number of inequality constraint evaluations          = 356
Number of equality constraint Jacobian evaluations   = 324
Number of inequality constraint Jacobian evaluations = 324
Number of Lagrangian Hessian evaluations             = 322
Total seconds in IPOPT                               = 403.077

EXIT: Optimal Solution Found.
      solver  :   t_proc      (avg)   t_wall      (avg)    n_eval
       nlp_f  |   3.78ms ( 11.11us)   5.13ms ( 15.09us)       340
       nlp_g  |   3.13 s (  8.78ms)   4.47 s ( 12.57ms)       356
  nlp_grad_f  |   8.42ms ( 52.97us)  10.57ms ( 66.50us)       159
  nlp_hess_l  | 201.11 s (626.50ms) 307.72 s (958.63ms)       321
   nlp_jac_g  |  51.92 s (159.77ms)  76.44 s (235.20ms)       325
       total  | 266.42 s (266.42 s) 403.08 s (403.08 s)         1
[Optimizer] SUCCESS: Optimal solution found in 472.97s.

[96m================================================================================[0m
[1m VARIABLE SCALING CHECK                                  [0m[2m[SOURCE: OPTIMIZER][0m
[96m================================================================================[0m
[1mVariable   | Component  | Range (Scaled)       | Mean     | Status[0m
[96m-----------------------------------------------------------------[0m
T1         | Time       | 0.1899               | 0.1899   | [92mOK[0m
T3         | Time       | 0.5524               | 0.5524   | [92mOK[0m
X1         | Position   | [0.9994, 1.0117]   | 1.0032   | [92mOK[0m
           | Velocity   | [0.0529, 0.4002]   | 0.1652   | [92mOK[0m
           | Mass       | [1.5750, 4.9750]   | 3.2615   | [92mOK[0m
X3         | Position   | [1.0117, 1.0658]   | 1.0464   | [92mOK[0m
           | Velocity   | [0.4002, 0.9680]   | 0.6546   | [92mOK[0m
           | Mass       | [0.3163, 1.3000]   | 0.7060   | [92mOK[0m
U1         | Throttle   | [0.7401, 1.0000]   | 0.9569   | [92mOK[0m
           | Direction  | [1.0000, 1.0000]   | 1.0000   | [92mOK[0m
U3         | Throttle   | [0.4001, 0.9999]   | 0.5599   | [92mOK[0m
           | Direction  | [1.0000, 1.0000]   | 1.0000   | [92mOK[0m
[96m-----------------------------------------------------------------[0m
  * Ideal scaling is O(1) (0.1 to 10.0).
  * 'WARN' indicates potential numerical stiffness for IPOPT.
========================================


[96m================================================================================[0m
[1m GUIDANCE VS OPTIMALITY CHECK                            [0m[2m[SOURCE: GUESS VS OPT][0m
[96m================================================================================[0m
  MECO Time:   Guess=147.6s, Opt=153.2s (Diff: +5.5s)
  Final Mass:  Guess=100,150kg (Depletion), Opt=316,256kg (Insertion)
  >>> [92m✅ INFO: Optimizer found a solution with 216,106 kg of fuel remaining.[0m
      (The initial guess burned all fuel; the optimizer cut the engine early at orbit insertion.)
========================================

[Optimizer] Total optimization time: 506.11s

[Simulation] Starting Verification Simulation (rtol=1e-09, atol=1e-12)...
  > Control Reconstruction (Phase 1): Max Error = 0.0e+00
  > Control Reconstruction (Phase 3): Max Error = 0.0e+00
[Simulation] Phase 1 (Boost): 0.0s -> 153.15s
  [Liftoff Check]
  [Force Diag] Mass: 4975.0t | Alt: 0.0km
  [Force Diag] G-Force: 48843.0 kN | Net Force: 25731.2 kN
  [Force Diag] Accel:   5.17 m/s^2 (0.53 g)
  > Integrator: 1347 steps, Success=True, Msg='The solver successfully reached the end of the integration interval.'
[Simulation] Phase 1 End: Ellipsoid alt=78.7km, Vel=3165.6m/s
[Debug] MECO Drift: Pos=0.3m, Mass=-0.15kg
  [MECO Check]
  [Force Diag] Mass: 1575.0t | Alt: 78.7km
  [Force Diag] G-Force: 15087.9 kN | Net Force: 54034.3 kN
  [Force Diag] Accel:   34.31 m/s^2 (3.50 g)
[Simulation] Phase 3 (Ship): 153.15s -> 598.56s
  [Staging Check]
  [Force Diag] Mass: 1300.0t | Alt: 78.7km
  [Force Diag] G-Force: 12453.5 kN | Net Force: 12746.8 kN
  [Force Diag] Accel:   9.81 m/s^2 (1.00 g)
  > Integrator: 1519 steps, Success=True, Msg='The solver successfully reached the end of the integration interval.'
[Simulation] Phase 3 End: Ellipsoid alt=423.4km, Vel=7657.3m/s
[Debug] SECO Drift: Pos=0.00km, Mass=0.01kg
  [Injection Check]
  [Force Diag] Mass: 316.3t | Alt: 423.4km
  [Force Diag] G-Force: 2729.8 kN | Net Force: 7088.1 kN
  [Force Diag] Accel:   22.41 m/s^2 (2.29 g)
[Trial Log] status=MISSION_OK
