[Trial Log] trial=4 label=state_minus
[Trial Log] path=tmp/review_multistart_logic/logs/04_state_minus.log
[Vehicle] Initializing vehicle dynamics model: SpaceX Starship IFT-6 (Booster 13 / Ship 31)

[Optimizer] Setting up CasADi problem for SpaceX Starship IFT-6 (Booster 13 / Ship 31)...
[Optimizer] Target Inclination not set. Defaulting to absolute Launch Latitude (26.00 deg) for min-energy orbit.
[Optimizer] Using external warm-start guess...
[Optimizer] External guess loaded in 0.00s
[Optimizer] Guidance Guess Summary:
  MECO: T=146.5s, Alt=54.5km, Vel=3049.0m/s
  SECO: T=304.2s, Alt=535.7km, Vel=11702.2m/s
[Optimizer] Starting IPOPT solver (Max Iter=2000)...

[96m================================================================================[0m
[1m OPTIMIZATION STRUCTURE (JACOBIAN)                       [0m[2m[SOURCE: CASADI][0m
[96m================================================================================[0m
  Constraints: 4506
  Variables:   3096
  Non-zeros:   38998
  Density:     0.2795%
  >>> [92m✅ SUCCESS: Jacobian is sparse (Expected for Direct Collocation).[0m
========================================

This is Ipopt version 3.14.11, running with linear solver MUMPS 5.4.1.

Number of nonzeros in equality constraint Jacobian...:    24678
Number of nonzeros in inequality constraint Jacobian.:    14320
Number of nonzeros in Lagrangian Hessian.............:    23236

Total number of variables............................:     3096
                     variables with only lower bounds:        0
                variables with lower and upper bounds:        0
                     variables with only upper bounds:        0
Total number of equality constraints.................:     2258
Total number of inequality constraints...............:     2248
        inequality constraints with only lower bounds:      844
   inequality constraints with lower and upper bounds:        0
        inequality constraints with only upper bounds:     1404

iter    objective    inf_pr   inf_du lg(mu)  ||d||  lg(rg) alpha_du alpha_pr  ls
   0 -9.9700000e-02 1.96e+05 1.00e+00  -1.0 0.00e+00    -  0.00e+00 0.00e+00   0
   1 -9.9701483e-02 1.96e+05 1.97e+00  -1.0 1.46e+07    -  9.72e-02 2.49e-05h 14
   2 -1.1619968e-01 1.94e+06 5.45e+04  -1.0 2.03e+02  -4.0 5.10e-02 4.24e-01h  1
   3 -1.1344650e-01 1.94e+06 5.40e+04  -1.0 1.43e+02   0.9 1.35e-03 1.01e-02h  1
   4 -1.1305697e-01 1.94e+06 5.39e+04  -1.0 1.42e+02   1.4 1.64e-02 1.42e-03h  1
   5 -1.1144117e-01 1.95e+06 5.36e+04  -1.0 1.42e+02   0.9 1.85e-02 6.21e-03h  1
   6 -1.0972983e-01 1.95e+06 5.33e+04  -1.0 1.42e+02   1.3 1.07e-02 6.52e-03h  1
   7 -1.0716273e-01 1.94e+06 5.30e+04  -1.0 1.41e+02   0.8 8.18e-03 1.02e-02h  1
   8 -1.0697867e-01 1.94e+06 5.29e+04  -1.0 1.41e+02   2.2 4.62e-03 7.05e-04h  1
   9 -1.0554838e-01 1.93e+06 5.28e+04  -1.0 1.41e+02   1.7 3.27e-03 5.69e-03h  1
iter    objective    inf_pr   inf_du lg(mu)  ||d||  lg(rg) alpha_du alpha_pr  ls
  10 -1.0547172e-01 1.93e+06 5.28e+04  -1.0 1.40e+02   2.1 2.89e-03 3.18e-04h  1
  11 -1.0426332e-01 1.92e+06 5.28e+04  -1.0 1.40e+02   1.6 9.54e-05 5.08e-03h  1
  12 -1.0379606e-01 1.92e+06 5.27e+04  -1.0 1.40e+02   2.1 2.10e-02 1.98e-03h  1
  13 -1.0202555e-01 1.90e+06 5.29e+04  -1.0 1.40e+02   1.6 4.04e-03 7.61e-03h  1
  14 -1.0180080e-01 1.90e+06 5.29e+04  -1.0 1.39e+02   2.0 1.79e-03 9.82e-04h  1
  15 -1.0157969e-01 1.90e+06 5.29e+04  -1.0 1.39e+02   2.4 1.66e-03 9.67e-04h  1
  16 -1.0047731e-01 1.89e+06 5.33e+04  -1.0 1.39e+02   2.0 6.16e-05 4.85e-03h  1
  17 -1.0044163e-01 1.89e+06 5.33e+04  -1.0 1.39e+02   2.4 2.28e-02 1.64e-04h  1
  18 -9.9357805e-02 1.88e+06 5.36e+04  -1.0 1.39e+02   1.9 2.87e-03 5.06e-03h  1
  19 -9.9254734e-02 1.88e+06 5.36e+04  -1.0 1.38e+02   2.3 2.05e-02 4.93e-04h  1
iter    objective    inf_pr   inf_du lg(mu)  ||d||  lg(rg) alpha_du alpha_pr  ls
  20 -9.8249064e-02 1.87e+06 2.01e+05  -1.0 1.38e+02   2.8 4.46e-02 4.81e-03h  1
  21 -9.8074646e-02 1.87e+06 1.99e+05  -1.0 1.38e+02   3.2 6.55e-02 8.53e-04h  1
  22 -9.6498237e-02 1.85e+06 1.14e+05  -1.0 1.38e+02   2.7 8.04e-02 7.82e-03h  1
  23 -9.5292345e-02 1.84e+06 1.12e+05  -1.0 1.38e+02   2.2 1.26e-02 6.20e-03h  1
  24 -9.4820978e-02 1.83e+06 1.12e+05  -1.0 1.37e+02   2.7 2.10e-02 2.45e-03h  1
  25 -9.4594722e-02 1.83e+06 1.74e+05  -1.0 1.37e+02   2.2 8.16e-03 1.79e-03h  1
  26 -9.4600176e-02 1.83e+06 2.89e+05  -1.0 1.37e+02   2.6 2.22e-03 1.45e-03h  1
  27 -9.4632333e-02 1.81e+06 1.60e+05  -1.0 1.70e+02   2.1 2.70e-03 5.96e-03h  1
  28 -9.4635387e-02 1.82e+06 3.23e+05  -1.0 1.67e+03   2.6 6.71e-04 5.67e-04h  1
  29 -9.4636226e-02 1.82e+06 4.99e+05  -1.0 1.36e+02   3.0 4.41e-03 1.57e-04h  1
iter    objective    inf_pr   inf_du lg(mu)  ||d||  lg(rg) alpha_du alpha_pr  ls
  30 -9.4637902e-02 1.81e+06 5.98e+05  -1.0 1.36e+02   2.5 3.28e-03 3.12e-04h  1
  31 -9.4678404e-02 1.80e+06 8.19e+05  -1.0 1.36e+02   2.9 4.88e-03 7.56e-03h  1
  32 -9.4684433e-02 1.80e+06 8.51e+05  -1.0 1.36e+02   3.4 3.40e-02 1.13e-03h  1
  33 -9.4709687e-02 1.79e+06 8.69e+05  -1.0 1.36e+02   2.9 3.33e-02 4.75e-03h  1
  34 -9.4718633e-02 1.79e+06 1.31e+06  -1.0 1.35e+02   3.3 1.06e-02 1.69e-03h  1
  35 -9.4722577e-02 1.78e+06 1.81e+06  -1.0 1.35e+02   3.7 4.44e-03 7.47e-04h  1
  36 -9.4733937e-02 1.78e+06 3.70e+06  -1.0 1.35e+02   4.2 7.47e-03 2.15e-03h  1
  37 -9.4757188e-02 1.77e+06 1.44e+06  -1.0 1.35e+02   4.6 1.66e-03 4.42e-03h  1
  38 -9.4783841e-02 1.76e+06 2.80e+08  -1.0 1.35e+02   4.1 4.39e-05 5.08e-03h  1
  39 -9.4785686e-02 1.76e+06 2.80e+08  -1.0 1.34e+02   4.5 1.68e-04 3.54e-04h  1
iter    objective    inf_pr   inf_du lg(mu)  ||d||  lg(rg) alpha_du alpha_pr  ls
  40 -9.4787629e-02 1.76e+06 2.79e+08  -1.0 1.34e+02   4.1 2.32e-04 3.73e-04h  1
  41 -9.4790073e-02 1.76e+06 2.79e+08  -1.0 1.34e+02   4.5 1.22e-03 4.69e-04h  1
  42 -9.4794938e-02 1.76e+06 2.79e+08  -1.0 1.34e+02   4.0 5.97e-04 9.34e-04h  1
  43 -9.4798815e-02 1.76e+06 2.79e+08  -1.0 1.34e+02   4.4 1.60e-03 7.45e-04h  1
  44 -9.4806507e-02 1.75e+06 2.78e+08  -1.0 1.34e+02   4.9 1.25e-03 1.48e-03h  1
  45 -9.4809225e-02 1.75e+06 2.78e+08  -1.0 1.34e+02   5.3 2.52e-04 5.23e-04h  1
  46r-9.4809225e-02 1.75e+06 1.00e+03   4.9 0.00e+00   4.8 0.00e+00 3.29e-07R  5
  47r-9.8502283e-02 1.41e+06 4.64e+03   4.9 8.91e+07    -  5.84e-07 1.01e-05f  1
  48r-9.9999823e-02 1.33e+06 8.89e+06   2.9 1.89e+01   4.0 1.18e-02 9.31e-02f  1
  49r-1.0000308e-01 1.32e+06 2.58e+08   2.9 2.86e+01   7.1 1.04e-02 1.73e-02f  1
iter    objective    inf_pr   inf_du lg(mu)  ||d||  lg(rg) alpha_du alpha_pr  ls
  50r-1.0000311e-01 1.32e+06 2.58e+08   2.9 2.81e+01   8.5 1.86e-02 1.70e-04h  1
  51r-1.0000312e-01 1.32e+06 6.22e+08   2.9 2.81e+01   8.9 1.52e-01 6.41e-05h  1
MUMPS returned INFO(1) = -9 and requires more memory, reallocating.  Attempt 1
  Increasing icntl[13] from 1000 to 2000.
  52r-1.0001164e-01 1.32e+06 1.05e+11   2.9 2.81e+01   9.3 1.99e-02 4.90e-02h  1
MUMPS returned INFO(1) = -9 and requires more memory, reallocating.  Attempt 1
  Increasing icntl[13] from 2000 to 4000.
MUMPS returned INFO(1) = -9 and requires more memory, reallocating.  Attempt 2
  Increasing icntl[13] from 4000 to 8000.
  53r-1.0001172e-01 1.32e+06 1.03e+11   2.9 2.67e+01  11.5 9.62e-03 5.26e-04h  1
  54r-1.0001172e-01 1.32e+06 1.03e+11   2.9 2.67e+01  11.1 0.00e+00 4.30e-07R  5
  55r-1.0001172e-01 1.32e+06 8.52e+07   2.9 2.75e-04  11.5 9.90e-01 1.00e+00f  1
  56r-1.0001173e-01 1.32e+06 1.35e+06   2.9 9.35e-06  11.0 9.95e-01 1.00e+00f  1
  57r-1.0001173e-01 1.32e+06 1.09e+07   2.9 3.12e-04  10.5 1.00e+00 1.00e+00f  1
  58r-1.0001175e-01 1.32e+06 1.03e+06   2.9 8.89e-05  10.1 1.00e+00 1.00e+00f  1
  59r-1.0001179e-01 1.32e+06 1.07e+06   2.9 2.77e-04   9.6 1.00e+00 1.00e+00f  1
iter    objective    inf_pr   inf_du lg(mu)  ||d||  lg(rg) alpha_du alpha_pr  ls
  60r-1.0001193e-01 1.32e+06 4.21e+05   2.9 3.25e-04   9.1 1.00e+00 1.00e+00f  1
  61r-1.0001234e-01 1.32e+06 2.93e+05   2.9 6.80e-04   8.6 1.00e+00 1.00e+00f  1
  62r-1.0001357e-01 1.32e+06 1.47e+05   2.9 1.02e-03   8.2 1.00e+00 1.00e+00f  1
  63r-1.0001725e-01 1.32e+06 9.14e+04   2.9 1.91e-03   7.7 1.00e+00 1.00e+00f  1
  64r-1.0002825e-01 1.32e+06 4.95e+04   2.9 3.10e-03   7.2 1.00e+00 1.00e+00f  1
  65r-1.0003478e-01 1.32e+06 5.89e+03   2.2 1.11e-03   6.7 1.00e+00 1.00e+00f  1
  66r-1.0005441e-01 1.32e+06 8.18e+03   2.2 4.61e-03   6.2 1.00e+00 1.00e+00f  1
  67r-1.0005533e-01 1.32e+06 7.25e+03   2.2 1.91e-04   7.6 1.00e+00 1.00e+00f  1
  68r-1.0005809e-01 1.32e+06 6.96e+03   2.2 5.51e-04   7.1 1.00e+00 1.00e+00f  1
  69r-1.0006634e-01 1.32e+06 6.22e+03   2.2 1.48e-03   6.6 1.00e+00 1.00e+00f  1
iter    objective    inf_pr   inf_du lg(mu)  ||d||  lg(rg) alpha_du alpha_pr  ls
  70r-1.0009088e-01 1.31e+06 4.86e+03   2.2 3.47e-03   6.1 1.00e+00 1.00e+00f  1
  71r-1.0016280e-01 1.31e+06 3.29e+03   2.2 7.04e-03   5.7 1.00e+00 1.00e+00f  1
  72r-1.0036596e-01 1.30e+06 2.05e+03   2.2 1.32e-02   5.2 1.00e+00 1.00e+00f  1
  73r-1.0047642e-01 1.29e+06 1.95e+03   1.5 2.07e-02   4.7 1.00e+00 1.00e+00f  1
  74r-1.0052137e-01 1.29e+06 2.08e+03   1.5 8.41e-03   5.1 1.00e+00 1.00e+00f  1
  75r-1.0053813e-01 1.28e+06 1.51e+03   1.5 3.13e-03   5.6 1.00e+00 1.00e+00f  1
  76r-1.0058797e-01 1.28e+06 1.14e+03   1.5 9.27e-03   5.1 1.00e+00 1.00e+00f  1
  77r-1.0060662e-01 1.28e+06 1.14e+03   1.5 3.47e-03   5.5 1.00e+00 1.00e+00f  1
  78r-1.0066208e-01 1.28e+06 1.18e+05   1.5 1.03e-02   5.0 1.00e+00 1.00e+00f  1
  79r-1.0082484e-01 1.27e+06 3.18e+04   1.5 3.02e-02   4.6 1.00e+00 1.00e+00f  1
iter    objective    inf_pr   inf_du lg(mu)  ||d||  lg(rg) alpha_du alpha_pr  ls
  80r-1.0083259e-01 1.27e+06 1.08e+04   1.5 1.42e-03   5.9 1.00e+00 1.00e+00f  1
  81r-1.0085550e-01 1.26e+06 3.90e+03   1.5 4.24e-03   5.4 1.00e+00 1.00e+00f  1
  82r-1.0092376e-01 1.26e+06 1.61e+05   1.5 1.29e-02   4.9 1.00e+00 1.00e+00f  1
  83r-1.0094935e-01 1.26e+06 1.50e+05   1.5 6.51e-01   5.4 4.46e-01 1.00e+00f  1
  84r-1.0102563e-01 1.25e+06 1.08e+03   1.5 1.41e-02   4.9 1.00e+00 1.00e+00f  1
  85r-1.0125199e-01 1.24e+06 1.33e+04   1.5 4.15e-02   4.4 1.00e+00 1.00e+00f  1
  86r-1.0133769e-01 1.23e+06 4.88e+03   1.5 1.55e-02   4.8 1.00e+00 1.00e+00f  1
  87r-1.0136985e-01 1.23e+06 1.81e+03   1.5 5.80e-03   5.3 1.00e+00 1.00e+00f  1
  88r-1.0138191e-01 1.23e+06 1.05e+03   1.5 2.17e-03   5.7 1.00e+00 1.00e+00f  1
  89r-1.0141812e-01 1.23e+06 5.46e+04   1.5 6.50e-03   5.2 1.00e+00 1.00e+00f  1
iter    objective    inf_pr   inf_du lg(mu)  ||d||  lg(rg) alpha_du alpha_pr  ls
  90r-1.0152730e-01 1.22e+06 1.83e+04   1.5 1.94e-02   4.7 1.00e+00 1.00e+00f  1
  91r-1.0186349e-01 1.20e+06 6.28e+03   1.5 5.72e-02   4.3 1.00e+00 1.00e+00f  1
  92r-1.0199610e-01 1.19e+06 5.77e+04   1.5 2.14e-02   4.7 1.00e+00 1.00e+00f  1
  93r-1.0200245e-01 1.19e+06 2.06e+04   1.5 1.01e-03   6.0 1.00e+00 1.00e+00f  1
  94r-1.0202128e-01 1.19e+06 7.48e+03   1.5 3.02e-03   5.5 1.00e+00 1.00e+00f  1
  95r-1.0202835e-01 1.19e+06 2.82e+03   1.5 1.13e-03   6.0 1.00e+00 1.00e+00f  1
  96r-1.0204970e-01 1.19e+06 1.03e+03   1.5 3.40e-03   5.5 1.00e+00 1.00e+00f  1
  97r-1.0211485e-01 1.18e+06 8.90e+03   1.5 1.06e-02   5.0 1.00e+00 1.00e+00f  1
  98r-1.0232153e-01 1.17e+06 1.36e+03   1.5 3.07e-02   4.5 1.00e+00 1.00e+00f  1
  99r-1.0233173e-01 1.17e+06 1.06e+03   1.5 1.47e-03   5.9 1.00e+00 1.00e+00f  1
iter    objective    inf_pr   inf_du lg(mu)  ||d||  lg(rg) alpha_du alpha_pr  ls
 100r-1.0236178e-01 1.17e+06 1.22e+05   1.5 4.63e-03   5.4 1.00e+00 1.00e+00f  1
 101r-1.0237312e-01 1.17e+06 4.31e+04   1.5 1.72e-03   5.8 1.00e+00 1.00e+00f  1
 102r-1.0240760e-01 1.17e+06 1.54e+04   1.5 5.07e-03   5.3 1.00e+00 1.00e+00f  1
 103r-1.0242063e-01 1.17e+06 4.79e+03   1.5 1.83e-03   5.8 1.00e+00 1.00e+00f  1
 104r-1.0246034e-01 1.16e+06 1.04e+03   1.5 5.48e-03   5.3 1.00e+00 1.00e+00f  1
 105r-1.0247537e-01 1.16e+06 1.04e+03   1.5 2.06e-03   5.7 1.00e+00 1.00e+00f  1
 106r-1.0252134e-01 1.16e+06 1.04e+03   1.5 6.17e-03   5.2 1.00e+00 1.00e+00f  1
 107r-1.0266787e-01 1.15e+06 2.05e+03   1.5 1.86e-02   4.7 1.00e+00 1.00e+00f  1
 108r-1.0267144e-01 1.15e+06 3.95e+05   1.5 6.59e-01   6.1 8.97e-02 5.00e-01f  2
 109r-1.0267417e-01 1.15e+06 9.79e+05   1.5 3.07e-01   6.5 1.00e+00 1.00e+00f  1
iter    objective    inf_pr   inf_du lg(mu)  ||d||  lg(rg) alpha_du alpha_pr  ls
 110r-1.0268205e-01 1.15e+06 3.14e+04   1.5 2.24e-03   6.0 1.00e+00 1.00e+00f  1
 111r-1.0270599e-01 1.15e+06 1.45e+03   1.5 2.94e-03   5.5 1.00e+00 1.00e+00f  1
 112r-1.0278046e-01 1.14e+06 1.14e+05   1.5 9.80e-03   5.1 1.00e+00 1.00e+00f  1
 113r-1.0302735e-01 1.13e+06 1.09e+06   1.5 2.74e-02   4.6 1.00e+00 1.00e+00f  1
 114r-1.0303997e-01 1.13e+06 5.78e+05   1.5 1.81e-01   5.9 1.00e+00 1.00e+00f  1
 115r-1.0304448e-01 1.13e+06 5.84e+06   1.5 6.44e-01   6.4 6.34e-02 1.00e+00f  1
 116r-1.0304618e-01 1.13e+06 1.64e+06   1.5 1.12e-02   6.8 1.00e+00 1.00e+00f  1
 117r-1.0305126e-01 1.13e+06 5.68e+05   1.5 6.16e-04   6.3 1.00e+00 1.00e+00f  1
 118r-1.0306666e-01 1.13e+06 2.04e+05   1.5 1.87e-03   5.8 1.00e+00 1.00e+00f  1
 119r-1.0311392e-01 1.12e+06 6.00e+03   1.5 2.71e-02   5.3 1.00e+00 1.00e+00f  1
iter    objective    inf_pr   inf_du lg(mu)  ||d||  lg(rg) alpha_du alpha_pr  ls
 120r-1.0311422e-01 1.12e+06 9.69e+05   1.5 2.57e-02   7.6 7.09e-01 1.00e+00f  1
 121r-1.0311505e-01 1.12e+06 1.25e+04   1.5 9.96e-04   7.1 1.00e+00 1.00e+00f  1
 122r-1.0311755e-01 1.12e+06 1.07e+03   1.5 2.55e-04   6.6 1.00e+00 1.00e+00f  1
 123r-1.0312508e-01 1.12e+06 1.07e+03   1.5 7.64e-04   6.1 1.00e+00 1.00e+00f  1
 124r-1.0312791e-01 1.12e+06 1.07e+03   1.5 2.87e-04   6.6 1.00e+00 1.00e+00f  1
 125r-1.0313644e-01 1.12e+06 1.10e+03   1.5 8.85e-04   6.1 1.00e+00 1.00e+00f  1
 126r-1.0316235e-01 1.12e+06 1.07e+03   1.5 2.59e-03   5.6 1.00e+00 1.00e+00f  1
 127r-1.0324287e-01 1.12e+06 5.97e+03   1.5 7.79e-03   5.1 1.00e+00 1.00e+00f  1
 128r-1.0350514e-01 1.10e+06 9.26e+03   1.5 2.36e-02   4.7 1.00e+00 1.00e+00f  1
 129r-1.0436196e-01 1.04e+06 4.78e+04   1.5 7.22e-02   4.2 1.00e+00 1.00e+00f  1
iter    objective    inf_pr   inf_du lg(mu)  ||d||  lg(rg) alpha_du alpha_pr  ls
 130r-1.0436899e-01 1.04e+06 1.01e+06   1.5 7.21e-01   6.4 3.01e-02 5.36e-01f  1
 131r-1.0437450e-01 1.04e+06 2.53e+06   1.5 3.63e-01   6.8 1.00e+00 1.00e+00f  1
 132r-1.0438001e-01 1.04e+06 3.10e+03   1.5 1.02e-03   6.4 1.00e+00 1.00e+00f  1
 133r-1.0439649e-01 1.04e+06 2.42e+03   1.5 2.31e-03   5.9 1.00e+00 1.00e+00f  1
 134r-1.0444534e-01 1.03e+06 2.49e+03   1.5 4.36e-03   5.4 1.00e+00 1.00e+00f  1
 135r-1.0458529e-01 1.02e+06 1.55e+04   1.5 1.32e-02   4.9 1.00e+00 1.00e+00f  1
 136r-1.0492189e-01 9.72e+05 1.66e+04   1.5 4.03e-02   4.5 1.00e+00 1.00e+00f  1
 137r-1.0493682e-01 9.70e+05 3.20e+03   1.5 2.69e-03   5.8 1.00e+00 1.00e+00f  1
 138r-1.0493744e-01 9.70e+05 9.86e+03   1.5 7.54e-04   7.1 1.00e+00 1.00e+00f  1
 139r-1.0493925e-01 9.70e+05 1.18e+03   1.5 2.70e-04   6.6 1.00e+00 1.00e+00f  1
iter    objective    inf_pr   inf_du lg(mu)  ||d||  lg(rg) alpha_du alpha_pr  ls
 140r-1.0494461e-01 9.69e+05 4.06e+04   1.5 8.01e-03   6.2 1.00e+00 1.00e+00f  1
 141r-1.0496000e-01 9.66e+05 1.88e+05   1.5 3.89e-01   5.7 5.84e-02 1.00e+00f  1
 142r-1.0499997e-01 9.57e+05 5.69e+04   1.5 3.60e-01   5.2 1.00e+00 9.95e-01f  1
 143r-1.0500185e-01 9.56e+05 9.87e+03   1.5 2.86e-03   6.5 1.00e+00 1.00e+00f  1
 144r-1.0500254e-01 9.56e+05 3.06e+04   1.5 5.41e-04   7.0 1.00e+00 1.00e+00f  1
 145r-1.0500458e-01 9.55e+05 3.07e+03   1.5 1.00e-03   6.5 1.00e+00 1.00e+00f  1
 146r-1.0501054e-01 9.54e+05 1.47e+04   1.5 1.79e-03   6.0 1.00e+00 1.00e+00f  1
 147r-1.0502683e-01 9.50e+05 2.61e+03   1.5 3.32e-03   5.5 1.00e+00 1.00e+00f  1
 148r-1.0506250e-01 9.36e+05 3.52e+04   1.5 1.00e-02   5.1 1.00e+00 1.00e+00f  1
 149r-1.0506275e-01 9.36e+05 2.71e+04   1.5 8.41e-04   7.3 1.00e+00 1.00e+00f  1
iter    objective    inf_pr   inf_du lg(mu)  ||d||  lg(rg) alpha_du alpha_pr  ls
 150r-1.0506334e-01 9.36e+05 2.50e+03   1.5 1.77e-04   6.8 1.00e+00 1.00e+00f  1
 151r-1.0506508e-01 9.35e+05 2.39e+05   1.5 7.07e-04   6.3 1.00e+00 1.00e+00f  1
 152r-1.0506990e-01 9.33e+05 8.34e+04   1.5 2.00e-03   5.9 1.00e+00 1.00e+00f  1
 153r-1.0508106e-01 9.27e+05 6.66e+04   1.5 5.16e-03   5.4 1.00e+00 1.00e+00f  1
 154r-1.0509092e-01 9.07e+05 2.66e+04   1.5 2.10e-02   4.9 1.00e+00 1.00e+00f  1
 155r-1.0509030e-01 8.99e+05 7.92e+04   1.5 3.73e-01   5.3 7.23e-02 1.00e+00f  1
 156r-1.0508960e-01 8.97e+05 6.87e+05   1.5 1.48e-01   5.8 1.00e+00 9.53e-01f  1
 157r-1.0508926e-01 8.96e+05 2.09e+05   1.5 1.11e-02   6.2 1.00e+00 1.00e+00f  1
 158r-1.0508774e-01 8.92e+05 1.63e+05   1.5 2.33e-03   5.7 1.00e+00 1.00e+00f  1
 159r-1.0507991e-01 8.83e+05 1.58e+06   1.5 7.16e-03   5.2 1.00e+00 1.00e+00f  1
iter    objective    inf_pr   inf_du lg(mu)  ||d||  lg(rg) alpha_du alpha_pr  ls
 160r-1.0507953e-01 8.82e+05 4.44e+05   1.5 3.47e-04   6.6 1.00e+00 1.00e+00f  1
 161r-1.0507835e-01 8.81e+05 1.54e+05   1.5 9.92e-04   6.1 1.00e+00 1.00e+00f  1
 162r-1.0507790e-01 8.81e+05 5.58e+04   1.5 3.73e-04   6.5 1.00e+00 1.00e+00f  1
 163r-1.0507648e-01 8.79e+05 2.05e+04   1.5 1.12e-03   6.0 1.00e+00 1.00e+00f  1
 164r-1.0507594e-01 8.78e+05 7.75e+03   1.5 4.20e-04   6.5 1.00e+00 1.00e+00f  1
 165r-1.0507425e-01 8.77e+05 1.14e+04   1.5 1.28e-03   6.0 1.00e+00 1.00e+00f  1
 166r-1.0506880e-01 8.72e+05 7.60e+04   1.5 3.78e-03   5.5 1.00e+00 1.00e+00f  1
 167r-1.0505394e-01 8.56e+05 1.95e+05   1.5 1.13e-02   5.0 1.00e+00 1.00e+00f  1
 168r-1.0505330e-01 8.56e+05 1.42e+05   1.5 6.37e-02   6.3 3.16e-01 1.00e+00f  1
 169r-1.0505154e-01 8.53e+05 4.71e+04   1.5 6.32e-02   5.9 1.00e+00 1.00e+00f  1
iter    objective    inf_pr   inf_du lg(mu)  ||d||  lg(rg) alpha_du alpha_pr  ls
 170r-1.0505090e-01 8.53e+05 9.64e+03   1.5 6.03e-04   6.3 1.00e+00 1.00e+00f  1
 171r-1.0505066e-01 8.52e+05 3.51e+03   1.5 2.26e-04   6.7 1.00e+00 1.00e+00f  1
 172r-1.0504997e-01 8.51e+05 7.16e+03   1.5 6.99e-04   6.2 1.00e+00 1.00e+00f  1
 173r-1.0504816e-01 8.49e+05 5.18e+03   1.5 2.03e-03   5.8 1.00e+00 1.00e+00f  1
 174r-1.0504808e-01 8.49e+05 1.37e+03   1.5 1.09e-04   7.1 1.00e+00 1.00e+00f  1
 175r-1.0504783e-01 8.48e+05 1.53e+03   1.5 2.86e-04   6.6 1.00e+00 1.00e+00f  1
 176r-1.0504715e-01 8.47e+05 1.19e+04   1.5 4.23e-03   6.1 1.00e+00 1.00e+00f  1
 177r-1.0504713e-01 8.47e+05 2.59e+06   1.5 8.20e-02   7.5 2.91e-01 4.62e-01h  1
 178r-1.0504704e-01 8.47e+05 4.12e+05   1.5 4.15e-02   7.0 1.00e+00 1.00e+00f  1
 179r-1.0504700e-01 8.47e+05 2.32e+03   1.5 8.71e-05   7.4 1.00e+00 1.00e+00f  1
iter    objective    inf_pr   inf_du lg(mu)  ||d||  lg(rg) alpha_du alpha_pr  ls
 180r-1.0504690e-01 8.47e+05 2.77e+03   1.5 3.14e-04   6.9 1.00e+00 1.00e+00f  1
 181r-1.0504659e-01 8.46e+05 2.29e+03   1.5 7.80e-04   6.5 1.00e+00 1.00e+00f  1
 182r-1.0504581e-01 8.44e+05 9.78e+04   1.5 1.66e-03   6.0 1.00e+00 1.00e+00f  1
 183r-1.0504468e-01 8.39e+05 5.59e+04   1.5 3.66e-03   5.5 1.00e+00 1.00e+00f  1
 184r-1.0505541e-01 8.25e+05 7.30e+05   1.5 3.38e-02   5.0 1.00e+00 1.00e+00f  1
 185r-1.0505610e-01 8.24e+05 1.40e+06   1.5 6.02e-01   6.4 3.48e-02 1.00e+00f  1
 186r-1.0505850e-01 8.22e+05 5.14e+06   1.5 5.81e-02   5.9 1.00e+00 1.00e+00f  1
 187r-1.0506942e-01 8.16e+05 5.33e+05   1.5 4.67e-03   5.4 1.00e+00 1.00e+00f  1
 188r-1.0507420e-01 8.13e+05 1.46e+04   1.5 3.93e-03   5.8 1.00e+00 1.00e+00f  1
 189r-1.0507443e-01 8.13e+05 1.68e+05   1.5 2.95e-03   7.2 1.00e+00 1.00e+00f  1
iter    objective    inf_pr   inf_du lg(mu)  ||d||  lg(rg) alpha_du alpha_pr  ls
 190r-1.0507512e-01 8.13e+05 5.34e+03   1.5 4.02e-04   6.7 1.00e+00 1.00e+00f  1
 191r-1.0507730e-01 8.12e+05 3.91e+03   1.5 7.28e-04   6.2 1.00e+00 1.00e+00f  1
 192r-1.0508483e-01 8.09e+05 1.19e+03   1.5 2.18e-03   5.7 1.00e+00 1.00e+00f  1
 193r-1.0511650e-01 8.00e+05 1.91e+06   1.5 7.35e-03   5.3 1.00e+00 1.00e+00f  1
 194r-1.0511808e-01 8.00e+05 8.63e+05   1.5 8.20e-03   6.6 1.00e+00 1.00e+00f  1
 195r-1.0511815e-01 8.00e+05 1.90e+06   1.5 2.38e-03   7.9 1.00e+00 1.00e+00f  1
 196r-1.0511837e-01 8.00e+05 2.28e+05   1.5 1.22e-03   7.4 1.00e+00 1.00e+00f  1
 197r-1.0511903e-01 7.99e+05 4.03e+04   1.5 1.62e-04   7.0 1.00e+00 1.00e+00f  1
 198r-1.0512105e-01 7.99e+05 1.43e+04   1.5 4.45e-04   6.5 1.00e+00 1.00e+00f  1
 199r-1.0512744e-01 7.97e+05 1.18e+03   1.5 1.16e-03   6.0 1.00e+00 1.00e+00f  1
iter    objective    inf_pr   inf_du lg(mu)  ||d||  lg(rg) alpha_du alpha_pr  ls
 200r-1.0514961e-01 7.93e+05 1.47e+04   1.5 3.47e-03   5.5 1.00e+00 1.00e+00f  1
 201r-1.0515845e-01 7.91e+05 1.93e+06   1.5 2.56e-03   6.0 1.00e+00 1.00e+00f  1
 202r-1.0515886e-01 7.91e+05 1.02e+06   1.5 5.25e-04   7.3 1.00e+00 1.00e+00f  1
 203r-1.0516012e-01 7.91e+05 3.58e+03   1.5 4.76e-04   6.8 1.00e+00 1.00e+00f  1
 204r-1.0516397e-01 7.90e+05 2.80e+03   1.5 5.49e-04   6.3 1.00e+00 1.00e+00f  1
 205r-1.0517625e-01 7.88e+05 3.96e+04   1.5 1.65e-03   5.9 1.00e+00 1.00e+00f  1
 206r-1.0521952e-01 7.81e+05 1.88e+04   1.5 4.94e-03   5.4 1.00e+00 1.00e+00f  1
 207r-1.0540084e-01 7.61e+05 2.79e+05   1.5 1.48e-02   4.9 1.00e+00 1.00e+00f  1
 208r-1.0548049e-01 7.54e+05 4.74e+04   1.5 4.21e-02   5.3 6.67e-01 1.00e+00f  1
 209r-1.0577336e-01 7.32e+05 1.72e+04   1.5 4.35e-02   4.8 1.00e+00 1.00e+00f  1
iter    objective    inf_pr   inf_du lg(mu)  ||d||  lg(rg) alpha_du alpha_pr  ls
 210r-1.0577584e-01 7.32e+05 4.78e+06   1.5 3.96e-01   7.1 1.65e-02 1.00e+00f  1
 211r-1.0577612e-01 7.32e+05 7.55e+07   1.5 3.03e-01   7.5 8.05e-01 4.14e-01f  2
 212r-1.0577614e-01 7.32e+05 1.25e+09   1.5 4.18e-01   7.9 7.28e-02 6.82e-02h  1
 213r-1.0577614e-01 7.32e+05 1.25e+09   1.5 2.02e-01   8.4 2.61e-01 1.50e-03h  1
 214r-1.0577614e-01 7.32e+05 1.24e+09   1.5 2.67e-01   8.8 7.71e-01 5.31e-03h  1
 215r-1.0577615e-01 7.32e+05 7.91e+08   1.5 2.16e-01   8.3 2.36e-01 7.32e-02h  1
 216r-1.0577616e-01 7.32e+05 6.80e+08   1.5 5.73e-01   7.8 2.08e-01 3.81e-02h  1
 217r-1.0577616e-01 7.32e+05 6.53e+08   1.5 3.67e-01   9.2 7.42e-01 4.81e-03h  1
 218r-1.0577616e-01 7.32e+05 2.11e+12   1.5 3.78e-01   9.6 8.03e-02 8.62e-02H  1
 219r-1.0577616e-01 7.32e+05 2.11e+12   1.5 1.33e-01  12.7 0.00e+00 2.58e-07R  6
iter    objective    inf_pr   inf_du lg(mu)  ||d||  lg(rg) alpha_du alpha_pr  ls
 220r-1.0577616e-01 7.32e+05 2.30e+05   1.5 7.50e-10  12.2 9.90e-01 1.00e+00f  1
 221r-1.0577616e-01 7.32e+05 1.34e+03   1.5 2.25e-09  11.8 9.98e-01 1.00e+00f  1
 222r-1.0577616e-01 7.32e+05 1.06e+03   0.8 5.45e-09  11.3 1.00e+00 1.00e+00f  1
 223r-1.0577616e-01 7.32e+05 1.06e+03   0.8 1.64e-08  10.8 1.00e+00 1.00e+00f  1
 224r-1.0577616e-01 7.32e+05 1.06e+03   0.8 4.91e-08  10.3 1.00e+00 1.00e+00f  1
 225r-1.0577617e-01 7.32e+05 1.06e+03   0.8 1.47e-07   9.9 1.00e+00 1.00e+00f  1
 226r-1.0577617e-01 7.32e+05 1.06e+03   0.8 4.42e-07   9.4 1.00e+00 1.00e+00f  1
 227r-1.0577618e-01 7.32e+05 1.06e+03   0.8 1.33e-06   8.9 1.00e+00 1.00e+00f  1
 228r-1.0577622e-01 7.32e+05 1.06e+03   0.8 3.98e-06   8.4 1.00e+00 1.00e+00f  1
 229r-1.0577633e-01 7.32e+05 1.06e+03   0.8 1.19e-05   8.0 1.00e+00 1.00e+00f  1
iter    objective    inf_pr   inf_du lg(mu)  ||d||  lg(rg) alpha_du alpha_pr  ls
 230r-1.0577666e-01 7.31e+05 1.06e+03   0.8 3.58e-05   7.5 1.00e+00 1.00e+00f  1
 231r-1.0577767e-01 7.31e+05 1.06e+03   0.8 1.07e-04   7.0 1.00e+00 1.00e+00f  1
 232r-1.0578072e-01 7.31e+05 1.06e+03   0.8 3.23e-04   6.5 1.00e+00 1.00e+00f  1
 233r-1.0579022e-01 7.31e+05 1.07e+03   0.8 9.70e-04   6.0 1.00e+00 1.00e+00f  1
 234r-1.0582180e-01 7.29e+05 1.08e+03   0.8 2.94e-03   5.6 1.00e+00 1.00e+00f  1
 235r-1.0594457e-01 7.22e+05 1.21e+04   0.8 9.08e-03   5.1 1.00e+00 1.00e+00f  1
 236r-1.0600031e-01 7.19e+05 7.47e+05   0.8 5.50e-03   5.5 1.00e+00 1.00e+00f  1
 237r-1.0600302e-01 7.19e+05 2.01e+05   0.8 2.85e-03   6.8 1.00e+00 1.00e+00f  1
 238r-1.0601123e-01 7.19e+05 3.67e+04   0.8 1.84e-03   6.4 1.00e+00 1.00e+00f  1
 239r-1.0603716e-01 7.18e+05 7.27e+03   0.8 1.52e-03   5.9 1.00e+00 1.00e+00f  1
iter    objective    inf_pr   inf_du lg(mu)  ||d||  lg(rg) alpha_du alpha_pr  ls
 240r-1.0604712e-01 7.17e+05 2.25e+03   0.8 5.73e-04   6.3 1.00e+00 1.00e+00f  1
 241r-1.0607864e-01 7.16e+05 1.31e+03   0.8 1.74e-03   5.8 1.00e+00 1.00e+00f  1
 242r-1.0618517e-01 7.11e+05 1.44e+04   0.8 5.38e-03   5.4 1.00e+00 1.00e+00f  1
 243r-1.0619036e-01 7.10e+05 4.87e+04   0.8 2.42e-03   6.7 1.00e+00 1.00e+00f  1
 244r-1.0619060e-01 7.10e+05 1.59e+06   0.8 3.18e-03   8.0 1.00e+00 1.00e+00f  1
 245r-1.0619132e-01 7.10e+05 2.84e+05   0.8 1.71e-03   7.5 1.00e+00 1.00e+00f  1
 246r-1.0619349e-01 7.10e+05 2.64e+04   0.8 4.41e-04   7.1 1.00e+00 1.00e+00f  1
 247r-1.0620004e-01 7.10e+05 1.57e+03   0.8 3.24e-04   6.6 1.00e+00 1.00e+00f  1
 248r-1.0622007e-01 7.09e+05 1.26e+03   0.8 9.80e-04   6.1 1.00e+00 1.00e+00f  1
 249r-1.0628274e-01 7.06e+05 2.75e+04   0.8 3.00e-03   5.6 1.00e+00 1.00e+00f  1
iter    objective    inf_pr   inf_du lg(mu)  ||d||  lg(rg) alpha_du alpha_pr  ls
 250r-1.0648065e-01 6.98e+05 3.71e+05   0.8 9.38e-03   5.2 1.00e+00 1.00e+00f  1
 251r-1.0652685e-01 6.96e+05 6.15e+05   0.8 1.75e-02   5.6 9.26e-01 6.16e-01f  1
 252r-1.0675123e-01 6.86e+05 1.60e+05   0.8 1.24e-02   5.1 1.00e+00 1.00e+00f  1
 253r-1.0676200e-01 6.86e+05 3.93e+05   0.8 7.26e-03   6.4 1.00e+00 1.00e+00f  1
 254r-1.0679343e-01 6.84e+05 8.55e+04   0.8 5.79e-03   6.0 1.00e+00 1.00e+00f  1
 255r-1.0679491e-01 6.84e+05 2.82e+06   0.8 1.17e-03   7.3 1.00e+00 1.00e+00f  1
 256r-1.0679933e-01 6.84e+05 2.28e+05   0.8 9.00e-04   6.8 1.00e+00 1.00e+00f  1
 257r-1.0681259e-01 6.83e+05 8.87e+04   0.8 6.78e-04   6.3 1.00e+00 1.00e+00f  1
 258r-1.0681756e-01 6.83e+05 7.08e+04   0.8 3.37e-04   6.8 1.00e+00 1.00e+00f  1
 259r-1.0683247e-01 6.83e+05 3.30e+03   0.8 7.37e-04   6.3 1.00e+00 1.00e+00f  1
iter    objective    inf_pr   inf_du lg(mu)  ||d||  lg(rg) alpha_du alpha_pr  ls
 260r-1.0683807e-01 6.82e+05 1.78e+03   0.8 2.76e-04   6.7 1.00e+00 1.00e+00f  1
 261r-1.0685483e-01 6.82e+05 4.31e+03   0.8 1.23e-03   6.2 1.00e+00 1.00e+00f  1
 262r-1.0690506e-01 6.79e+05 1.12e+04   0.8 1.99e-02   5.8 3.54e-01 1.00e+00f  1
 263r-1.0692275e-01 6.79e+05 2.44e+05   0.8 1.79e-02   6.2 1.00e+00 9.38e-01f  1
 264r-1.0692286e-01 6.79e+05 1.04e+07   0.8 3.03e-03   8.4 9.89e-01 1.00e+00f  1
 265r-1.0692286e-01 6.79e+05 8.65e+05   0.8 2.27e-04   9.7 1.00e+00 1.00e+00h  1
 266r-1.0692288e-01 6.79e+05 3.16e+05   0.8 4.01e-05   9.3 1.00e+00 1.00e+00f  1
 267r-1.0692293e-01 6.79e+05 5.75e+04   0.8 1.70e-05   8.8 1.00e+00 1.00e+00f  1
 268r-1.0692307e-01 6.79e+05 8.12e+03   0.8 4.00e-05   8.3 1.00e+00 1.00e+00f  1
 269r-1.0692348e-01 6.79e+05 6.71e+03   0.8 9.92e-05   7.8 1.00e+00 1.00e+00f  1
iter    objective    inf_pr   inf_du lg(mu)  ||d||  lg(rg) alpha_du alpha_pr  ls
 270r-1.0692474e-01 6.79e+05 4.69e+03   0.8 2.08e-04   7.4 1.00e+00 1.00e+00f  1
 271r-1.0692851e-01 6.78e+05 2.84e+03   0.8 3.78e-04   6.9 1.00e+00 1.00e+00f  1
 272r-1.0693982e-01 6.78e+05 1.56e+03   0.8 6.21e-04   6.4 1.00e+00 1.00e+00f  1
 273r-1.0697373e-01 6.76e+05 2.93e+05   0.8 1.69e-03   5.9 1.00e+00 1.00e+00f  1
 274r-1.0698645e-01 6.76e+05 2.99e+04   0.8 6.35e-04   6.3 1.00e+00 1.00e+00f  1
 275r-1.0699122e-01 6.76e+05 1.12e+06   0.8 2.38e-04   6.8 1.00e+00 1.00e+00f  1
 276r-1.0700551e-01 6.75e+05 3.37e+04   0.8 7.15e-04   6.3 1.00e+00 1.00e+00f  1
 277r-1.0704837e-01 6.73e+05 4.88e+05   0.8 2.14e-03   5.8 1.00e+00 1.00e+00f  1
 278r-1.0706445e-01 6.72e+05 9.76e+04   0.8 8.35e-04   6.2 1.00e+00 1.00e+00f  1
 279r-1.0711263e-01 6.70e+05 1.70e+03   0.8 2.41e-03   5.8 1.00e+00 1.00e+00f  1
iter    objective    inf_pr   inf_du lg(mu)  ||d||  lg(rg) alpha_du alpha_pr  ls
 280r-1.0725690e-01 6.64e+05 5.96e+04   0.8 7.21e-03   5.3 1.00e+00 1.00e+00f  1
 281r-1.0726379e-01 6.64e+05 3.46e+04   0.8 3.17e-03   6.6 1.00e+00 1.00e+00f  1
 282r-1.0726411e-01 6.64e+05 6.91e+05   0.8 2.87e-03   7.9 1.00e+00 1.00e+00f  1
 283r-1.0726506e-01 6.64e+05 2.11e+04   0.8 1.38e-04   7.5 1.00e+00 1.00e+00f  1
 284r-1.0726792e-01 6.63e+05 1.41e+03   0.8 1.43e-04   7.0 1.00e+00 1.00e+00f  1
 285r-1.0727649e-01 6.63e+05 1.41e+03   0.8 4.28e-04   6.5 1.00e+00 1.00e+00f  1
 286r-1.0730219e-01 6.62e+05 1.41e+03   0.8 1.28e-03   6.0 1.00e+00 1.00e+00f  1
 287r-1.0737924e-01 6.59e+05 3.94e+04   0.8 3.85e-03   5.6 1.00e+00 1.00e+00f  1
 288r-1.0740818e-01 6.57e+05 3.67e+06   0.8 3.80e-03   6.0 1.00e+00 1.00e+00f  1
 289r-1.0740954e-01 6.57e+05 2.56e+05   0.8 6.24e-04   7.3 1.00e+00 1.00e+00f  1
iter    objective    inf_pr   inf_du lg(mu)  ||d||  lg(rg) alpha_du alpha_pr  ls
 290r-1.0741360e-01 6.57e+05 5.89e+05   0.8 2.03e-04   6.8 1.00e+00 1.00e+00f  1
 291r-1.0742580e-01 6.57e+05 3.12e+04   0.8 6.10e-04   6.4 1.00e+00 1.00e+00f  1
 292r-1.0743038e-01 6.56e+05 8.58e+05   0.8 2.84e-04   6.8 1.00e+00 1.00e+00f  1
 293r-1.0744410e-01 6.56e+05 3.43e+04   0.8 6.86e-04   6.3 1.00e+00 1.00e+00f  1
 294r-1.0748524e-01 6.54e+05 6.01e+05   0.8 2.17e-03   5.8 1.00e+00 1.00e+00f  1
 295r-1.0748718e-01 6.54e+05 6.13e+05   0.8 3.64e-04   7.2 1.00e+00 1.00e+00f  1
 296r-1.0749297e-01 6.54e+05 8.16e+05   0.8 2.89e-04   6.7 1.00e+00 1.00e+00f  1
 297r-1.0751033e-01 6.53e+05 1.35e+05   0.8 9.66e-04   6.2 1.00e+00 1.00e+00f  1
 298r-1.0756239e-01 6.51e+05 3.90e+04   0.8 2.60e-03   5.7 1.00e+00 1.00e+00f  1
 299r-1.0758193e-01 6.50e+05 1.17e+04   0.8 3.66e-03   6.2 1.00e+00 1.00e+00f  1
iter    objective    inf_pr   inf_du lg(mu)  ||d||  lg(rg) alpha_du alpha_pr  ls
 300r-1.0764049e-01 6.47e+05 1.97e+04   0.8 2.91e-03   5.7 1.00e+00 1.00e+00f  1
 301r-1.0781589e-01 6.39e+05 2.42e+04   0.8 8.70e-03   5.2 1.00e+00 1.00e+00f  1
 302r-1.0788192e-01 6.36e+05 1.55e+05   0.8 2.33e-02   5.6 3.28e-01 1.00e+00f  1
 303r-1.0788446e-01 6.36e+05 1.37e+05   0.8 1.86e-02   7.0 1.00e+00 8.16e-01f  1
 304r-1.0789373e-01 6.36e+05 6.02e+04   0.8 6.69e-03   6.5 1.00e+00 1.00e+00f  1
 305r-1.0792152e-01 6.35e+05 6.09e+04   0.8 1.48e-03   6.0 1.00e+00 1.00e+00f  1
 306r-1.0793194e-01 6.34e+05 4.79e+04   0.8 5.48e-03   6.4 8.77e-01 1.00e+00f  1
 307r-1.0795421e-01 6.33e+05 8.23e+04   0.8 3.31e-02   6.0 1.67e-01 7.12e-01f  1
 308r-1.0795568e-01 6.33e+05 1.04e+06   0.8 8.46e-03   7.3 1.00e+00 1.00e+00f  1
 309r-1.0795623e-01 6.33e+05 6.91e+05   0.8 3.14e-04   7.7 1.00e+00 1.00e+00f  1
iter    objective    inf_pr   inf_du lg(mu)  ||d||  lg(rg) alpha_du alpha_pr  ls
 310r-1.0795788e-01 6.33e+05 3.16e+04   0.8 8.14e-05   7.2 1.00e+00 1.00e+00f  1
 311r-1.0796282e-01 6.33e+05 1.40e+04   0.8 2.44e-04   6.8 1.00e+00 1.00e+00f  1
 312r-1.0797766e-01 6.32e+05 6.70e+05   0.8 1.10e-03   6.3 1.00e+00 1.00e+00f  1
 313r-1.0802216e-01 6.30e+05 1.69e+05   0.8 5.02e-03   5.8 1.00e+00 1.00e+00f  1
 314r-1.0815548e-01 6.24e+05 1.14e+05   0.8 1.37e-02   5.3 1.00e+00 1.00e+00f  1
 315r-1.0816184e-01 6.24e+05 6.29e+05   0.8 8.20e-03   6.7 2.75e-01 1.00e+00f  1
 316r-1.0818062e-01 6.23e+05 5.81e+04   0.8 4.80e-03   6.2 1.00e+00 1.00e+00f  1
 317r-1.0818766e-01 6.23e+05 4.13e+04   0.8 1.22e-03   6.6 1.00e+00 1.00e+00f  1
 318r-1.0820877e-01 6.22e+05 2.80e+04   0.8 1.04e-03   6.1 1.00e+00 1.00e+00f  1
 319r-1.0827208e-01 6.19e+05 6.40e+03   0.8 4.97e-03   5.6 1.00e+00 1.00e+00f  1
iter    objective    inf_pr   inf_du lg(mu)  ||d||  lg(rg) alpha_du alpha_pr  ls
 320r-1.0829372e-01 6.18e+05 6.17e+04   0.8 8.68e-03   6.1 1.00e+00 9.10e-01f  1
 321r-1.0829483e-01 6.18e+05 5.87e+05   0.8 4.44e-03   7.4 1.13e-01 1.00e+00f  1
 322r-1.0829489e-01 6.18e+05 5.62e+06   0.8 4.09e-04   8.7 1.00e+00 1.00e+00f  1
 323r-1.0829504e-01 6.18e+05 1.17e+05   0.8 4.65e-05   8.3 1.00e+00 1.00e+00f  1
 324r-1.0829551e-01 6.18e+05 1.99e+04   0.8 2.30e-05   7.8 1.00e+00 1.00e+00f  1
 325r-1.0829692e-01 6.18e+05 3.67e+03   0.8 6.89e-05   7.3 1.00e+00 1.00e+00f  1
 326r-1.0830115e-01 6.18e+05 4.74e+03   0.8 2.07e-04   6.8 1.00e+00 1.00e+00f  1
 327r-1.0831383e-01 6.18e+05 3.36e+04   0.8 6.20e-04   6.3 1.00e+00 1.00e+00f  1
 328r-1.0835186e-01 6.16e+05 5.02e+04   0.8 4.97e-03   5.9 1.00e+00 1.00e+00f  1
 329r-1.0846580e-01 6.11e+05 7.35e+04   0.8 1.27e-02   5.4 1.00e+00 1.00e+00f  1
iter    objective    inf_pr   inf_du lg(mu)  ||d||  lg(rg) alpha_du alpha_pr  ls
 330r-1.0847123e-01 6.11e+05 1.89e+06   0.8 8.68e-03   6.7 2.01e-01 1.00e+00f  1
 331r-1.0848727e-01 6.10e+05 1.71e+05   0.8 5.42e-03   6.2 1.00e+00 1.00e+00f  1
 332r-1.0853536e-01 6.08e+05 4.91e+04   0.8 2.43e-03   5.8 1.00e+00 1.00e+00f  1
 333r-1.0867940e-01 6.02e+05 8.06e+04   0.8 7.19e-03   5.3 1.00e+00 1.00e+00f  1
 334r-1.0868555e-01 6.02e+05 1.77e+05   0.8 7.27e-03   6.6 7.28e-01 8.93e-01f  1
 335r-1.0868810e-01 6.02e+05 1.03e+06   0.8 4.37e-03   7.0 2.25e-01 1.00e+00f  1
 336r-1.0868905e-01 6.02e+05 1.72e+05   0.8 2.01e-03   7.5 1.00e+00 1.00e+00f  1
 337r-1.0869190e-01 6.02e+05 1.28e+05   0.8 2.48e-03   7.0 1.00e+00 1.00e+00f  1
 338r-1.0870046e-01 6.02e+05 6.77e+04   0.8 2.12e-03   6.5 1.00e+00 1.00e+00f  1
 339r-1.0872612e-01 6.01e+05 9.81e+04   0.8 1.25e-03   6.0 1.00e+00 1.00e+00f  1
iter    objective    inf_pr   inf_du lg(mu)  ||d||  lg(rg) alpha_du alpha_pr  ls
 340r-1.0873575e-01 6.01e+05 3.12e+06   0.8 1.33e-02   6.5 4.51e-01 1.00e+00f  1
 341r-1.0873852e-01 6.00e+05 2.54e+05   0.8 7.06e-03   6.9 7.68e-01 7.66e-01f  1
 342r-1.0874935e-01 6.00e+05 1.09e+05   0.8 3.50e-03   6.4 1.00e+00 1.00e+00f  1
 343r-1.0878182e-01 5.99e+05 3.90e+04   0.8 1.58e-03   5.9 1.00e+00 1.00e+00f  1
 344r-1.0887910e-01 5.95e+05 5.54e+04   0.8 5.49e-03   5.5 1.00e+00 1.00e+00f  1
 345r-1.0888373e-01 5.95e+05 9.43e+04   0.8 6.61e-03   6.8 1.00e+00 1.00e+00f  1
 346r-1.0889742e-01 5.95e+05 8.58e+03   0.8 1.35e-03   6.3 1.00e+00 1.00e+00f  1
 347r-1.0893847e-01 5.93e+05 2.81e+04   0.8 1.99e-03   5.8 1.00e+00 1.00e+00f  1
 348r-1.0895388e-01 5.93e+05 3.99e+04   0.8 4.83e-03   6.3 1.00e+00 1.00e+00f  1
 349r-1.0895929e-01 5.92e+05 2.26e+05   0.8 7.69e-03   6.7 6.38e-01 9.37e-01f  1
iter    objective    inf_pr   inf_du lg(mu)  ||d||  lg(rg) alpha_du alpha_pr  ls
 350r-1.0896146e-01 5.92e+05 1.68e+05   0.8 4.56e-03   7.1 1.00e+00 1.00e+00f  1
 351r-1.0896796e-01 5.92e+05 4.20e+04   0.8 3.92e-04   6.6 1.00e+00 1.00e+00f  1
 352r-1.0898744e-01 5.91e+05 1.37e+03   0.8 9.45e-04   6.2 1.00e+00 1.00e+00f  1
 353r-1.0899475e-01 5.91e+05 1.07e+05   0.8 6.31e-04   6.6 1.00e+00 1.00e+00f  1
 354r-1.0899749e-01 5.91e+05 1.87e+05   0.8 4.84e-03   7.0 1.00e+00 1.00e+00f  1
 355r-1.0900559e-01 5.91e+05 2.12e+05   0.8 7.84e-03   6.5 6.24e-01 9.85e-01f  1
 356r-1.0900867e-01 5.91e+05 1.17e+05   0.8 5.02e-03   7.0 1.00e+00 1.00e+00f  1
 357r-1.0901792e-01 5.90e+05 2.02e+05   0.8 6.61e-04   6.5 1.00e+00 1.00e+00f  1
 358r-1.0902139e-01 5.90e+05 9.41e+04   0.8 4.76e-04   6.9 1.00e+00 1.00e+00f  1
 359r-1.0903179e-01 5.90e+05 3.39e+05   0.8 6.45e-04   6.4 1.00e+00 1.00e+00f  1
iter    objective    inf_pr   inf_du lg(mu)  ||d||  lg(rg) alpha_du alpha_pr  ls
 360r-1.0903569e-01 5.90e+05 1.33e+05   0.8 4.80e-03   6.9 1.00e+00 1.00e+00f  1
 361r-1.0904739e-01 5.89e+05 5.33e+05   0.8 7.97e-03   6.4 6.15e-01 1.00e+00f  1
 362r-1.0905178e-01 5.89e+05 1.20e+05   0.8 4.99e-03   6.8 1.00e+00 1.00e+00f  1
 363r-1.0906494e-01 5.89e+05 4.66e+05   0.8 7.45e-04   6.3 1.00e+00 1.00e+00f  1
 364r-1.0906988e-01 5.89e+05 1.09e+05   0.8 5.06e-04   6.8 1.00e+00 1.00e+00f  1
 365r-1.0908468e-01 5.88e+05 5.14e+05   0.8 4.81e-03   6.3 1.00e+00 1.00e+00f  1
 366r-1.0909024e-01 5.88e+05 2.31e+05   0.8 7.16e-03   6.7 5.89e-01 1.00e+00f  1
 367r-1.0910689e-01 5.87e+05 5.67e+05   0.8 5.02e-03   6.2 1.00e+00 1.00e+00f  1
 368r-1.0911313e-01 5.87e+05 1.05e+05   0.8 5.28e-04   6.7 1.00e+00 1.00e+00f  1
 369r-1.0913186e-01 5.86e+05 5.54e+05   0.8 9.07e-04   6.2 1.00e+00 1.00e+00f  1
iter    objective    inf_pr   inf_du lg(mu)  ||d||  lg(rg) alpha_du alpha_pr  ls
 370r-1.0913889e-01 5.86e+05 1.11e+05   0.8 4.82e-03   6.6 1.00e+00 1.00e+00f  1
 371r-1.0915996e-01 5.85e+05 6.19e+05   0.8 7.92e-03   6.1 6.28e-01 1.00e+00f  1
 372r-1.0916786e-01 5.85e+05 1.27e+05   0.8 4.62e-03   6.6 1.00e+00 1.00e+00f  1
 373r-1.0919155e-01 5.84e+05 5.72e+05   0.8 9.60e-03   6.1 5.53e-01 1.00e+00f  1
 374r-1.0926256e-01 5.82e+05 5.03e+04   0.8 1.04e-02   5.6 1.00e+00 1.00e+00f  1
 375r-1.0926592e-01 5.82e+05 6.18e+05   0.8 9.93e-03   6.9 9.96e-02 1.00e+00f  1
 376r-1.0926717e-01 5.82e+05 3.65e+05   0.8 6.55e-03   7.4 1.00e+00 1.00e+00f  1
 377r-1.0927091e-01 5.81e+05 1.22e+05   0.8 1.03e-03   6.9 1.00e+00 1.00e+00f  1
 378r-1.0928215e-01 5.81e+05 7.04e+03   0.8 5.43e-04   6.4 1.00e+00 1.00e+00f  1
 379r-1.0928637e-01 5.81e+05 4.54e+05   0.8 2.04e-04   6.8 1.00e+00 1.00e+00f  1
iter    objective    inf_pr   inf_du lg(mu)  ||d||  lg(rg) alpha_du alpha_pr  ls
 380r-1.0929901e-01 5.81e+05 3.99e+04   0.8 6.11e-04   6.3 1.00e+00 1.00e+00f  1
 381r-1.0933691e-01 5.79e+05 5.84e+05   0.8 1.83e-03   5.9 1.00e+00 1.00e+00f  1
 382r-1.0935114e-01 5.79e+05 1.14e+05   0.8 4.50e-03   6.3 1.00e+00 1.00e+00f  1
 383r-1.0935647e-01 5.79e+05 2.17e+06   0.8 4.65e-03   6.7 1.00e+00 1.00e+00f  1
 384r-1.0937246e-01 5.78e+05 4.44e+04   0.8 1.49e-03   6.2 1.00e+00 1.00e+00f  1
 385r-1.0937846e-01 5.78e+05 1.78e+06   0.8 3.21e-04   6.7 1.00e+00 1.00e+00f  1
 386r-1.0939644e-01 5.77e+05 4.31e+04   0.8 1.82e-03   6.2 1.00e+00 1.00e+00f  1
 387r-1.0945034e-01 5.75e+05 8.03e+04   0.8 4.94e-03   5.7 1.00e+00 1.00e+00f  1
 388r-1.0961162e-01 5.70e+05 5.97e+04   0.8 1.40e-02   5.2 1.00e+00 1.00e+00f  1
 389r-1.1009122e-01 5.53e+05 2.61e+04   0.8 2.32e-02   4.8 1.00e+00 1.00e+00f  1
iter    objective    inf_pr   inf_du lg(mu)  ||d||  lg(rg) alpha_du alpha_pr  ls
 390r-1.1011213e-01 5.53e+05 2.59e+04   0.8 9.22e-03   6.1 1.00e+00 8.72e-01f  1
 391r-1.1015801e-01 5.51e+05 2.32e+04   0.8 1.71e-02   5.6 4.70e-01 6.77e-01f  1
 392r-1.1035994e-01 5.45e+05 2.70e+04   0.8 1.13e-01   5.1 1.30e-01 1.00e+00f  1
 393r-1.1036906e-01 5.44e+05 2.85e+05   0.8 6.58e-03   6.5 9.45e-01 9.37e-01f  1
 394r-1.1036927e-01 5.44e+05 5.26e+06   0.8 3.23e-02   7.8 2.58e-01 4.56e-01f  1
 395r-1.1036927e-01 5.44e+05 5.08e+06   0.8 3.77e-03   9.1 1.00e+00 4.15e-02h  1
 396r-1.1036927e-01 5.44e+05 6.10e+06   0.8 1.19e-01   8.6 5.16e-02 1.79e-02f  4
 397r-1.1036947e-01 5.44e+05 4.54e+06   0.8 3.12e-03   8.2 1.00e+00 1.00e+00f  1
 398r-1.1037003e-01 5.44e+05 2.68e+06   0.8 5.86e-03   7.7 1.65e-01 1.00e+00f  1
 399r-1.1037024e-01 5.44e+05 6.23e+04   0.8 2.95e-04   8.1 1.00e+00 1.00e+00f  1
iter    objective    inf_pr   inf_du lg(mu)  ||d||  lg(rg) alpha_du alpha_pr  ls
 400r-1.1037087e-01 5.44e+05 5.82e+03   0.8 1.33e-04   7.6 1.00e+00 1.00e+00f  1
 401r-1.1037277e-01 5.44e+05 3.66e+03   0.8 2.52e-04   7.2 1.00e+00 1.00e+00f  1
 402r-1.1037846e-01 5.44e+05 2.16e+03   0.8 4.45e-04   6.7 1.00e+00 1.00e+00f  1
 403r-1.1039554e-01 5.44e+05 1.33e+03   0.8 8.23e-04   6.2 1.00e+00 1.00e+00f  1
 404r-1.1044669e-01 5.42e+05 2.73e+04   0.8 2.47e-03   5.7 1.00e+00 1.00e+00f  1
 405r-1.1059947e-01 5.37e+05 2.31e+04   0.8 7.40e-03   5.3 1.00e+00 1.00e+00f  1
 406r-1.1080262e-01 5.31e+05 9.04e+04   0.8 5.26e-02   4.8 4.51e-01 4.50e-01f  1
 407r-1.1097309e-01 5.23e+05 8.85e+04   0.8 8.37e-03   5.2 1.00e+00 1.00e+00f  1
 408r-1.1103701e-01 5.22e+05 2.93e+05   0.8 6.20e-03   5.6 1.00e+00 1.00e+00f  1
 409r-1.1106093e-01 5.23e+05 2.52e+06   0.8 5.12e-03   6.1 1.00e+00 1.00e+00f  1
iter    objective    inf_pr   inf_du lg(mu)  ||d||  lg(rg) alpha_du alpha_pr  ls
 410r-1.1106108e-01 5.22e+05 4.46e+07   0.8 6.19e-03   8.3 5.28e-01 1.00e+00h  1
 411r-1.1106150e-01 5.22e+05 3.38e+06   0.8 4.09e-03   7.8 1.00e+00 1.00e+00f  1
 412r-1.1106276e-01 5.22e+05 2.98e+05   0.8 8.14e-04   7.3 1.00e+00 1.00e+00f  1
 413r-1.1106654e-01 5.22e+05 6.04e+03   0.8 2.09e-04   6.9 1.00e+00 1.00e+00f  1
 414r-1.1107787e-01 5.22e+05 5.04e+04   0.8 5.52e-04   6.4 1.00e+00 1.00e+00f  1
 415r-1.1111183e-01 5.21e+05 3.87e+04   0.8 1.66e-03   5.9 1.00e+00 1.00e+00f  1
 416r-1.1112457e-01 5.20e+05 2.44e+05   0.8 4.73e-03   6.3 1.00e+00 1.00e+00f  1
 417r-1.1112935e-01 5.20e+05 2.36e+05   0.8 6.67e-03   6.8 5.54e-01 1.00e+00f  1
 418r-1.1114366e-01 5.20e+05 3.48e+05   0.8 4.55e-03   6.3 1.00e+00 1.00e+00f  1
 419r-1.1118652e-01 5.18e+05 4.68e+04   0.8 2.26e-03   5.8 1.00e+00 1.00e+00f  1
iter    objective    inf_pr   inf_du lg(mu)  ||d||  lg(rg) alpha_du alpha_pr  ls
 420r-1.1131436e-01 5.14e+05 1.08e+05   0.8 6.43e-03   5.3 1.00e+00 1.00e+00f  1
 421r-1.1136234e-01 5.12e+05 2.26e+04   0.8 6.74e-03   5.7 1.00e+00 1.00e+00f  1
 422r-1.1138030e-01 5.12e+05 1.08e+05   0.8 2.75e-03   6.2 1.00e+00 1.00e+00f  1
 423r-1.1138703e-01 5.12e+05 6.92e+04   0.8 4.59e-03   6.6 9.03e-01 1.00e+00f  1
 424r-1.1140719e-01 5.11e+05 1.40e+05   0.8 7.71e-03   6.1 6.89e-01 1.00e+00f  1
 425r-1.1141475e-01 5.11e+05 3.65e+04   0.8 4.55e-03   6.5 1.00e+00 1.00e+00f  1
 426r-1.1143741e-01 5.10e+05 5.68e+04   0.8 1.12e-03   6.1 1.00e+00 1.00e+00f  1
 427r-1.1150512e-01 5.08e+05 1.10e+06   0.8 5.08e-03   5.6 1.00e+00 1.00e+00f  1
 428r-1.1150832e-01 5.08e+05 1.59e+05   0.8 6.28e-03   6.9 1.00e+00 1.00e+00f  1
 429r-1.1151784e-01 5.07e+05 5.52e+05   0.8 1.26e-03   6.4 1.00e+00 1.00e+00f  1
iter    objective    inf_pr   inf_du lg(mu)  ||d||  lg(rg) alpha_du alpha_pr  ls
 430r-1.1154636e-01 5.06e+05 1.17e+05   0.8 1.42e-03   6.0 1.00e+00 1.00e+00f  1
 431r-1.1163149e-01 5.04e+05 3.35e+04   0.8 4.27e-03   5.5 1.00e+00 1.00e+00f  1
 432r-1.1163552e-01 5.04e+05 6.13e+05   0.8 5.27e-03   6.8 1.00e+00 1.00e+00f  1
 433r-1.1163561e-01 5.04e+05 4.35e+05   0.8 4.99e-02   7.2 1.13e-01 5.43e-02f  2
 434r-1.1163570e-01 5.04e+05 3.49e+05   0.8 9.13e-03   7.7 7.22e-01 1.67e-01f  2
 435r-1.1163573e-01 5.04e+05 2.28e+07   0.8 3.06e-03   9.0 5.06e-01 1.00e+00f  1
 436r-1.1163581e-01 5.04e+05 7.82e+06   0.8 1.57e-03   8.5 1.00e+00 1.00e+00f  1
 437r-1.1163604e-01 5.04e+05 1.91e+06   0.8 1.87e-03   8.0 1.00e+00 1.00e+00f  1
 438r-1.1163675e-01 5.04e+05 7.98e+04   0.8 2.07e-04   7.6 1.00e+00 1.00e+00f  1
 439r-1.1163888e-01 5.03e+05 2.44e+03   0.8 1.73e-04   7.1 1.00e+00 1.00e+00f  1
iter    objective    inf_pr   inf_du lg(mu)  ||d||  lg(rg) alpha_du alpha_pr  ls
 440r-1.1164528e-01 5.03e+05 4.70e+04   0.8 3.22e-04   6.6 1.00e+00 1.00e+00f  1
 441r-1.1166443e-01 5.03e+05 3.03e+03   0.8 1.43e-03   6.1 1.00e+00 1.00e+00f  1
 442r-1.1172167e-01 5.01e+05 4.53e+04   0.8 2.88e-03   5.7 1.00e+00 1.00e+00f  1
 443r-1.1189140e-01 4.99e+05 7.23e+04   0.8 8.70e-03   5.2 1.00e+00 1.00e+00f  1
 444r-1.1189955e-01 4.99e+05 8.47e+04   0.8 3.61e-03   6.5 1.00e+00 1.00e+00f  1
 445r-1.1192339e-01 4.99e+05 7.51e+04   0.8 2.16e-03   6.0 1.00e+00 1.00e+00f  1
 446r-1.1199449e-01 4.98e+05 3.81e+04   0.8 3.66e-03   5.6 1.00e+00 1.00e+00f  1
 447r-1.1220389e-01 4.98e+05 5.53e+03   0.8 1.10e-02   5.1 1.00e+00 1.00e+00f  1
 448r-1.1223156e-01 4.98e+05 3.75e+05   0.8 3.34e-02   5.5 2.57e-01 3.54e-01f  1
 449r-1.1223384e-01 4.98e+05 8.65e+06   0.8 2.37e-02   6.8 5.48e-01 5.91e-01f  1
iter    objective    inf_pr   inf_du lg(mu)  ||d||  lg(rg) alpha_du alpha_pr  ls
 450r-1.1224037e-01 4.98e+05 4.28e+06   0.8 1.66e-02   6.4 3.33e-01 5.88e-01f  1
 451r-1.1227332e-01 4.98e+05 1.02e+06   0.8 1.18e-02   5.9 1.00e+00 1.00e+00f  1
 452r-1.1237096e-01 4.98e+05 2.90e+05   0.8 9.32e-03   5.4 9.71e-01 1.00e+00f  1
 453r-1.1240750e-01 4.98e+05 1.63e+05   0.8 4.76e-03   5.8 1.00e+00 1.00e+00f  1
 454r-1.1251533e-01 4.98e+05 6.88e+04   0.8 6.73e-03   5.4 1.00e+00 1.00e+00f  1
 455r-1.1255562e-01 4.98e+05 2.59e+05   0.8 4.36e-03   5.8 1.00e+00 1.00e+00f  1
 456r-1.1255639e-01 4.98e+05 1.53e+06   0.8 2.14e-02   7.1 7.05e-01 4.07e-01f  1
 457r-1.1255994e-01 4.98e+05 9.32e+05   0.8 1.49e-02   6.6 1.85e-01 6.26e-01f  1
 458r-1.1257686e-01 4.98e+05 2.34e+05   0.8 5.07e-03   6.2 1.00e+00 1.00e+00f  1
 459r-1.1262718e-01 4.98e+05 5.33e+04   0.8 3.17e-03   5.7 1.00e+00 1.00e+00f  1
iter    objective    inf_pr   inf_du lg(mu)  ||d||  lg(rg) alpha_du alpha_pr  ls
 460r-1.1264602e-01 4.98e+05 3.97e+06   0.8 4.19e-03   6.1 1.00e+00 1.00e+00f  1
 461r-1.1264691e-01 4.98e+05 3.18e+05   0.8 1.17e-03   7.4 1.00e+00 1.00e+00f  1
 462r-1.1264724e-01 4.98e+05 8.84e+04   0.8 7.75e-04   7.9 1.00e+00 1.00e+00f  1
 463r-1.1264823e-01 4.98e+05 2.23e+04   0.8 9.20e-04   7.4 1.00e+00 1.00e+00f  1
 464r-1.1265120e-01 4.98e+05 1.35e+04   0.8 2.74e-04   6.9 1.00e+00 1.00e+00f  1
 465r-1.1266012e-01 4.98e+05 3.40e+05   0.8 4.94e-04   6.4 1.00e+00 1.00e+00f  1
 466r-1.1268672e-01 4.98e+05 4.02e+05   0.8 1.48e-03   6.0 1.00e+00 1.00e+00f  1
 467r-1.1276536e-01 4.98e+05 3.43e+04   0.8 4.45e-03   5.5 1.00e+00 1.00e+00f  1
 468r-1.1298996e-01 4.98e+05 6.62e+04   0.8 3.73e-02   5.0 1.00e+00 1.00e+00f  1
 469r-1.1300492e-01 4.98e+05 6.44e+04   0.8 7.32e-01   4.5 2.32e-02 2.69e-02f  1
iter    objective    inf_pr   inf_du lg(mu)  ||d||  lg(rg) alpha_du alpha_pr  ls
 470r-1.1300506e-01 4.98e+05 6.27e+04   0.8 3.57e-02   6.8 1.10e-01 3.28e-02h  1
 471r-1.1300737e-01 4.98e+05 1.28e+05   0.8 4.42e-02   6.3 1.15e-01 1.91e-01f  1
 472r-1.1301920e-01 4.97e+05 7.39e+04   0.8 1.78e-02   5.8 3.62e-01 3.37e-01f  1
 473r-1.1312102e-01 4.97e+05 5.45e+04   0.8 1.21e-02   5.3 9.02e-01 9.97e-01f  1
 474r-1.1339421e-01 4.97e+05 4.43e+04   0.8 1.97e-02   4.8 4.77e-01 1.00e+00f  1
 475r-1.1345493e-01 4.97e+05 4.58e+04   0.8 2.05e-02   5.3 5.96e-01 6.41e-01f  1
 476r-1.1346301e-01 4.97e+05 2.58e+06   0.8 7.03e-02   5.7 9.96e-02 2.30e-01f  1
 477r-1.1346304e-01 4.97e+05 3.34e+06   0.8 4.47e-02   7.9 6.16e-03 6.80e-02f  1
 478r-1.1346314e-01 4.97e+05 6.67e+07   0.8 3.41e-02   8.4 9.84e-02 3.71e-01f  1
 479r-1.1346349e-01 4.97e+05 1.31e+07   0.8 1.19e-02   7.9 6.92e-02 9.74e-01f  1
iter    objective    inf_pr   inf_du lg(mu)  ||d||  lg(rg) alpha_du alpha_pr  ls
 480r-1.1346354e-01 4.97e+05 1.36e+08   0.8 1.05e-02   8.3 2.27e-01 4.87e-01h  1
 481r-1.1346354e-01 4.97e+05 1.31e+08   0.8 6.30e-03   8.7 2.96e-01 3.62e-02h  1
 482r-1.1346355e-01 4.97e+05 7.14e+08   0.8 6.13e-03   9.2 1.00e+00 6.36e-01h  1
 483r-1.1346355e-01 4.97e+05 7.12e+08   0.8 1.44e-02   8.7 5.10e-02 2.69e-03h  1
 484r-1.1346355e-01 4.97e+05 5.84e+08   0.8 1.42e-02   9.1 1.00e+00 1.18e-01h  1
 485r-1.1346355e-01 4.97e+05 3.78e+08   0.8 1.62e-02   9.5 7.49e-02 3.46e-01h  1
 486r-1.1346355e-01 4.97e+05 3.09e+08   0.8 1.09e-02  10.0 9.40e-01 1.78e-01h  1
 487r-1.1346355e-01 4.97e+05 3.09e+08   0.8 1.00e-02   9.5 8.76e-01 2.38e-03h  1
 488r-1.1346356e-01 4.97e+05 2.35e+08   0.8 1.09e-02   9.9 1.00e+00 1.00e+00h  1
 489r-1.1346356e-01 4.97e+05 8.44e+07   0.8 8.36e-04  10.3 1.00e+00 1.00e+00f  1
iter    objective    inf_pr   inf_du lg(mu)  ||d||  lg(rg) alpha_du alpha_pr  ls
 490r-1.1346356e-01 4.97e+05 1.59e+06   0.8 7.60e-05   9.9 1.00e+00 1.00e+00f  1
