[Trial Log] trial=2 label=time_minus
[Trial Log] path=paper_outputs/final_paper_pack/reliability_raw/logs/02_time_minus.log
[Vehicle] Initializing vehicle dynamics model: SpaceX Starship IFT-6 (Booster 13 / Ship 31)

[Optimizer] Setting up CasADi problem for SpaceX Starship IFT-6 (Booster 13 / Ship 31)...
[Optimizer] Target Inclination not set. Defaulting to absolute Launch Latitude (26.00 deg) for min-energy orbit.
[Optimizer] Using external warm-start guess...
[Optimizer] External guess loaded in 0.00s
[Optimizer] Guidance Guess Summary:
  MECO: T=145.4s, Alt=84.7km, Vel=3021.2m/s
  SECO: T=301.9s, Alt=547.0km, Vel=11417.0m/s
[Optimizer] Starting IPOPT solver (Max Iter=2000)...

[96m================================================================================[0m
[1m OPTIMIZATION STRUCTURE (JACOBIAN)                       [0m[2m[SOURCE: CASADI][0m
[96m================================================================================[0m
  Constraints: 4506
  Variables:   3096
  Non-zeros:   38998
  Density:     0.2795%
  >>> [92m✅ SUCCESS: Jacobian is sparse (Expected for Direct Collocation).[0m
========================================

This is Ipopt version 3.14.11, running with linear solver MUMPS 5.4.1.

Number of nonzeros in equality constraint Jacobian...:    24678
Number of nonzeros in inequality constraint Jacobian.:    14320
Number of nonzeros in Lagrangian Hessian.............:    23236

Total number of variables............................:     3096
                     variables with only lower bounds:        0
                variables with lower and upper bounds:        0
                     variables with only upper bounds:        0
Total number of equality constraints.................:     2258
Total number of inequality constraints...............:     2248
        inequality constraints with only lower bounds:      844
   inequality constraints with lower and upper bounds:        0
        inequality constraints with only upper bounds:     1404

iter    objective    inf_pr   inf_du lg(mu)  ||d||  lg(rg) alpha_du alpha_pr  ls
   0 -1.0900000e-01 6.14e+03 1.00e+00  -1.0 0.00e+00    -  0.00e+00 0.00e+00   0
   1 -1.1853035e-01 1.24e+04 5.00e+01  -1.0 2.83e+01  -4.0 6.26e-02 1.50e-01f  1
   2 -1.2543824e-01 7.24e+03 4.56e+01  -1.0 2.14e+00   0.0 1.07e-01 1.69e-01f  1
   3 -1.5375800e-01 4.15e+03 9.34e+01  -1.0 1.92e+00  -0.4 3.36e-01 9.90e-01f  1
   4 -1.5326393e-01 2.87e+00 7.92e+01  -1.0 9.38e-01  -0.0 6.18e-01 6.09e-01h  1
   5 -1.5190795e-01 2.67e+01 1.19e+03  -1.0 9.28e+00  -0.5 1.06e-01 4.52e-01h  1
   6 -1.5550694e-01 1.39e+01 2.07e+03  -1.0 1.87e+00  -0.1 9.90e-01 5.56e-01h  1
   7 -1.6037429e-01 3.24e+00 9.25e+01  -1.0 1.36e+00  -0.5 9.91e-01 1.00e+00f  1
   8 -1.6421831e-01 7.61e-01 2.75e+01  -1.0 7.66e-01  -1.0 1.00e+00 1.00e+00f  1
   9 -1.7262736e-01 3.72e+01 3.58e+01  -1.0 5.61e+00  -1.5 1.00e+00 1.00e+00f  1
iter    objective    inf_pr   inf_du lg(mu)  ||d||  lg(rg) alpha_du alpha_pr  ls
  10 -1.6642913e-01 9.05e+00 1.59e+01  -1.0 2.61e+00  -0.2 1.00e+00 1.00e+00h  1
  11 -1.9868382e-01 7.01e+00 1.28e+03  -1.0 1.11e+01    -  5.36e-01 1.00e+00f  1
  12 -2.4927017e-01 8.42e+00 1.15e+03  -1.0 9.96e+00    -  7.87e-01 1.00e+00f  1
  13 -2.2925837e-01 4.37e+00 2.41e+02  -1.0 1.19e+00   0.3 1.00e+00 5.48e-01h  1
  14 -2.1189170e-01 9.93e-01 2.35e+01  -1.0 4.47e+00    -  1.00e+00 1.00e+00h  1
  15 -2.1270601e-01 1.45e-01 8.08e-01  -1.0 9.29e-01    -  1.00e+00 1.00e+00h  1
  16 -2.1274061e-01 4.63e-03 1.56e-01  -1.7 8.21e-02    -  1.00e+00 1.00e+00h  1
  17 -2.1455488e-01 2.78e-04 1.48e-01  -2.5 9.45e-02    -  1.00e+00 1.00e+00h  1
  18 -2.2457764e-01 6.60e-03 1.13e-02  -2.5 5.44e-01    -  1.00e+00 1.00e+00h  1
  19 -2.3370261e-01 4.72e-03 1.00e+02  -3.8 3.48e-01    -  9.41e-01 1.00e+00h  1
iter    objective    inf_pr   inf_du lg(mu)  ||d||  lg(rg) alpha_du alpha_pr  ls
  20 -2.8179506e-01 1.03e-01 2.37e-01  -3.8 4.03e+00    -  1.00e+00 9.02e-01h  1
  21 -2.8079163e-01 4.18e-03 6.55e-03  -3.8 2.15e+00    -  1.00e+00 1.00e+00h  1
  22 -2.8042815e-01 1.14e-04 1.91e-02  -3.8 2.25e-01    -  1.00e+00 1.00e+00h  1
  23 -2.8043962e-01 2.62e-06 3.31e-04  -3.8 1.38e-02    -  1.00e+00 1.00e+00h  1
  24 -3.0108708e-01 1.14e-02 2.39e+01  -5.7 4.19e+00    -  7.11e-01 9.65e-01h  1
  25 -3.1039849e-01 3.14e+02 9.39e+00  -5.7 8.21e+00    -  6.16e-01 6.82e-01h  1
  26 -3.1212625e-01 3.60e+02 8.24e+00  -5.7 6.25e+00    -  1.42e-01 3.18e-01h  1
  27 -3.1477066e-01 8.26e+01 6.67e+00  -5.7 4.67e+00    -  2.34e-01 7.23e-01h  1
  28 -3.1551815e-01 2.52e-04 3.78e+00  -5.7 2.69e+00    -  4.43e-01 8.13e-01h  1
  29 -3.1569639e-01 1.65e-05 7.63e-02  -5.7 1.46e+00    -  9.80e-01 1.00e+00h  1
iter    objective    inf_pr   inf_du lg(mu)  ||d||  lg(rg) alpha_du alpha_pr  ls
  30 -3.1570101e-01 1.05e-06 9.91e-05  -5.7 1.43e+00    -  1.00e+00 1.00e+00h  1
  31 -3.1570099e-01 1.33e-08 8.19e-07  -5.7 2.92e-01    -  1.00e+00 1.00e+00h  1
  32 -3.1570098e-01 1.35e-12 1.76e-10  -5.7 2.81e-03    -  1.00e+00 1.00e+00h  1
  33 -3.1608617e-01 1.17e-01 1.00e-01  -7.0 1.22e+00    -  7.60e-01 6.69e-01f  1
  34 -3.1623385e-01 7.16e-06 7.10e-03  -7.0 1.14e+00    -  7.83e-01 8.62e-01h  1
  35 -3.1625587e-01 2.57e-07 8.24e-06  -7.0 3.23e-01    -  1.00e+00 1.00e+00h  1
  36 -3.1625589e-01 1.51e-09 1.66e-06  -7.0 1.70e-02    -  1.00e+00 1.00e+00h  1
  37 -3.1625589e-01 4.16e-12 6.41e-09  -7.0 4.36e-04    -  1.00e+00 1.00e+00h  1

Number of Iterations....: 37

                                   (scaled)                 (unscaled)
Objective...............:  -3.1625588608393690e-01   -3.1625588608393690e-01
Dual infeasibility......:   6.4062018467758719e-09    6.4062018467758719e-09
Constraint violation....:   4.1608938516901617e-12    4.1608938516901617e-12
Variable bound violation:   0.0000000000000000e+00    0.0000000000000000e+00
Complementarity.........:   9.0924072987811475e-08    9.0924072987811475e-08
Overall NLP error.......:   9.0924072987811475e-08    9.0924072987811475e-08


Number of objective function evaluations             = 38
Number of objective gradient evaluations             = 38
Number of equality constraint evaluations            = 38
Number of inequality constraint evaluations          = 38
Number of equality constraint Jacobian evaluations   = 38
Number of inequality constraint Jacobian evaluations = 38
Number of Lagrangian Hessian evaluations             = 37
Total seconds in IPOPT                               = 20.990

EXIT: Optimal Solution Found.
      solver  :   t_proc      (avg)   t_wall      (avg)    n_eval
       nlp_f  | 630.00us ( 16.58us) 610.62us ( 16.07us)        38
       nlp_g  | 312.25ms (  8.22ms) 424.48ms ( 11.17ms)        38
  nlp_grad_f  |   1.83ms ( 46.92us)   3.10ms ( 79.38us)        39
  nlp_hess_l  |  12.63 s (341.42ms)  15.03 s (406.32ms)        37
   nlp_jac_g  |   4.05 s (103.80ms)   4.72 s (121.10ms)        39
       total  |  17.69 s ( 17.69 s)  20.99 s ( 20.99 s)         1
[Optimizer] SUCCESS: Optimal solution found in 36.50s.

[96m================================================================================[0m
[1m VARIABLE SCALING CHECK                                  [0m[2m[SOURCE: OPTIMIZER][0m
[96m================================================================================[0m
[1mVariable   | Component  | Range (Scaled)       | Mean     | Status[0m
[96m-----------------------------------------------------------------[0m
T1         | Time       | 0.1899               | 0.1899   | [92mOK[0m
T3         | Time       | 0.5524               | 0.5524   | [92mOK[0m
X1         | Position   | [0.9994, 1.0117]   | 1.0032   | [92mOK[0m
           | Velocity   | [0.0529, 0.4002]   | 0.1652   | [92mOK[0m
           | Mass       | [1.5750, 4.9750]   | 3.2615   | [92mOK[0m
X3         | Position   | [1.0117, 1.0658]   | 1.0464   | [92mOK[0m
           | Velocity   | [0.4002, 0.9680]   | 0.6546   | [92mOK[0m
           | Mass       | [0.3163, 1.3000]   | 0.7060   | [92mOK[0m
U1         | Throttle   | [0.7401, 1.0000]   | 0.9569   | [92mOK[0m
           | Direction  | [1.0000, 1.0000]   | 1.0000   | [92mOK[0m
U3         | Throttle   | [0.4001, 0.9999]   | 0.5599   | [92mOK[0m
           | Direction  | [1.0000, 1.0000]   | 1.0000   | [92mOK[0m
[96m-----------------------------------------------------------------[0m
  * Ideal scaling is O(1) (0.1 to 10.0).
  * 'WARN' indicates potential numerical stiffness for IPOPT.
========================================


[96m================================================================================[0m
[1m GUIDANCE VS OPTIMALITY CHECK                            [0m[2m[SOURCE: GUESS VS OPT][0m
[96m================================================================================[0m
  MECO Time:   Guess=145.4s, Opt=153.2s (Diff: +7.7s)
  Final Mass:  Guess=109,000kg (Depletion), Opt=316,256kg (Insertion)
  >>> [92m✅ INFO: Optimizer found a solution with 207,256 kg of fuel remaining.[0m
      (The initial guess burned all fuel; the optimizer cut the engine early at orbit insertion.)
========================================

[Optimizer] Total optimization time: 49.37s

[Simulation] Starting Verification Simulation (rtol=1e-09, atol=1e-12)...
  > Control Reconstruction (Phase 1): Max Error = 0.0e+00
  > Control Reconstruction (Phase 3): Max Error = 0.0e+00
[Simulation] Phase 1 (Boost): 0.0s -> 153.15s
  [Liftoff Check]
  [Force Diag] Mass: 4975.0t | Alt: 0.0km
  [Force Diag] G-Force: 48843.0 kN | Net Force: 25731.2 kN
  [Force Diag] Accel:   5.17 m/s^2 (0.53 g)
  > Integrator: 1371 steps, Success=True, Msg='The solver successfully reached the end of the integration interval.'
[Simulation] Phase 1 End: Ellipsoid alt=78.7km, Vel=3165.6m/s
[Debug] MECO Drift: Pos=0.2m, Mass=0.00kg
  [MECO Check]
  [Force Diag] Mass: 1575.0t | Alt: 78.7km
  [Force Diag] G-Force: 15087.9 kN | Net Force: 54034.3 kN
  [Force Diag] Accel:   34.31 m/s^2 (3.50 g)
[Simulation] Phase 3 (Ship): 153.15s -> 598.56s
  [Staging Check]
  [Force Diag] Mass: 1300.0t | Alt: 78.7km
  [Force Diag] G-Force: 12453.5 kN | Net Force: 12746.8 kN
  [Force Diag] Accel:   9.81 m/s^2 (1.00 g)
  > Integrator: 1546 steps, Success=True, Msg='The solver successfully reached the end of the integration interval.'
[Simulation] Phase 3 End: Ellipsoid alt=423.4km, Vel=7657.3m/s
[Debug] SECO Drift: Pos=0.00km, Mass=-0.03kg
  [Injection Check]
  [Force Diag] Mass: 316.3t | Alt: 423.4km
  [Force Diag] G-Force: 2729.8 kN | Net Force: 7088.1 kN
  [Force Diag] Accel:   22.41 m/s^2 (2.29 g)
[Trial Log] status=PASS_RAW

[Trial Summary]
status=PASS_RAW
solver_status_class=SOLVE_OK
solver_return_status=Solve_Succeeded
solver_iter_count=37
runtime_s=56.98202967643738
mission_success_raw=1
mission_success_slack=1
