[Trial Log] trial=5 label=state_plus
[Trial Log] path=paper_outputs/final_paper_pack/reliability_raw/logs/05_state_plus.log
[Vehicle] Initializing vehicle dynamics model: SpaceX Starship IFT-6 (Booster 13 / Ship 31)

[Optimizer] Setting up CasADi problem for SpaceX Starship IFT-6 (Booster 13 / Ship 31)...
[Optimizer] Target Inclination not set. Defaulting to absolute Launch Latitude (26.00 deg) for min-energy orbit.
[Optimizer] Using external warm-start guess...
[Optimizer] External guess loaded in 0.00s
[Optimizer] Guidance Guess Summary:
  MECO: T=146.5s, Alt=86.5km, Vel=3068.2m/s
  SECO: T=304.2s, Alt=565.4km, Vel=11773.9m/s
[Optimizer] Starting IPOPT solver (Max Iter=2000)...

[96m================================================================================[0m
[1m OPTIMIZATION STRUCTURE (JACOBIAN)                       [0m[2m[SOURCE: CASADI][0m
[96m================================================================================[0m
  Constraints: 4506
  Variables:   3096
  Non-zeros:   38998
  Density:     0.2795%
  >>> [92m✅ SUCCESS: Jacobian is sparse (Expected for Direct Collocation).[0m
========================================

This is Ipopt version 3.14.11, running with linear solver MUMPS 5.4.1.

Number of nonzeros in equality constraint Jacobian...:    24678
Number of nonzeros in inequality constraint Jacobian.:    14320
Number of nonzeros in Lagrangian Hessian.............:    23236

Total number of variables............................:     3096
                     variables with only lower bounds:        0
                variables with lower and upper bounds:        0
                     variables with only upper bounds:        0
Total number of equality constraints.................:     2258
Total number of inequality constraints...............:     2248
        inequality constraints with only lower bounds:      844
   inequality constraints with lower and upper bounds:        0
        inequality constraints with only upper bounds:     1404

iter    objective    inf_pr   inf_du lg(mu)  ||d||  lg(rg) alpha_du alpha_pr  ls
   0 -1.0000000e-01 6.07e+03 1.00e+00  -1.0 0.00e+00    -  0.00e+00 0.00e+00   0
   1 -1.0968129e-01 7.28e+04 1.40e+02  -1.0 3.50e+01  -4.0 6.32e-02 1.50e-01f  1
   2 -1.1226120e-01 6.60e+04 1.28e+02  -1.0 2.57e+00   0.0 7.97e-02 5.99e-02f  1
   3 -1.1411358e-01 6.10e+04 3.41e+02  -1.0 2.51e+00   1.4 9.39e-02 5.03e-02h  1
   4 -1.1482333e-01 5.93e+04 4.62e+02  -1.0 2.45e+00   1.8 2.00e-02 2.02e-02h  1
   5 -1.1539834e-01 5.78e+04 1.49e+03  -1.0 2.88e+00   2.2 2.04e-01 1.58e-02h  1
   6 -1.1669763e-01 5.39e+04 1.17e+03  -1.0 2.40e+00   1.7 8.60e-02 4.37e-02h  1
   7 -1.1759043e-01 5.12e+04 1.96e+03  -1.0 1.35e+01   2.2 1.49e-01 2.35e-02h  1
   8 -1.1811290e-01 4.97e+04 2.27e+03  -1.0 2.32e+00   2.6 3.30e-02 1.86e-02h  1
   9 -1.1861411e-01 4.82e+04 1.01e+04  -1.0 2.30e+00   3.0 8.26e-02 1.74e-02h  1
iter    objective    inf_pr   inf_du lg(mu)  ||d||  lg(rg) alpha_du alpha_pr  ls
  10 -1.1918000e-01 4.66e+04 1.38e+04  -1.0 2.28e+00   3.4 9.07e-04 2.08e-02h  1
  11 -1.1938739e-01 4.61e+04 1.56e+04  -1.0 5.78e+00   3.0 1.86e-01 8.25e-03h  1
  12 -1.1949186e-01 4.58e+04 2.03e+04  -1.0 2.25e+00   4.3 7.02e-03 4.10e-03h  1
  13 -1.2030325e-01 4.54e+04 3.47e+05  -1.0 9.12e+00   3.8 1.14e-03 2.82e-02h  1
  14 -1.2053161e-01 4.47e+04 3.44e+05  -1.0 2.21e+00   4.2 2.04e-03 1.02e-02h  1
  15 -1.2085641e-01 4.38e+04 3.39e+05  -1.0 2.20e+00   3.8 3.43e-02 1.54e-02h  1
  16 -1.2108934e-01 4.32e+04 3.35e+05  -1.0 2.18e+00   4.2 3.14e-04 1.12e-02h  1
  17 -1.2118473e-01 4.30e+04 3.33e+05  -1.0 2.17e+00   4.6 4.60e-02 4.63e-03h  1
  18 -1.2132651e-01 4.26e+04 3.31e+05  -1.0 4.84e+00   4.1 1.48e-02 6.54e-03h  1
  19 -1.2143152e-01 4.23e+04 7.10e+05  -1.0 2.16e+00   4.6 1.60e-01 5.47e-03h  1
iter    objective    inf_pr   inf_du lg(mu)  ||d||  lg(rg) alpha_du alpha_pr  ls
  20 -1.2178705e-01 4.14e+04 6.98e+05  -1.0 2.20e+00   4.1 2.60e-02 1.97e-02h  1
  21 -1.2189164e-01 4.09e+04 6.24e+05  -1.0 5.64e+00   3.6 1.03e-01 8.98e-03h  1
  22 -1.2252193e-01 3.92e+04 5.81e+05  -1.0 2.13e+00   4.0 2.14e-03 3.71e-02h  1
  23 -1.2263123e-01 3.89e+04 5.62e+05  -1.0 2.09e+00   4.5 5.14e-04 6.36e-03h  1
  24 -1.2310271e-01 3.75e+04 6.45e+05  -1.0 6.76e+00   4.0 2.04e-01 2.48e-02h  1
  25 -1.2325270e-01 3.71e+04 1.29e+06  -1.0 3.00e+00   5.3 4.15e-02 7.53e-03h  1
  26 -1.2343295e-01 3.67e+04 3.80e+06  -1.0 2.05e+00   5.7 5.36e-02 9.95e-03h  1
  27 -1.2366103e-01 3.61e+04 3.54e+06  -1.0 2.04e+00   5.3 1.90e-03 1.39e-02h  1
  28 -1.2368101e-01 3.60e+04 3.49e+06  -1.0 2.02e+00   5.7 3.25e-04 1.19e-03h  1
  29 -1.2390055e-01 3.55e+04 7.10e+06  -1.0 2.02e+00   5.2 2.44e-01 1.34e-02h  1
iter    objective    inf_pr   inf_du lg(mu)  ||d||  lg(rg) alpha_du alpha_pr  ls
  30 -1.2409910e-01 3.50e+04 6.98e+06  -1.0 2.01e+00   5.6 1.13e-02 1.21e-02h  1
  31 -1.2431063e-01 3.45e+04 1.61e+07  -1.0 1.99e+00   5.2 9.07e-01 1.32e-02h  1
  32 -1.2573951e-01 3.10e+04 1.31e+07  -1.0 1.98e+00   5.6 3.73e-02 8.96e-02h  1
  33 -1.2576778e-01 3.09e+04 3.08e+07  -1.0 1.89e+00   6.0 1.92e-01 1.96e-03h  1
  34 -1.2629144e-01 2.96e+04 1.48e+08  -1.0 1.89e+00   6.4 4.67e-01 3.57e-02h  1
  35 -1.2680424e-01 2.84e+04 2.89e+08  -1.0 1.85e+00   6.9 3.16e-01 3.17e-02h  1
  36 -1.2692251e-01 2.82e+04 5.23e+08  -1.0 2.27e+00   7.3 1.76e-01 7.59e-03h  1
  37 -1.2981050e-01 2.44e+04 5.28e+08  -1.0 1.82e+00   6.8 5.58e-03 1.91e-01h  1
  38 -1.3043424e-01 2.22e+04 4.93e+08  -1.0 1.63e+00   7.2 5.79e-04 6.31e-02h  1
MUMPS returned INFO(1) = -9 and requires more memory, reallocating.  Attempt 1
  Increasing icntl[13] from 1000 to 2000.
MUMPS returned INFO(1) = -9 and requires more memory, reallocating.  Attempt 1
  Increasing icntl[13] from 2000 to 4000.
  39 -1.3044119e-01 2.22e+04 4.93e+08  -1.0 1.62e+00   8.6 3.32e-03 6.74e-04h  1
iter    objective    inf_pr   inf_du lg(mu)  ||d||  lg(rg) alpha_du alpha_pr  ls
  40 -1.3044169e-01 2.22e+04 4.93e+08  -1.0 2.53e+00   8.1 8.32e-05 4.35e-05h  1
  41 -1.3044222e-01 2.22e+04 4.93e+08  -1.0 1.69e+00   8.5 6.90e-06 5.09e-05h  1
  42 -1.3048074e-01 2.21e+04 7.21e+08  -1.0 2.82e+00   8.0 4.50e-02 3.32e-03f  1
  43 -1.3048192e-01 2.21e+04 7.23e+08  -1.0 1.85e+00   8.5 2.28e-04 1.11e-04h  1
  44 -1.3049334e-01 2.20e+04 7.17e+08  -1.0 3.75e+00   8.0 7.52e-06 9.06e-04h  1
  45 -1.3070192e-01 2.14e+04 4.80e+08  -1.0 1.91e+00   8.4 5.17e-03 1.92e-02h  1
  46 -1.3091677e-01 2.08e+04 6.63e+08  -1.0 2.37e+00   7.9 1.97e-02 1.77e-02h  1
  47 -1.3093848e-01 2.07e+04 6.58e+08  -1.0 3.45e+00   8.4 4.38e-03 1.79e-03h  1
  48 -1.3093885e-01 2.07e+04 6.58e+08  -1.0 1.84e+00   8.8 2.70e-05 3.52e-05h  1
  49 -1.3094045e-01 2.07e+04 6.58e+08  -1.0 4.34e+00   8.3 3.11e-06 1.23e-04h  1
iter    objective    inf_pr   inf_du lg(mu)  ||d||  lg(rg) alpha_du alpha_pr  ls
  50 -1.3120044e-01 1.99e+04 5.95e+08  -1.0 1.92e+00   8.7 3.27e-03 2.42e-02h  1
  51 -1.3130746e-01 1.96e+04 6.78e+08  -1.0 1.52e+00   8.3 2.19e-03 1.01e-02h  1
  52 -1.3136138e-01 1.94e+04 6.29e+08  -1.0 1.51e+00   8.7 8.22e-03 5.65e-03h  1
  53 -1.3143853e-01 1.91e+04 8.07e+08  -1.0 1.51e+00   9.1 4.15e-03 8.31e-03h  1
  54 -1.3143947e-01 1.91e+04 8.05e+08  -1.0 2.18e+00   8.6 1.75e-04 9.20e-05h  1
  55r-1.3143947e-01 1.91e+04 1.00e+03   1.0 0.00e+00   9.1 0.00e+00 2.57e-07R  6
  56r-1.4094779e-01 1.78e+04 9.92e+02   1.0 1.01e+04    -  7.69e-03 1.07e-03f  1
  57 -1.4094781e-01 1.78e+04 7.39e+00  -1.0 5.88e+06    -  1.91e-01 1.26e-06f 19
  58 -1.4094790e-01 1.78e+04 9.18e+04  -1.0 3.76e+00   8.6 7.85e-01 6.25e-05h  1
  59 -1.4094792e-01 1.78e+04 1.31e+05  -1.0 3.76e+00   8.1 1.26e-04 8.12e-05h  1
iter    objective    inf_pr   inf_du lg(mu)  ||d||  lg(rg) alpha_du alpha_pr  ls
  60 -1.4094772e-01 1.78e+04 3.37e+05  -1.0 3.76e+00   7.6 1.77e-04 3.19e-05h  1
  61 -1.4094620e-01 1.78e+04 3.75e+05  -1.0 3.76e+00   7.2 2.42e-04 1.99e-04h  1
  62 -1.4094259e-01 1.78e+04 1.56e+06  -1.0 3.76e+00   6.7 3.78e-03 4.27e-04h  1
  63 -1.4091507e-01 1.77e+04 1.24e+06  -1.0 3.76e+00   6.2 8.88e-04 3.30e-03h  1
  64 -1.4074723e-01 1.70e+04 3.33e+06  -1.0 3.76e+00   5.7 7.01e-02 2.03e-02h  1
  65 -1.4066562e-01 1.66e+04 4.81e+06  -1.0 3.72e+00   6.2 2.48e-02 1.05e-02h  2
  66 -1.4061256e-01 1.60e+04 5.00e+06  -1.0 5.31e+00   5.7 2.79e-02 1.41e-02h  1
  67 -1.4058471e-01 1.59e+04 1.32e+07  -1.0 3.67e+00   6.1 8.98e-02 3.25e-03h  1
  68 -1.4043764e-01 1.54e+04 1.44e+07  -1.0 3.66e+00   5.6 9.87e-02 1.76e-02h  1
  69 -1.4043605e-01 1.54e+04 1.45e+07  -1.0 3.63e+00   6.1 5.30e-04 1.95e-04h  2
iter    objective    inf_pr   inf_du lg(mu)  ||d||  lg(rg) alpha_du alpha_pr  ls
  70 -1.4040197e-01 1.51e+04 1.43e+07  -1.0 3.63e+00   5.6 1.85e-05 5.18e-03f  1
  71 -1.4021770e-01 1.43e+04 1.83e+07  -1.0 3.62e+00   6.0 9.91e-02 2.46e-02h  1
  72 -1.4016080e-01 1.41e+04 1.69e+07  -1.0 3.58e+00   6.4 2.84e-04 8.16e-03h  1
  73 -1.4011056e-01 1.39e+04 1.33e+07  -1.0 3.56e+00   6.9 2.31e-04 7.05e-03h  1
  74 -1.4004905e-01 1.38e+04 2.02e+07  -1.0 3.55e+00   6.4 6.08e-02 1.00e-02h  1
  75 -1.4002550e-01 1.37e+04 2.61e+07  -1.0 3.53e+00   6.8 1.68e-02 3.29e-03h  1
  76 -1.3989084e-01 1.33e+04 4.67e+07  -1.0 3.52e+00   6.3 2.05e-01 2.05e-02h  1
  77 -1.3973728e-01 1.28e+04 3.81e+07  -1.0 3.49e+00   6.8 1.30e-03 2.29e-02h  1
  78 -1.3962927e-01 1.24e+04 2.07e+07  -1.0 3.45e+00   7.2 4.86e-05 1.69e-02h  1
  79 -1.3959726e-01 1.22e+04 3.60e+07  -1.0 3.42e+00   6.7 6.36e-02 5.97e-03h  1
iter    objective    inf_pr   inf_du lg(mu)  ||d||  lg(rg) alpha_du alpha_pr  ls
  80 -1.3955986e-01 1.21e+04 1.35e+08  -1.0 3.41e+00   7.1 1.19e-01 5.69e-03h  1
  81 -1.3927301e-01 1.09e+04 1.23e+08  -1.0 3.40e+00   6.6 2.69e-03 4.56e-02h  1
  82 -1.3926292e-01 1.09e+04 1.22e+08  -1.0 3.32e+00   7.1 1.72e-05 1.48e-03h  1
  83 -1.3916369e-01 1.05e+04 1.18e+08  -1.0 3.32e+00   6.6 3.92e-04 1.53e-02h  1
  84 -1.3894627e-01 9.70e+03 1.63e+08  -1.0 3.29e+00   7.0 1.16e-01 3.40e-02h  1
  85 -1.3899699e-01 9.36e+03 1.65e+08  -1.0 1.57e+01   6.5 2.31e-02 5.49e-03h  1
  86 -1.3900641e-01 8.73e+03 1.73e+08  -1.0 5.10e+00   7.0 8.97e-02 1.77e-02h  1
  87 -1.3886704e-01 8.70e+03 1.83e+08  -1.0 3.20e+00   7.4 3.14e-03 3.54e-02h  1
  88 -1.3885999e-01 8.67e+03 2.62e+08  -1.0 3.14e+00   6.9 4.89e-01 1.28e-03h  1
  89 -1.3883743e-01 6.74e+03 2.97e+08  -1.0 4.69e+00   6.4 2.58e-03 6.64e-02h  1
iter    objective    inf_pr   inf_du lg(mu)  ||d||  lg(rg) alpha_du alpha_pr  ls
  90 -1.3883289e-01 6.72e+03 2.97e+08  -1.0 3.03e+00   7.8 3.58e-05 9.90e-04h  1
  91 -1.3882600e-01 6.68e+03 2.96e+08  -1.0 3.03e+00   7.3 6.53e-05 1.79e-03h  1
  92 -1.3862723e-01 6.17e+03 3.68e+08  -1.0 3.02e+00   7.7 8.98e-02 4.50e-02h  1
  93 -1.3862485e-01 6.17e+03 3.66e+08  -1.0 2.96e+00   8.1 3.88e-04 6.13e-04h  1
  94 -1.3862263e-01 6.16e+03 3.64e+08  -1.0 2.95e+00   7.7 1.62e-05 8.01e-04h  1
  95 -1.3847060e-01 5.77e+03 2.65e+08  -1.0 2.95e+00   8.1 1.69e-04 4.08e-02h  1
  96 -1.3846695e-01 5.76e+03 2.64e+08  -1.0 2.89e+00   7.6 1.08e-02 1.45e-03h  1
  97 -1.3843132e-01 5.67e+03 2.62e+08  -1.0 2.89e+00   8.0 1.44e-04 1.01e-02h  1
  98 -1.3843081e-01 5.67e+03 8.60e+08  -1.0 2.87e+00   8.5 5.23e-02 1.38e-04h  1
  99 -1.3825715e-01 5.20e+03 6.19e+08  -1.0 2.87e+00   8.0 1.58e-03 5.22e-02h  1
iter    objective    inf_pr   inf_du lg(mu)  ||d||  lg(rg) alpha_du alpha_pr  ls
 100 -1.3825562e-01 5.20e+03 6.13e+08  -1.0 2.80e+00   8.4 2.21e-05 5.84e-04h  1
 101 -1.3825557e-01 5.20e+03 6.25e+08  -1.0 2.80e+00   8.8 4.00e-04 1.52e-05h  1
 102 -1.3813611e-01 4.85e+03 5.40e+08  -1.0 2.80e+00   8.4 4.30e-02 4.87e-02h  1
 103 -1.3813484e-01 4.85e+03 1.67e+09  -1.0 2.73e+00   8.8 4.24e-02 5.19e-04h  1
 104 -1.3813181e-01 4.84e+03 1.95e+09  -1.0 2.73e+00   8.3 5.54e-02 2.24e-03h  1
 105 -1.3802943e-01 4.58e+03 9.24e+08  -1.0 2.72e+00   8.7 5.09e-04 4.30e-02h  1
 106 -1.3802846e-01 4.57e+03 8.96e+08  -1.0 2.66e+00   9.2 7.76e-06 4.59e-04h  1
 107 -1.3802842e-01 4.57e+03 9.02e+08  -1.0 2.66e+00   8.7 3.41e-04 2.64e-05h  1
 108 -1.3802779e-01 4.57e+03 1.89e+10  -1.0 2.66e+00   9.1 3.34e-01 3.07e-04h  1
 109 -1.3797765e-01 4.39e+03 1.83e+10  -1.0 2.66e+00   8.6 7.00e-04 3.71e-02h  1
iter    objective    inf_pr   inf_du lg(mu)  ||d||  lg(rg) alpha_du alpha_pr  ls
 110 -1.3797699e-01 4.38e+03 1.95e+10  -1.0 2.61e+00   9.1 4.65e-02 3.92e-04h  1
MUMPS returned INFO(1) = -9 and requires more memory, reallocating.  Attempt 1
  Increasing icntl[13] from 4000 to 8000.
 111 -1.3797607e-01 4.38e+03 2.42e+10  -1.0 2.61e+00   9.5 4.45e-02 4.89e-04h  1
 112 -1.3792971e-01 4.18e+03 2.31e+10  -1.0 2.61e+00   9.0 1.31e-03 2.98e-02h  1
 113 -1.3792917e-01 4.18e+03 2.31e+10  -1.0 2.57e+00   9.4 6.29e-06 3.18e-04h  1
 114 -1.3792918e-01 4.18e+03 2.31e+10  -1.0 3.31e+00   9.0 7.95e-05 4.33e-05h  1
 115 -1.3792910e-01 4.18e+03 2.31e+10  -1.0 2.57e+00   9.4 2.51e-04 4.93e-05h  1
 116 -1.3793948e-01 4.09e+03 2.13e+10  -1.0 1.05e+01   8.9 7.01e-02 2.46e-03f  1
 117 -1.3793782e-01 4.08e+03 2.14e+10  -1.0 2.57e+00   9.3 2.55e-03 1.24e-03h  1
 118 -1.3793553e-01 4.07e+03 2.21e+10  -1.0 2.56e+00   9.8 4.98e-03 1.43e-03h  1
 119 -1.3792324e-01 4.00e+03 2.96e+10  -1.0 2.56e+00   9.3 1.74e-01 9.53e-03h  1
iter    objective    inf_pr   inf_du lg(mu)  ||d||  lg(rg) alpha_du alpha_pr  ls
 120 -1.3792210e-01 4.00e+03 3.18e+10  -1.0 2.55e+00   9.7 1.41e-02 7.11e-04h  1
 121 -1.3790780e-01 3.93e+03 3.41e+10  -1.0 2.55e+00   9.2 1.03e-01 1.07e-02h  1
 122 -1.3796991e-01 3.66e+03 3.41e+10  -1.0 7.56e+00   8.8 4.07e-03 1.95e-02h  1
 123 -1.3796782e-01 3.65e+03 3.40e+10  -1.0 2.51e+00   9.2 1.30e-05 1.13e-03h  1
 124 -1.3796491e-01 3.64e+03 3.40e+10  -1.0 2.51e+00   8.7 1.20e-04 3.05e-03h  1
 125 -1.3796187e-01 3.63e+03 3.40e+10  -1.0 2.50e+00   9.1 8.53e-03 1.74e-03h  1
 126 -1.3795896e-01 3.58e+03 3.20e+10  -1.0 2.50e+00   8.7 7.43e-02 8.47e-03h  1
 127 -1.3795027e-01 3.55e+03 3.19e+10  -1.0 2.49e+00   9.1 1.22e-02 5.41e-03h  1
 128 -1.3793905e-01 3.53e+03 5.74e+10  -1.0 2.48e+00   9.5 2.95e-01 6.51e-03h  1
 129 -1.3757949e-01 2.50e+03 4.88e+10  -1.0 2.48e+00   9.0 1.25e-02 2.45e-01h  1
iter    objective    inf_pr   inf_du lg(mu)  ||d||  lg(rg) alpha_du alpha_pr  ls
 130 -1.3757606e-01 2.49e+03 4.85e+10  -1.0 2.16e+00   9.5 6.21e-05 3.18e-03h  1
 131 -1.3757602e-01 2.49e+03 4.85e+10  -1.0 2.16e+00   9.9 4.12e-05 3.23e-05h  1
 132r-1.3757602e-01 2.49e+03 1.00e+03   1.4 0.00e+00   9.4 0.00e+00 4.46e-07R  4
 133r-1.3965622e-01 1.66e+03 9.88e+02   1.4 2.20e+04    -  1.19e-02 1.06e-03f  1
 134 -1.3965688e-01 1.66e+03 1.32e+07  -1.0 6.54e+00   8.9 1.83e-03 3.13e-04h  1
 135r-1.3965688e-01 1.66e+03 9.99e+02   0.8 0.00e+00   8.5 0.00e+00 4.03e-07R  4
 136r-1.4118861e-01 6.31e+00 9.98e+02   0.8 5.59e+03    -  1.26e-03 9.70e-04f  1
 137 -1.4118863e-01 1.69e+02 1.12e+01  -1.0 3.09e+06    -  1.87e-01 3.76e-06h 19
 138r-1.4118863e-01 1.69e+02 9.99e+02   2.2 0.00e+00   8.0 0.00e+00 3.71e-07R 15
 139r-1.8206246e-01 5.21e+01 9.99e+02   2.2 1.65e+05    -  1.48e-04 1.02e-03f  1
iter    objective    inf_pr   inf_du lg(mu)  ||d||  lg(rg) alpha_du alpha_pr  ls
 140 -1.5964315e-01 3.33e+01 3.95e+11  -1.0 7.80e+00   7.5 7.70e-01 4.00e-01h  1
 141 -1.5944829e-01 3.31e+01 3.93e+11  -1.0 1.05e+01   7.0 9.90e-01 5.27e-03h  1
 142 -1.5944489e-01 3.31e+01 3.93e+11  -1.0 1.05e+01   6.5 9.92e-01 8.37e-05h  1
 143 -1.5240772e-01 2.76e+01 3.61e+11  -1.0 1.05e+01   7.0 1.00e+00 1.75e-01h  1
 144 -1.5142654e-01 2.68e+01 3.51e+11  -1.0 7.65e+00   6.5 1.00e+00 2.84e-02h  1
 145 -1.5141406e-01 2.68e+01 3.51e+11  -1.0 7.20e+00   6.9 1.00e+00 4.09e-04h  1
 146 -1.4714648e-01 2.28e+01 2.87e+11  -1.0 7.19e+00   6.4 1.00e+00 1.54e-01h  1
 147 -1.4709745e-01 2.28e+01 2.86e+11  -1.0 4.26e+00   6.9 1.00e+00 2.37e-03h  1
 148 -1.4325104e-01 1.88e+01 2.06e+11  -1.0 4.22e+00   6.4 1.00e+00 1.84e-01h  1
 149 -1.4320217e-01 1.87e+01 2.05e+11  -1.0 1.70e+00   6.8 1.00e+00 3.72e-03h  1
iter    objective    inf_pr   inf_du lg(mu)  ||d||  lg(rg) alpha_du alpha_pr  ls
 150 -1.4248018e-01 1.76e+01 1.90e+11  -1.0 1.70e+00   6.3 8.62e-01 5.97e-02h  1
 151 -1.4247551e-01 1.76e+01 1.89e+11  -1.0 1.65e+00   6.8 1.00e+00 9.42e-04h  1
 152 -1.4617268e-01 1.04e+01 2.08e+11  -1.0 1.65e+00   6.3 4.91e-01 4.58e-01h  1
 153 -1.4700096e-01 8.63e+00 1.72e+11  -1.0 6.58e+00   5.8 1.31e-02 1.76e-01h  1
 154 -1.4700907e-01 8.61e+00 1.72e+11  -1.0 5.52e+00   6.2 2.36e-01 2.07e-03h  1
 155 -1.4701136e-01 8.61e+00 1.72e+11  -1.0 5.51e+00   5.8 4.40e-01 5.85e-04h  1
 156 -1.4705991e-01 8.50e+00 1.70e+11  -1.0 5.51e+00   6.2 3.88e-01 1.24e-02h  1
 157 -1.4718118e-01 8.24e+00 1.64e+11  -1.0 5.44e+00   5.7 7.22e-01 3.14e-02h  1
 158 -1.4729958e-01 7.98e+00 1.59e+11  -1.0 5.26e+00   6.1 3.12e-01 3.16e-02h  1
 159 -1.4742601e-01 7.70e+00 1.54e+11  -1.0 5.08e+00   5.7 5.98e-01 3.48e-02h  1
iter    objective    inf_pr   inf_du lg(mu)  ||d||  lg(rg) alpha_du alpha_pr  ls
 160 -1.4753782e-01 7.46e+00 1.49e+11  -1.0 4.88e+00   6.1 1.20e-02 3.18e-02h  1
 161 -1.4754042e-01 7.45e+00 1.48e+11  -1.0 1.37e+01   5.6 5.66e-02 7.63e-04h  1
 162 -1.4786809e-01 6.75e+00 1.33e+11  -1.0 4.70e+00   6.0 1.05e-02 9.61e-02h  1
 163 -1.4787380e-01 6.74e+00 1.33e+11  -1.0 4.17e+00   6.5 1.00e+00 1.84e-03h  1
 164 -1.4805491e-01 6.35e+00 1.25e+11  -1.0 4.16e+00   6.0 4.50e-02 5.86e-02h  1
 165 -1.4807788e-01 6.30e+00 1.24e+11  -1.0 3.86e+00   6.4 1.76e-02 7.88e-03h  1
 166 -1.4822706e-01 5.98e+00 1.17e+11  -1.0 3.82e+00   5.9 1.02e-01 5.15e-02h  1
 167 -1.4839667e-01 5.62e+00 1.10e+11  -1.0 3.57e+00   6.4 1.40e-01 6.17e-02h  1
 168 -1.4840536e-01 5.60e+00 1.09e+11  -1.0 3.28e+00   5.9 1.25e-02 3.36e-03h  1
 169 -1.4842036e-01 5.56e+00 1.09e+11  -1.0 3.26e+00   6.3 1.00e+00 5.82e-03h  1
iter    objective    inf_pr   inf_du lg(mu)  ||d||  lg(rg) alpha_du alpha_pr  ls
 170 -1.4877834e-01 4.81e+00 9.19e+10  -1.0 3.24e+00   5.8 2.71e-02 1.40e-01h  1
 171 -1.4878298e-01 4.80e+00 9.18e+10  -1.0 2.63e+00   6.3 4.86e-01 2.09e-03h  1
 172 -1.4929008e-01 3.75e+00 6.69e+10  -1.0 2.62e+00   5.8 7.07e-02 2.29e-01h  1
 173 -1.4935991e-01 3.60e+00 6.41e+10  -1.0 1.78e+00   6.2 2.26e-01 4.06e-02h  1
 174 -1.4936269e-01 3.60e+00 6.39e+10  -1.0 1.68e+00   5.7 6.16e-01 1.68e-03h  1
 175 -1.4954152e-01 3.21e+00 5.63e+10  -1.0 1.67e+00   6.2 7.28e-01 1.08e-01h  1
 176 -1.4973435e-01 2.80e+00 4.83e+10  -1.0 1.41e+00   5.7 4.07e-01 1.31e-01h  1
 177 -1.4973641e-01 2.80e+00 4.82e+10  -1.0 1.14e+00   6.1 1.00e+00 1.60e-03h  1
 178 -1.5018552e-01 1.88e+00 2.73e+10  -1.0 1.13e+00   5.6 4.15e-01 3.50e-01h  1
 179 -1.5019564e-01 1.86e+00 2.70e+10  -1.0 5.60e-01   6.1 3.40e-01 1.20e-02h  1
iter    objective    inf_pr   inf_du lg(mu)  ||d||  lg(rg) alpha_du alpha_pr  ls
 180 -1.5025012e-01 1.74e+00 2.51e+10  -1.0 5.49e-01   5.6 2.04e-02 6.54e-02h  1
 181 -1.5025211e-01 1.74e+00 2.51e+10  -1.0 4.96e-01   6.0 3.73e-01 2.56e-03h  1
 182 -1.5031036e-01 1.61e+00 2.31e+10  -1.0 4.94e-01   5.5 2.15e-02 7.45e-02h  1
 183 -1.5031387e-01 1.60e+00 2.30e+10  -1.0 4.39e-01   5.9 1.45e-01 4.87e-03h  1
 184 -1.5037827e-01 1.46e+00 2.09e+10  -1.0 4.35e-01   5.5 7.67e-04 8.93e-02h  1
 185 -1.5038029e-01 1.45e+00 2.08e+10  -1.0 3.78e-01   5.9 6.14e-01 3.09e-03h  1
 186 -1.5042270e-01 1.36e+00 1.94e+10  -1.0 3.76e-01   5.4 9.08e-03 6.47e-02h  1
 187 -1.5043014e-01 1.34e+00 1.92e+10  -1.0 3.59e-01   5.8 3.35e-01 1.22e-02h  1
 188 -1.5047861e-01 1.24e+00 1.76e+10  -1.0 3.56e-01   5.4 8.90e-03 8.00e-02h  1
 189 -1.5048496e-01 1.22e+00 1.74e+10  -1.0 3.35e-01   5.8 4.08e-01 1.15e-02h  1
iter    objective    inf_pr   inf_du lg(mu)  ||d||  lg(rg) alpha_du alpha_pr  ls
 190 -1.5052147e-01 1.14e+00 1.62e+10  -1.0 3.33e-01   5.3 2.41e-03 6.62e-02h  1
 191 -1.5052806e-01 1.13e+00 1.60e+10  -1.0 3.16e-01   5.7 3.55e-01 1.29e-02h  1
 192 -1.5068861e-01 7.88e-01 1.04e+10  -1.0 3.14e-01   5.3 1.97e-02 3.16e-01h  1
 193 -1.5069036e-01 7.84e-01 1.03e+10  -1.0 2.39e-01   4.8 5.37e-01 5.00e-03h  1
 194 -1.5092778e-01 2.86e-01 1.86e+09  -1.0 2.38e-01   5.2 6.60e-02 6.87e-01h  1
 195 -1.5093028e-01 2.79e-01 1.81e+09  -1.0 1.02e-01   4.7 9.20e-01 2.29e-02h  1
 196 -1.5094143e-01 2.50e-01 1.62e+09  -1.0 1.00e-01   4.3 1.20e-01 1.05e-01f  1
 197 -1.5099359e-01 1.19e-01 6.80e+08  -1.0 1.55e-01   3.8 1.81e-01 5.40e-01f  1
 198 -1.5100116e-01 9.85e-02 5.63e+08  -1.0 4.55e-02   4.2 8.77e-01 1.70e-01h  1
 199 -1.5104033e-01 2.22e-03 3.29e+07  -1.0 3.81e-02   3.7 5.15e-01 1.00e+00f  1
iter    objective    inf_pr   inf_du lg(mu)  ||d||  lg(rg) alpha_du alpha_pr  ls
 200 -1.5104750e-01 3.97e-04 1.11e+04  -1.0 1.81e-02   3.3 8.53e-01 1.00e+00f  1
 201 -1.5109593e-01 4.99e-05 6.26e+03  -1.0 6.66e-03   2.8 4.53e-01 1.00e+00f  1
 202 -1.5118563e-01 7.97e-05 2.55e+03  -1.0 8.26e-03   2.3 5.97e-01 1.00e+00f  1
 203 -1.5141497e-01 2.55e-04 1.10e+03  -1.0 1.46e-02   1.8 5.74e-01 1.00e+00f  1
 204 -1.5197853e-01 7.69e-04 4.88e+02  -1.0 3.08e-02   1.3 5.70e-01 1.00e+00f  1
 205 -1.5334588e-01 2.28e-03 5.34e+02  -1.0 6.23e-02   0.9 5.73e-01 1.00e+00f  1
 206 -1.5619069e-01 9.37e-03 6.81e+02  -1.0 1.21e-01   0.4 6.51e-01 1.00e+00f  1
 207 -1.6031548e-01 1.89e-02 8.53e+01  -1.0 2.23e-01  -0.1 8.97e-01 1.00e+00f  1
 208 -1.6174733e-01 7.23e-03 1.41e+01  -1.0 1.25e-01   0.3 1.00e+00 1.00e+00f  1
 209 -1.6395394e-01 1.48e-02 3.94e+01  -1.0 2.07e-01  -0.1 1.00e+00 1.00e+00f  1
iter    objective    inf_pr   inf_du lg(mu)  ||d||  lg(rg) alpha_du alpha_pr  ls
 210 -1.6707664e-01 1.00e-01 2.01e+01  -1.0 3.85e-01  -0.6 1.00e+00 1.00e+00f  1
 211 -1.7208123e-01 4.71e-01 1.22e+01  -1.0 7.57e-01  -1.1 1.00e+00 1.00e+00f  1
 212 -1.8161723e-01 1.32e+00 9.97e+00  -1.0 1.38e+00  -1.6 1.00e+00 1.00e+00f  1
 213 -1.8411919e-01 9.37e-01 8.00e+01  -1.0 1.16e+00  -1.1 1.00e+00 9.00e-01h  1
 214 -1.8499305e-01 3.63e-01 8.54e+01  -1.0 6.32e-01  -0.7 3.30e-01 1.00e+00f  1
 215 -1.8621207e-01 8.40e-01 1.76e+02  -1.0 6.91e-01  -0.3 1.00e+00 1.00e+00h  1
 216 -1.8615258e-01 1.19e-01 8.77e+01  -1.0 3.07e-01   0.1 3.38e-01 1.00e+00h  1
 217 -1.8632026e-01 5.15e-03 2.42e+01  -1.0 6.51e-02   0.6 1.00e+00 1.00e+00h  1
 218 -1.8667010e-01 2.95e-02 2.12e+00  -1.0 1.32e-01   0.1 1.00e+00 1.00e+00f  1
 219 -1.8692818e-01 4.31e-03 5.54e+00  -1.7 6.23e-02  -0.4 1.00e+00 1.00e+00h  1
iter    objective    inf_pr   inf_du lg(mu)  ||d||  lg(rg) alpha_du alpha_pr  ls
 220 -1.8780467e-01 3.91e-02 6.90e-01  -1.7 1.77e-01  -0.9 1.00e+00 1.00e+00h  1
 221 -1.8932927e-01 3.02e-02 3.33e+00  -1.7 2.25e-01  -1.3 1.00e+00 1.00e+00h  1
 222 -1.8986248e-01 6.11e-03 1.35e-01  -1.7 1.02e-01  -0.9 1.00e+00 1.00e+00h  1
 223 -1.9039757e-01 1.28e-01 7.14e+03  -2.5 8.95e-01  -1.4 9.83e-01 3.26e-01h  2
 224 -1.9443510e-01 1.06e+01 1.18e+02  -2.5 2.17e+00  -1.0 3.57e-01 1.00e+00h  1
 225 -1.9399001e-01 4.69e+00 6.43e+00  -2.5 1.30e+00  -0.5 1.00e+00 6.56e-01h  1
 226 -1.9390755e-01 9.68e-01 9.73e-01  -2.5 8.05e-01  -1.0 1.00e+00 1.00e+00h  1
 227 -2.6247536e-01 1.10e+00 3.87e+01  -2.5 9.61e+00    -  5.54e-01 1.00e+00f  1
 228 -2.3286840e-01 1.50e-01 9.35e+00  -2.5 3.34e-01  -1.5 8.03e-01 1.00e+00h  1
 229 -2.2884057e-01 4.86e-02 7.15e-01  -2.5 1.23e+01    -  1.00e+00 1.00e+00h  1
iter    objective    inf_pr   inf_du lg(mu)  ||d||  lg(rg) alpha_du alpha_pr  ls
 230 -2.2365180e-01 1.82e-02 7.00e-01  -2.5 8.84e+00    -  1.00e+00 1.00e+00h  1
 231 -2.2411722e-01 2.16e-03 4.50e-02  -2.5 4.43e+00    -  1.00e+00 1.00e+00h  1
 232 -2.2409569e-01 1.73e-04 2.57e-05  -2.5 9.16e-02    -  1.00e+00 1.00e+00h  1
 233 -2.3351978e-01 4.29e-03 1.13e+02  -3.8 3.38e-01    -  9.34e-01 1.00e+00h  1
 234 -2.8014745e-01 9.83e-02 3.24e-01  -3.8 3.82e+00    -  1.00e+00 8.85e-01h  1
 235 -2.8089702e-01 3.16e-03 7.66e-02  -3.8 2.43e+00    -  1.00e+00 1.00e+00h  1
 236 -2.8040090e-01 5.95e-06 3.83e-03  -3.8 2.75e-01    -  1.00e+00 1.00e+00h  1
 237 -2.8038643e-01 1.52e-08 4.89e-05  -3.8 1.87e-02    -  1.00e+00 1.00e+00h  1
 238 -3.0095654e-01 1.12e-02 2.34e+01  -5.7 4.13e+00    -  7.15e-01 9.64e-01f  1
 239 -3.1029932e-01 3.08e+02 9.32e+00  -5.7 8.31e+00    -  6.11e-01 6.77e-01h  1
iter    objective    inf_pr   inf_du lg(mu)  ||d||  lg(rg) alpha_du alpha_pr  ls
 240 -3.1017130e-01 2.97e+02 9.19e+00  -5.7 3.30e-02  -2.0 3.34e-02 2.01e-01h  1
 241 -3.0954756e-01 4.02e-04 9.74e+00  -5.7 1.26e-01  -2.5 3.23e-02 1.00e+00h  1
 242 -3.0990060e-01 3.51e-04 3.25e+00  -5.7 4.37e-02  -2.9 1.00e+00 5.21e-01h  1
 243 -3.1080925e-01 5.96e-04 5.00e+00  -5.7 1.24e-01  -3.4 6.63e-03 9.55e-01h  1
 244 -3.1133984e-01 3.00e-04 2.46e+00  -5.7 2.97e-01  -3.9 7.21e-01 5.10e-01h  1
 245 -3.1161741e-01 6.06e-05 3.98e-01  -5.7 1.09e-01  -3.5 1.00e+00 1.00e+00h  1
 246 -3.1208235e-01 1.32e-04 1.12e-01  -5.7 2.31e-01  -3.9 1.00e+00 7.20e-01h  1
 247 -3.1224813e-01 6.19e-05 4.20e-04  -5.7 6.62e-02  -3.5 1.00e+00 1.00e+00f  1
 248 -3.1230837e-01 1.23e-05 2.48e-05  -5.7 1.98e-02  -3.1 1.00e+00 1.00e+00h  1
 249 -3.1247658e-01 7.32e-04 1.12e-03  -5.7 5.66e-02  -3.6 1.00e+00 1.00e+00h  1
iter    objective    inf_pr   inf_du lg(mu)  ||d||  lg(rg) alpha_du alpha_pr  ls
 250 -3.1291922e-01 3.96e+01 5.34e-03  -5.7 1.53e-01  -4.0 1.00e+00 1.00e+00h  1
 251 -3.1390191e-01 5.26e+01 4.79e-02  -5.7 1.36e+02    -  2.65e-02 2.66e-02h  1
 252 -3.1459817e-01 4.27e+01 8.01e-02  -5.7 3.72e+01    -  4.15e-02 4.68e-02h  1
 253 -3.1549898e-01 1.90e+01 8.76e-02  -5.7 1.19e+01    -  4.58e-02 1.47e-01h  1
 254 -3.1575296e-01 6.40e+00 6.29e-02  -5.7 5.47e+00    -  1.84e-01 2.44e-01h  1
 255 -3.1570398e-01 1.06e-03 4.43e-02  -5.7 3.25e+00    -  9.97e-01 4.98e-01h  1
 256 -3.1570215e-01 1.40e-04 2.10e-03  -5.7 8.96e-01    -  1.00e+00 1.00e+00h  1
 257 -3.1570106e-01 5.97e-06 5.84e-05  -5.7 7.98e-02    -  1.00e+00 1.00e+00h  1
 258 -3.1570098e-01 1.16e-08 1.36e-07  -5.7 1.31e-03    -  1.00e+00 1.00e+00h  1
 259 -3.1608617e-01 1.17e-01 1.00e-01  -7.0 1.22e+00    -  7.60e-01 6.69e-01h  1
iter    objective    inf_pr   inf_du lg(mu)  ||d||  lg(rg) alpha_du alpha_pr  ls
 260 -3.1623385e-01 7.16e-06 7.10e-03  -7.0 1.14e+00    -  7.83e-01 8.62e-01h  1
 261 -3.1625587e-01 2.57e-07 8.24e-06  -7.0 3.23e-01    -  1.00e+00 1.00e+00h  1
 262 -3.1625589e-01 1.51e-09 1.66e-06  -7.0 1.70e-02    -  1.00e+00 1.00e+00h  1
 263 -3.1625589e-01 4.16e-12 6.40e-09  -7.0 4.46e-04    -  1.00e+00 1.00e+00h  1

Number of Iterations....: 263

                                   (scaled)                 (unscaled)
Objective...............:  -3.1625588608396316e-01   -3.1625588608396316e-01
Dual infeasibility......:   6.4041639213918700e-09    6.4041639213918700e-09
Constraint violation....:   4.1604497624803116e-12    4.1604497624803116e-12
Variable bound violation:   0.0000000000000000e+00    0.0000000000000000e+00
Complementarity.........:   9.0924070711304391e-08    9.0924070711304391e-08
Overall NLP error.......:   9.0924070711304391e-08    9.0924070711304391e-08


Number of objective function evaluations             = 310
Number of objective gradient evaluations             = 264
Number of equality constraint evaluations            = 335
Number of inequality constraint evaluations          = 335
Number of equality constraint Jacobian evaluations   = 268
Number of inequality constraint Jacobian evaluations = 268
Number of Lagrangian Hessian evaluations             = 263
Total seconds in IPOPT                               = 223.277

EXIT: Optimal Solution Found.
      solver  :   t_proc      (avg)   t_wall      (avg)    n_eval
       nlp_f  |   1.94ms (  6.25us)   1.97ms (  6.36us)       310
       nlp_g  |   2.83 s (  8.43ms)   3.54 s ( 10.55ms)       335
  nlp_grad_f  |  11.72ms ( 44.23us)  13.29ms ( 50.17us)       265
  nlp_hess_l  | 114.24 s (441.08ms) 130.52 s (503.95ms)       259
   nlp_jac_g  |  33.25 s (123.61ms)  37.58 s (139.70ms)       269
       total  | 199.77 s (199.77 s) 223.28 s (223.28 s)         1
[Optimizer] SUCCESS: Optimal solution found in 238.66s.

[96m================================================================================[0m
[1m VARIABLE SCALING CHECK                                  [0m[2m[SOURCE: OPTIMIZER][0m
[96m================================================================================[0m
[1mVariable   | Component  | Range (Scaled)       | Mean     | Status[0m
[96m-----------------------------------------------------------------[0m
T1         | Time       | 0.1899               | 0.1899   | [92mOK[0m
T3         | Time       | 0.5524               | 0.5524   | [92mOK[0m
X1         | Position   | [0.9994, 1.0117]   | 1.0032   | [92mOK[0m
           | Velocity   | [0.0529, 0.4002]   | 0.1652   | [92mOK[0m
           | Mass       | [1.5750, 4.9750]   | 3.2615   | [92mOK[0m
X3         | Position   | [1.0117, 1.0658]   | 1.0464   | [92mOK[0m
           | Velocity   | [0.4002, 0.9680]   | 0.6546   | [92mOK[0m
           | Mass       | [0.3163, 1.3000]   | 0.7060   | [92mOK[0m
U1         | Throttle   | [0.7401, 1.0000]   | 0.9569   | [92mOK[0m
           | Direction  | [1.0000, 1.0000]   | 1.0000   | [92mOK[0m
U3         | Throttle   | [0.4001, 0.9999]   | 0.5599   | [92mOK[0m
           | Direction  | [1.0000, 1.0000]   | 1.0000   | [92mOK[0m
[96m-----------------------------------------------------------------[0m
  * Ideal scaling is O(1) (0.1 to 10.0).
  * 'WARN' indicates potential numerical stiffness for IPOPT.
========================================


[96m================================================================================[0m
[1m GUIDANCE VS OPTIMALITY CHECK                            [0m[2m[SOURCE: GUESS VS OPT][0m
[96m================================================================================[0m
  MECO Time:   Guess=146.5s, Opt=153.2s (Diff: +6.6s)
  Final Mass:  Guess=100,000kg (Depletion), Opt=316,256kg (Insertion)
  >>> [92m✅ INFO: Optimizer found a solution with 216,256 kg of fuel remaining.[0m
      (The initial guess burned all fuel; the optimizer cut the engine early at orbit insertion.)
========================================

[Optimizer] Total optimization time: 251.37s

[Simulation] Starting Verification Simulation (rtol=1e-09, atol=1e-12)...
  > Control Reconstruction (Phase 1): Max Error = 0.0e+00
  > Control Reconstruction (Phase 3): Max Error = 0.0e+00
[Simulation] Phase 1 (Boost): 0.0s -> 153.15s
  [Liftoff Check]
  [Force Diag] Mass: 4975.0t | Alt: 0.0km
  [Force Diag] G-Force: 48843.0 kN | Net Force: 25731.2 kN
  [Force Diag] Accel:   5.17 m/s^2 (0.53 g)
  > Integrator: 1317 steps, Success=True, Msg='The solver successfully reached the end of the integration interval.'
[Simulation] Phase 1 End: Ellipsoid alt=78.7km, Vel=3165.6m/s
[Debug] MECO Drift: Pos=0.1m, Mass=-0.90kg
  [MECO Check]
  [Force Diag] Mass: 1575.0t | Alt: 78.7km
  [Force Diag] G-Force: 15087.9 kN | Net Force: 54034.3 kN
  [Force Diag] Accel:   34.31 m/s^2 (3.50 g)
[Simulation] Phase 3 (Ship): 153.15s -> 598.56s
  [Staging Check]
  [Force Diag] Mass: 1300.0t | Alt: 78.7km
  [Force Diag] G-Force: 12453.5 kN | Net Force: 12746.8 kN
  [Force Diag] Accel:   9.81 m/s^2 (1.00 g)
  > Integrator: 1512 steps, Success=True, Msg='The solver successfully reached the end of the integration interval.'
[Simulation] Phase 3 End: Ellipsoid alt=423.4km, Vel=7657.3m/s
[Debug] SECO Drift: Pos=0.00km, Mass=-0.05kg
  [Injection Check]
  [Force Diag] Mass: 316.3t | Alt: 423.4km
  [Force Diag] G-Force: 2729.8 kN | Net Force: 7088.1 kN
  [Force Diag] Accel:   22.41 m/s^2 (2.29 g)
[Trial Log] status=PASS_RAW

[Trial Summary]
status=PASS_RAW
solver_status_class=SOLVE_OK
solver_return_status=Solve_Succeeded
solver_iter_count=263
runtime_s=258.9994902610779
mission_success_raw=1
mission_success_slack=1
