[Trial Log] trial=6 label=rand_05
[Trial Log] path=paper_outputs/final_paper_pack/reliability_raw/logs/06_rand_05.log
[Vehicle] Initializing vehicle dynamics model: SpaceX Starship IFT-6 (Booster 13 / Ship 31)

[Optimizer] Setting up CasADi problem for SpaceX Starship IFT-6 (Booster 13 / Ship 31)...
[Optimizer] Target Inclination not set. Defaulting to absolute Launch Latitude (26.00 deg) for min-energy orbit.
[Optimizer] Using external warm-start guess...
[Optimizer] External guess loaded in 0.00s
[Optimizer] Guidance Guess Summary:
  MECO: T=146.1s, Alt=85.2km, Vel=3030.3m/s
  SECO: T=303.4s, Alt=551.5km, Vel=11499.8m/s
[Optimizer] Starting IPOPT solver (Max Iter=2000)...

[96m================================================================================[0m
[1m OPTIMIZATION STRUCTURE (JACOBIAN)                       [0m[2m[SOURCE: CASADI][0m
[96m================================================================================[0m
  Constraints: 4506
  Variables:   3096
  Non-zeros:   38998
  Density:     0.2795%
  >>> [92m✅ SUCCESS: Jacobian is sparse (Expected for Direct Collocation).[0m
========================================

This is Ipopt version 3.14.11, running with linear solver MUMPS 5.4.1.

Number of nonzeros in equality constraint Jacobian...:    24678
Number of nonzeros in inequality constraint Jacobian.:    14320
Number of nonzeros in Lagrangian Hessian.............:    23236

Total number of variables............................:     3096
                     variables with only lower bounds:        0
                variables with lower and upper bounds:        0
                     variables with only upper bounds:        0
Total number of equality constraints.................:     2258
Total number of inequality constraints...............:     2248
        inequality constraints with only lower bounds:      844
   inequality constraints with lower and upper bounds:        0
        inequality constraints with only upper bounds:     1404

iter    objective    inf_pr   inf_du lg(mu)  ||d||  lg(rg) alpha_du alpha_pr  ls
   0 -1.0674061e-01 5.75e+03 1.00e+00  -1.0 0.00e+00    -  0.00e+00 0.00e+00   0
   1 -1.1814959e-01 2.17e+04 6.93e+01  -1.0 3.55e+01  -4.0 6.17e-02 1.79e-01f  1
   2 -1.2320714e-01 1.60e+04 4.59e+01  -1.0 3.18e+00  -0.9 6.83e-02 1.29e-01f  1
   3 -1.2494141e-01 1.49e+04 7.14e+01  -1.0 2.95e+00   0.5 9.78e-02 8.32e-02h  1
   4 -1.2495515e-01 1.43e+04 5.02e+01  -1.0 2.83e+00   0.9 6.76e-02 7.56e-02h  1
   5 -1.2434570e-01 1.31e+04 1.07e+02  -1.0 2.71e+00   0.4 3.90e-01 9.75e-02h  1
   6 -1.1982023e-01 1.02e+04 1.16e+03  -1.0 2.59e+00   0.8 7.72e-01 2.69e-01h  1
   7 -1.1803704e-01 9.52e+03 9.27e+02  -1.0 2.24e+00   1.3 2.66e-01 1.23e-01h  1
   8 -1.1148240e-01 4.57e+03 1.54e+03  -1.0 2.09e+00   0.8 7.61e-01 5.05e-01h  1
   9 -1.1161152e-01 4.45e+03 1.50e+03  -1.0 1.55e+00   1.2 3.96e-01 2.50e-02h  1
iter    objective    inf_pr   inf_du lg(mu)  ||d||  lg(rg) alpha_du alpha_pr  ls
  10 -1.1299279e-01 4.00e+03 1.30e+03  -1.0 1.53e+00   1.6 6.00e-02 1.19e-01h  1
  11 -1.1388096e-01 3.83e+03 1.21e+03  -1.0 1.44e+00   2.1 1.18e-01 6.70e-02h  1
  12 -1.1511100e-01 3.94e+03 1.13e+03  -1.0 4.13e+00   1.6 2.30e-01 6.47e-02h  1
  13 -1.1715963e-01 3.74e+03 1.33e+03  -1.0 1.34e+00   2.0 2.39e-01 7.51e-02h  1
  14 -1.2979171e-01 2.05e+03 3.47e+03  -1.0 1.28e+00   1.5 6.10e-01 4.79e-01h  1
  15 -1.3106885e-01 2.04e+03 3.31e+03  -1.0 9.43e-01   2.9 8.88e-02 7.08e-02h  1
  16 -1.3401405e-01 1.76e+03 1.20e+04  -1.0 9.51e-01   2.4 1.88e-01 1.70e-01h  1
  17 -1.4107079e-01 9.04e+02 1.03e+04  -1.0 8.10e-01   1.9 7.80e-02 4.67e-01h  1
  18 -1.4498558e-01 5.23e+02 6.08e+03  -1.0 5.76e-01   2.3 8.96e-01 4.20e-01h  1
  19 -1.5081720e-01 2.00e-01 1.13e+04  -1.0 4.10e-01   1.9 2.58e-01 1.00e+00f  1
iter    objective    inf_pr   inf_du lg(mu)  ||d||  lg(rg) alpha_du alpha_pr  ls
  20 -1.5108855e-01 1.15e-02 2.27e+04  -1.0 1.06e-01   2.3 6.37e-01 1.00e+00f  1
  21 -1.5116909e-01 7.24e-04 8.46e+03  -1.0 2.39e-02   1.8 6.27e-01 1.00e+00f  1
  22 -1.5137941e-01 2.40e-03 3.47e+03  -1.0 4.20e-02   1.3 5.90e-01 1.00e+00f  1
  23 -1.5187523e-01 6.23e-02 1.24e+03  -1.0 2.43e-01   0.9 6.43e-01 1.00e+00f  1
  24 -1.5245241e-01 2.63e-01 7.33e+02  -1.0 1.15e+00   0.4 5.64e-01 4.43e-01f  1
  25 -1.5397969e-01 1.73e-01 1.49e+03  -1.0 3.28e-01   0.8 5.13e-01 1.00e+00f  1
  26 -1.5545923e-01 3.99e-02 2.44e+02  -1.0 5.06e-01   0.3 1.00e+00 1.00e+00f  1
  27 -1.5546165e-01 5.39e-04 4.22e+01  -1.0 1.76e-02   1.7 1.00e+00 1.00e+00h  1
  28 -1.5578903e-01 8.28e-04 3.38e+00  -1.0 2.49e-02   1.2 1.00e+00 1.00e+00f  1
  29 -1.5592993e-01 1.99e-04 2.83e+00  -1.7 1.23e-02   0.7 1.00e+00 1.00e+00h  1
iter    objective    inf_pr   inf_du lg(mu)  ||d||  lg(rg) alpha_du alpha_pr  ls
  30 -1.5639777e-01 1.91e-03 2.13e+00  -1.7 3.91e-02   0.2 1.00e+00 1.00e+00f  1
  31 -1.5722447e-01 1.26e-02 2.16e+02  -1.7 8.92e-02  -0.3 1.00e+00 1.00e+00f  1
  32 -1.5869477e-01 1.13e-01 2.06e+01  -1.7 2.74e-01  -0.7 1.00e+00 1.00e+00f  1
  33 -1.5897202e-01 1.71e-02 5.96e+01  -1.7 1.23e-01  -0.3 1.00e+00 1.00e+00h  1
  34 -1.6015803e-01 1.47e-01 1.41e+01  -1.7 3.82e-01  -0.8 1.00e+00 1.00e+00f  1
  35 -1.6032754e-01 3.42e-02 1.06e+01  -1.7 1.78e-01  -0.4 6.21e-01 1.00e+00h  1
  36 -1.6136122e-01 3.84e-02 2.53e+00  -1.7 1.98e-01  -0.8 1.00e+00 1.00e+00f  1
  37 -1.6161238e-01 3.40e-02 6.23e+00  -1.7 1.57e-01  -0.4 1.00e+00 1.00e+00h  1
  38 -1.6254775e-01 4.11e-02 7.21e-01  -1.7 1.59e-01  -0.9 1.00e+00 1.00e+00h  1
  39 -1.6267517e-01 7.61e-03 3.07e-01  -1.7 8.15e-02  -0.5 1.00e+00 1.00e+00h  1
iter    objective    inf_pr   inf_du lg(mu)  ||d||  lg(rg) alpha_du alpha_pr  ls
  40 -1.6363897e-01 2.81e-01 7.12e+00  -1.7 4.93e-01  -0.9 1.00e+00 1.00e+00f  1
  41 -1.6459728e-01 8.43e-01 5.36e+01  -1.7 1.99e+00  -1.4 1.00e+00 4.43e-01h  1
  42 -1.6499549e-01 4.56e-01 6.26e+01  -1.7 1.14e+00  -1.0 3.39e-01 1.00e+00h  1
  43 -1.6513234e-01 3.73e-02 1.40e+00  -1.7 1.87e-01  -0.6 1.00e+00 1.00e+00h  1
  44 -1.6529289e-01 8.88e-03 5.93e-01  -1.7 7.22e-02  -0.1 1.00e+00 1.00e+00h  1
  45 -1.6570614e-01 3.15e-02 5.73e+00  -1.7 1.44e-01  -0.6 1.00e+00 1.00e+00h  1
  46 -1.6698868e-01 3.95e+00 3.44e+00  -1.7 1.83e+00  -1.1 1.00e+00 1.00e+00h  1
  47 -1.6669227e-01 7.94e-01 4.88e+00  -1.7 6.40e-01  -0.7 1.00e+00 1.00e+00h  1
  48 -1.6749670e-01 3.61e+00 4.89e+01  -1.7 4.50e+00  -1.1 1.00e+00 2.95e-01h  1
  49 -1.6732738e-01 7.93e-01 6.21e+01  -1.7 1.43e+00  -0.7 1.91e-01 1.00e+00h  1
iter    objective    inf_pr   inf_du lg(mu)  ||d||  lg(rg) alpha_du alpha_pr  ls
  50 -1.6724661e-01 8.76e-02 4.40e+00  -1.7 2.31e-01   0.6 1.00e+00 1.00e+00h  1
  51 -1.6734777e-01 2.94e-03 4.10e-01  -1.7 3.87e-02   0.1 1.00e+00 1.00e+00h  1
  52 -1.6763256e-01 1.06e-02 2.11e+00  -1.7 6.91e-02  -0.3 1.00e+00 1.00e+00h  1
  53 -1.6826640e-01 1.65e-01 1.04e+00  -1.7 2.83e-01  -0.8 1.00e+00 1.00e+00h  1
  54 -1.6954472e-01 1.30e-01 7.65e+00  -1.7 2.99e-01  -1.3 1.00e+00 1.00e+00h  1
  55 -1.7000193e-01 4.76e-02 1.81e+00  -1.7 1.46e-01  -0.9 1.00e+00 1.00e+00h  1
  56 -1.7022099e-01 1.70e-02 1.02e+00  -1.7 8.47e-02  -0.4 1.00e+00 1.00e+00h  1
  57 -1.7089806e-01 3.25e-01 1.53e+00  -1.7 3.85e-01  -0.9 1.00e+00 1.00e+00h  1
  58 -1.7095957e-01 2.32e-02 1.37e-01  -1.7 1.31e-01  -0.5 1.00e+00 1.00e+00h  1
  59 -1.7146630e-01 3.04e-03 1.26e+00  -2.5 5.28e-02  -1.0 1.00e+00 1.00e+00h  1
iter    objective    inf_pr   inf_du lg(mu)  ||d||  lg(rg) alpha_du alpha_pr  ls
  60 -1.7364525e-01 2.37e-02 3.19e-01  -2.5 1.48e-01  -1.4 1.00e+00 1.00e+00h  1
  61 -1.7426305e-01 4.67e-03 6.06e-02  -2.5 5.84e-02  -1.0 1.00e+00 1.00e+00h  1
  62 -1.7552720e-01 7.97e-02 4.22e-01  -2.5 2.48e-01  -1.5 1.00e+00 1.00e+00h  1
  63 -1.7586490e-01 8.81e-03 7.24e-02  -2.5 9.27e-02  -1.1 1.00e+00 1.00e+00h  1
  64 -1.7673775e-01 5.62e-02 2.47e-02  -2.5 2.30e-01  -1.5 1.00e+00 1.00e+00h  1
  65 -1.7700509e-01 4.77e-03 3.32e-02  -2.5 6.34e-02  -1.1 1.00e+00 1.00e+00h  1
  66 -1.7822089e-01 2.03e+00 9.95e+00  -2.5 1.34e+00  -1.6 1.00e+00 1.00e+00h  1
  67 -1.7789376e-01 3.53e-01 3.34e+00  -2.5 7.40e-01  -1.2 1.09e-01 1.00e+00h  1
  68 -1.7789156e-01 2.30e-02 1.78e-01  -2.5 1.39e-01   0.2 1.00e+00 1.00e+00h  1
  69 -1.7794105e-01 1.39e-04 2.01e-02  -2.5 1.14e-02  -0.3 1.00e+00 1.00e+00h  1
iter    objective    inf_pr   inf_du lg(mu)  ||d||  lg(rg) alpha_du alpha_pr  ls
  70 -1.7883235e-01 1.17e-04 3.82e+01  -3.8 7.53e-03  -0.8 9.77e-01 1.00e+00h  1
  71 -1.8207752e-01 1.48e-03 1.43e-03  -3.8 2.70e-02  -1.3 1.00e+00 1.00e+00h  1
  72 -1.9048731e-01 1.01e-02 6.23e-03  -3.8 7.29e-02  -1.8 1.00e+00 1.00e+00h  1
  73 -2.0817278e-01 4.42e-02 3.15e-02  -3.8 1.89e-01  -2.2 1.00e+00 1.00e+00h  1
  74 -2.1625627e-01 9.51e-01 1.28e-01  -3.8 9.92e-01  -2.7 1.00e+00 8.91e-01h  1
  75 -2.1554232e-01 1.16e-01 6.30e-03  -3.8 3.06e-01  -2.3 8.39e-01 1.00e+00h  1
  76 -2.2051556e-01 6.69e-02 4.96e-03  -3.8 2.48e-01  -2.8 1.00e+00 1.00e+00h  1
  77 -2.3232551e-01 1.43e-01 2.74e-02  -3.8 6.74e-01  -3.2 1.00e+00 1.00e+00h  1
  78 -2.3784324e-01 1.78e+01 1.35e-01  -3.8 4.08e+00  -2.8 1.00e+00 1.00e+00h  1
  79 -2.3764278e-01 7.17e+00 8.93e-02  -3.8 2.05e+00  -2.4 1.00e+00 7.19e-01h  1
iter    objective    inf_pr   inf_du lg(mu)  ||d||  lg(rg) alpha_du alpha_pr  ls
  80 -2.4111274e-01 1.59e+00 5.76e-02  -3.8 1.26e+00  -2.9 1.00e+00 1.00e+00h  1
  81 -2.4282817e-01 2.52e-01 2.62e-02  -3.8 4.99e-01  -2.4 1.00e+00 1.00e+00h  1
  82 -2.4353426e-01 1.35e-02 8.93e-03  -3.8 1.16e-01  -2.0 1.00e+00 1.00e+00h  1
  83 -2.4533586e-01 5.80e-02 7.10e-03  -3.8 2.29e-01  -2.5 1.00e+00 1.00e+00h  1
  84 -2.5002691e-01 1.36e-01 6.69e-02  -3.8 3.20e-01  -3.0 1.00e+00 1.00e+00h  1
  85 -2.5521824e-01 2.60e+01 2.18e-01  -3.8 1.39e+02  -2.5 7.95e-03 3.06e-02h  1
  86 -2.5378698e-01 1.54e+01 1.51e-01  -3.8 1.80e+00  -2.1 5.02e-01 4.59e-01h  1
  87 -2.5064661e-01 3.61e+00 2.04e-02  -3.8 1.34e+00  -2.6 8.49e-01 1.00e+00h  1
  88 -2.5602290e-01 7.76e-01 2.20e-01  -3.8 7.73e-01  -3.1 1.00e+00 1.00e+00h  1
  89 -2.6287493e-01 9.80e-02 6.40e-02  -3.8 6.17e-01  -3.5 1.00e+00 1.00e+00h  1
iter    objective    inf_pr   inf_du lg(mu)  ||d||  lg(rg) alpha_du alpha_pr  ls
  90 -2.7507365e-01 3.24e-02 1.78e-01  -3.8 4.41e+00    -  7.41e-01 1.00e+00h  1
  91 -2.8500095e-01 2.10e-02 4.20e-01  -3.8 2.22e+01    -  5.64e-01 3.83e-01h  1
  92 -2.8341060e-01 4.60e-03 1.76e-01  -3.8 1.22e+01    -  6.53e-01 8.09e-01h  1
  93 -2.8016381e-01 5.09e-04 2.02e-01  -3.8 7.89e+00    -  1.00e+00 9.21e-01h  1
  94 -2.8043691e-01 1.45e-05 2.80e-03  -3.8 4.18e+00    -  1.00e+00 1.00e+00h  1
  95 -2.8043943e-01 5.50e-07 4.15e-05  -3.8 6.23e-02    -  1.00e+00 1.00e+00h  1
  96 -3.0107377e-01 1.13e-02 2.38e+01  -5.7 4.18e+00    -  7.12e-01 9.65e-01f  1
  97 -3.1035505e-01 3.10e+02 9.29e+00  -5.7 8.14e+00    -  6.18e-01 6.82e-01h  1
  98 -3.1209703e-01 3.63e+02 8.18e+00  -5.7 6.39e+00    -  1.40e-01 3.16e-01h  1
  99 -3.1475589e-01 8.31e+01 6.65e+00  -5.7 4.76e+00    -  2.30e-01 7.16e-01h  1
iter    objective    inf_pr   inf_du lg(mu)  ||d||  lg(rg) alpha_du alpha_pr  ls
 100 -3.1551180e-01 2.66e-04 3.79e+00  -5.7 2.70e+00    -  4.42e-01 8.06e-01h  1
 101 -3.1569627e-01 1.67e-05 8.09e-02  -5.7 1.46e+00    -  9.79e-01 1.00e+00h  1
 102 -3.1570101e-01 1.12e-06 1.04e-04  -5.7 1.45e+00    -  1.00e+00 1.00e+00h  1
 103 -3.1570099e-01 1.39e-08 8.76e-07  -5.7 2.98e-01    -  1.00e+00 1.00e+00h  1
 104 -3.1570098e-01 1.42e-12 2.03e-10  -5.7 2.82e-03    -  1.00e+00 1.00e+00h  1
 105 -3.1608617e-01 1.17e-01 1.00e-01  -7.0 1.22e+00    -  7.60e-01 6.69e-01f  1
 106 -3.1623385e-01 7.16e-06 7.10e-03  -7.0 1.14e+00    -  7.83e-01 8.62e-01h  1
 107 -3.1625587e-01 2.57e-07 8.24e-06  -7.0 3.23e-01    -  1.00e+00 1.00e+00h  1
 108 -3.1625589e-01 1.51e-09 1.66e-06  -7.0 1.70e-02    -  1.00e+00 1.00e+00h  1
 109 -3.1625589e-01 4.16e-12 6.41e-09  -7.0 4.45e-04    -  1.00e+00 1.00e+00h  1

Number of Iterations....: 109

                                   (scaled)                 (unscaled)
Objective...............:  -3.1625588608393557e-01   -3.1625588608393557e-01
Dual infeasibility......:   6.4062667948228125e-09    6.4062667948228125e-09
Constraint violation....:   4.1611158962950867e-12    4.1611158962950867e-12
Variable bound violation:   0.0000000000000000e+00    0.0000000000000000e+00
Complementarity.........:   9.0924072985089733e-08    9.0924072985089733e-08
Overall NLP error.......:   9.0924072985089733e-08    9.0924072985089733e-08


Number of objective function evaluations             = 110
Number of objective gradient evaluations             = 110
Number of equality constraint evaluations            = 110
Number of inequality constraint evaluations          = 110
Number of equality constraint Jacobian evaluations   = 110
Number of inequality constraint Jacobian evaluations = 110
Number of Lagrangian Hessian evaluations             = 109
Total seconds in IPOPT                               = 70.982

EXIT: Optimal Solution Found.
      solver  :   t_proc      (avg)   t_wall      (avg)    n_eval
       nlp_f  |   1.90ms ( 17.30us)   1.90ms ( 17.31us)       110
       nlp_g  |   1.71 s ( 15.51ms)   2.05 s ( 18.65ms)       110
  nlp_grad_f  |   5.33ms ( 47.98us)   5.75ms ( 51.77us)       111
  nlp_hess_l  |  44.25 s (405.92ms)  48.98 s (449.32ms)       109
   nlp_jac_g  |  15.42 s (138.91ms)  16.96 s (152.79ms)       111
       total  |  64.03 s ( 64.03 s)  70.98 s ( 70.98 s)         1
[Optimizer] SUCCESS: Optimal solution found in 84.92s.

[96m================================================================================[0m
[1m VARIABLE SCALING CHECK                                  [0m[2m[SOURCE: OPTIMIZER][0m
[96m================================================================================[0m
[1mVariable   | Component  | Range (Scaled)       | Mean     | Status[0m
[96m-----------------------------------------------------------------[0m
T1         | Time       | 0.1899               | 0.1899   | [92mOK[0m
T3         | Time       | 0.5524               | 0.5524   | [92mOK[0m
X1         | Position   | [0.9994, 1.0117]   | 1.0032   | [92mOK[0m
           | Velocity   | [0.0529, 0.4002]   | 0.1652   | [92mOK[0m
           | Mass       | [1.5750, 4.9750]   | 3.2615   | [92mOK[0m
X3         | Position   | [1.0117, 1.0658]   | 1.0464   | [92mOK[0m
           | Velocity   | [0.4002, 0.9680]   | 0.6546   | [92mOK[0m
           | Mass       | [0.3163, 1.3000]   | 0.7060   | [92mOK[0m
U1         | Throttle   | [0.7401, 1.0000]   | 0.9569   | [92mOK[0m
           | Direction  | [1.0000, 1.0000]   | 1.0000   | [92mOK[0m
U3         | Throttle   | [0.4001, 0.9999]   | 0.5599   | [92mOK[0m
           | Direction  | [1.0000, 1.0000]   | 1.0000   | [92mOK[0m
[96m-----------------------------------------------------------------[0m
  * Ideal scaling is O(1) (0.1 to 10.0).
  * 'WARN' indicates potential numerical stiffness for IPOPT.
========================================


[96m================================================================================[0m
[1m GUIDANCE VS OPTIMALITY CHECK                            [0m[2m[SOURCE: GUESS VS OPT][0m
[96m================================================================================[0m
  MECO Time:   Guess=146.1s, Opt=153.2s (Diff: +7.0s)
  Final Mass:  Guess=106,741kg (Depletion), Opt=316,256kg (Insertion)
  >>> [92m✅ INFO: Optimizer found a solution with 209,515 kg of fuel remaining.[0m
      (The initial guess burned all fuel; the optimizer cut the engine early at orbit insertion.)
========================================

[Optimizer] Total optimization time: 98.16s

[Simulation] Starting Verification Simulation (rtol=1e-09, atol=1e-12)...
  > Control Reconstruction (Phase 1): Max Error = 0.0e+00
  > Control Reconstruction (Phase 3): Max Error = 0.0e+00
[Simulation] Phase 1 (Boost): 0.0s -> 153.15s
  [Liftoff Check]
  [Force Diag] Mass: 4975.0t | Alt: 0.0km
  [Force Diag] G-Force: 48843.0 kN | Net Force: 25731.2 kN
  [Force Diag] Accel:   5.17 m/s^2 (0.53 g)
  > Integrator: 1320 steps, Success=True, Msg='The solver successfully reached the end of the integration interval.'
[Simulation] Phase 1 End: Ellipsoid alt=78.7km, Vel=3165.6m/s
[Debug] MECO Drift: Pos=0.2m, Mass=-0.18kg
  [MECO Check]
  [Force Diag] Mass: 1575.0t | Alt: 78.7km
  [Force Diag] G-Force: 15087.9 kN | Net Force: 54034.3 kN
  [Force Diag] Accel:   34.31 m/s^2 (3.50 g)
[Simulation] Phase 3 (Ship): 153.15s -> 598.56s
  [Staging Check]
  [Force Diag] Mass: 1300.0t | Alt: 78.7km
  [Force Diag] G-Force: 12453.5 kN | Net Force: 12746.8 kN
  [Force Diag] Accel:   9.81 m/s^2 (1.00 g)
  > Integrator: 1517 steps, Success=True, Msg='The solver successfully reached the end of the integration interval.'
[Simulation] Phase 3 End: Ellipsoid alt=423.4km, Vel=7657.3m/s
[Debug] SECO Drift: Pos=0.00km, Mass=-0.02kg
  [Injection Check]
  [Force Diag] Mass: 316.3t | Alt: 423.4km
  [Force Diag] G-Force: 2729.8 kN | Net Force: 7088.1 kN
  [Force Diag] Accel:   22.41 m/s^2 (2.29 g)
[Trial Log] status=PASS_RAW

[Trial Summary]
status=PASS_RAW
solver_status_class=SOLVE_OK
solver_return_status=Solve_Succeeded
solver_iter_count=109
runtime_s=105.73703718185425
mission_success_raw=1
mission_success_slack=1
