[Trial Log] trial=10 label=rand_09
[Trial Log] path=paper_outputs/final_paper_pack/reliability_raw/logs/10_rand_09.log
[Vehicle] Initializing vehicle dynamics model: SpaceX Starship IFT-6 (Booster 13 / Ship 31)

[Optimizer] Setting up CasADi problem for SpaceX Starship IFT-6 (Booster 13 / Ship 31)...
[Optimizer] Target Inclination not set. Defaulting to absolute Launch Latitude (26.00 deg) for min-energy orbit.
[Optimizer] Using external warm-start guess...
[Optimizer] External guess loaded in 0.00s
[Optimizer] Guidance Guess Summary:
  MECO: T=146.1s, Alt=85.0km, Vel=3030.9m/s
  SECO: T=303.3s, Alt=550.8km, Vel=11515.7m/s
[Optimizer] Starting IPOPT solver (Max Iter=2000)...

[96m================================================================================[0m
[1m OPTIMIZATION STRUCTURE (JACOBIAN)                       [0m[2m[SOURCE: CASADI][0m
[96m================================================================================[0m
  Constraints: 4506
  Variables:   3096
  Non-zeros:   38998
  Density:     0.2795%
  >>> [92m✅ SUCCESS: Jacobian is sparse (Expected for Direct Collocation).[0m
========================================

This is Ipopt version 3.14.11, running with linear solver MUMPS 5.4.1.

Number of nonzeros in equality constraint Jacobian...:    24678
Number of nonzeros in inequality constraint Jacobian.:    14320
Number of nonzeros in Lagrangian Hessian.............:    23236

Total number of variables............................:     3096
                     variables with only lower bounds:        0
                variables with lower and upper bounds:        0
                     variables with only upper bounds:        0
Total number of equality constraints.................:     2258
Total number of inequality constraints...............:     2248
        inequality constraints with only lower bounds:      844
   inequality constraints with lower and upper bounds:        0
        inequality constraints with only upper bounds:     1404

iter    objective    inf_pr   inf_du lg(mu)  ||d||  lg(rg) alpha_du alpha_pr  ls
   0 -1.0632756e-01 5.87e+03 1.00e+00  -1.0 0.00e+00    -  0.00e+00 0.00e+00   0
   1 -1.1660119e-01 8.28e+03 5.71e+01  -1.0 3.85e+01  -4.0 6.12e-02 1.62e-01f  1
   2 -1.2411486e-01 1.38e+03 5.83e+01  -1.0 7.32e+00  -1.8 1.21e-01 1.94e-01f  1
   3 -1.3646239e-01 3.98e+01 1.43e+02  -1.0 2.78e+00  -0.4 2.62e-01 4.43e-01f  1
   4 -1.3771453e-01 2.66e+01 3.19e+02  -1.0 2.16e+00  -0.0 5.49e-01 3.15e-01h  1
   5 -1.3550927e-01 1.39e+01 1.92e+02  -1.0 1.82e+00   0.4 6.96e-01 4.18e-01h  1
   6 -1.3504330e-01 1.13e+01 1.79e+02  -1.0 1.42e+00   1.7 2.42e-01 1.62e-01h  1
   7 -1.3370381e-01 6.17e+00 3.11e+02  -1.0 1.29e+00   1.3 9.90e-01 3.76e-01h  1
   8 -1.3358813e-01 5.09e+00 4.39e+02  -1.0 1.02e+00   1.7 6.76e-01 1.38e-01h  1
   9 -1.3386599e-01 4.99e+00 1.81e+03  -1.0 9.38e-01   2.1 1.00e+00 6.61e-02h  1
iter    objective    inf_pr   inf_du lg(mu)  ||d||  lg(rg) alpha_du alpha_pr  ls
  10 -1.3665353e-01 4.10e+00 4.57e+02  -1.0 9.02e-01   1.6 1.00e+00 4.03e-01h  1
  11 -1.3722002e-01 3.92e+00 1.09e+03  -1.0 6.81e-01   2.1 3.80e-01 4.78e-02h  1
  12 -1.4079575e-01 2.83e+00 5.55e+02  -1.0 6.61e-01   2.5 1.03e-01 2.84e-01h  1
  13 -1.5034222e-01 3.33e-01 1.07e+03  -1.0 5.38e-01   2.0 4.40e-01 9.96e-01h  1
  14 -1.5112325e-01 2.08e-02 8.37e+03  -1.0 1.31e-01   2.4 7.81e-01 1.00e+00h  1
  15 -1.5135223e-01 2.95e-04 1.74e+04  -1.0 2.27e-02   2.0 4.69e-01 1.00e+00f  1
  16 -1.5172801e-01 8.85e-04 6.18e+03  -1.0 2.71e-02   1.5 6.44e-01 1.00e+00f  1
  17 -1.5259040e-01 7.97e-03 2.16e+03  -1.0 8.66e-02   1.0 6.51e-01 1.00e+00f  1
  18 -1.5325997e-01 8.18e-04 6.66e+00  -1.0 2.57e-02   1.4 1.00e+00 1.00e+00f  1
  19 -1.5346051e-01 2.19e-04 7.24e+00  -1.7 1.37e-02   1.0 1.00e+00 1.00e+00h  1
iter    objective    inf_pr   inf_du lg(mu)  ||d||  lg(rg) alpha_du alpha_pr  ls
  20 -1.5427037e-01 2.23e-03 3.60e+00  -1.7 4.39e-02   0.5 1.00e+00 1.00e+00f  1
  21 -1.5544872e-01 1.18e-01 5.30e+01  -1.7 3.29e-01   0.0 1.00e+00 1.00e+00f  1
  22 -1.5574033e-01 5.51e-03 2.21e+01  -1.7 6.85e-02   0.4 5.91e-01 1.00e+00h  1
  23 -1.5653206e-01 8.15e-03 1.68e+01  -1.7 8.72e-02  -0.0 1.00e+00 1.00e+00f  1
  24 -1.5701936e-01 2.88e+00 3.63e+01  -1.7 1.01e+01  -0.5 2.26e-01 1.40e-01h  2
  25 -1.5718339e-01 5.36e-01 2.31e+01  -1.7 7.25e-01  -0.1 1.00e+00 1.00e+00h  1
  26 -1.5832747e-01 4.75e-02 4.43e+00  -1.7 2.14e-01  -0.6 1.00e+00 1.00e+00h  1
  27 -1.6033080e-01 7.98e-01 1.07e+01  -1.7 8.60e-01  -1.1 1.00e+00 1.00e+00f  1
  28 -1.6378185e-01 4.09e+00 2.53e+01  -1.7 1.95e+00  -1.5 1.00e+00 1.00e+00f  1
  29 -1.6328476e-01 9.23e-01 2.33e+01  -1.7 8.83e-01  -1.1 5.43e-01 1.00e+00h  1
iter    objective    inf_pr   inf_du lg(mu)  ||d||  lg(rg) alpha_du alpha_pr  ls
  30 -1.6405945e-01 1.12e-01 4.11e+00  -1.7 2.59e-01  -0.7 1.00e+00 1.00e+00h  1
  31 -1.6591056e-01 3.50e-01 8.43e+01  -1.7 5.60e-01  -1.2 1.00e+00 1.00e+00h  1
  32 -1.6614843e-01 1.56e-01 1.35e+01  -1.7 3.73e-01  -0.7 4.86e-01 1.00e+00h  1
  33 -1.6632162e-01 7.48e-03 2.85e+00  -1.7 8.98e-02  -0.3 9.94e-01 1.00e+00h  1
  34 -1.6641741e-01 1.80e-03 1.22e+00  -1.7 3.81e-02   0.1 1.00e+00 1.00e+00h  1
  35 -1.6669347e-01 2.88e-02 2.09e+00  -1.7 1.51e-01  -0.4 1.00e+00 1.00e+00h  1
  36 -1.6675845e-01 2.36e-03 4.20e-01  -1.7 4.14e-02   0.1 1.00e+00 1.00e+00h  1
  37 -1.6702237e-01 6.32e-02 6.54e+00  -1.7 2.39e-01  -0.4 1.00e+00 1.00e+00h  1
  38 -1.6761562e-01 2.10e-01 2.54e+01  -1.7 3.74e-01  -0.9 7.81e-01 1.00e+00h  1
  39 -1.6768897e-01 1.54e-02 1.64e+00  -1.7 1.14e-01  -0.5 1.00e+00 1.00e+00h  1
iter    objective    inf_pr   inf_du lg(mu)  ||d||  lg(rg) alpha_du alpha_pr  ls
  40 -1.6838774e-01 2.88e-01 9.82e+00  -1.7 4.73e-01  -0.9 1.00e+00 1.00e+00h  1
  41 -1.6936228e-01 3.51e-01 2.45e+01  -1.7 1.16e+00  -1.4 9.91e-01 5.48e-01h  1
  42 -1.6987453e-01 3.85e-01 1.55e+01  -1.7 5.16e-01  -1.0 5.86e-01 1.00e+00h  1
  43 -1.6999237e-01 3.34e-02 4.23e+00  -1.7 1.86e-01  -0.6 1.00e+00 1.00e+00h  1
  44 -1.7014767e-01 1.79e-03 1.52e+00  -1.7 4.03e-02  -0.1 1.00e+00 1.00e+00h  1
  45 -1.7053021e-01 7.26e-02 5.93e+00  -1.7 2.60e-01  -0.6 1.00e+00 1.00e+00h  1
  46 -1.7064091e-01 6.75e-03 1.50e+00  -1.7 6.39e-02  -0.2 1.00e+00 1.00e+00h  1
  47 -1.7102225e-01 1.08e-01 7.91e+00  -1.7 2.77e-01  -0.7 1.00e+00 1.00e+00h  1
  48 -1.7186412e-01 3.91e-01 3.09e+01  -1.7 4.74e-01  -1.1 6.92e-01 1.00e+00h  1
  49 -1.7208963e-01 2.82e-02 4.79e-01  -1.7 1.42e-01  -0.7 1.00e+00 1.00e+00h  1
iter    objective    inf_pr   inf_du lg(mu)  ||d||  lg(rg) alpha_du alpha_pr  ls
  50 -1.7223369e-01 3.23e-03 2.12e-01  -1.7 4.27e-02  -0.3 1.00e+00 1.00e+00h  1
  51 -1.7276236e-01 4.79e-01 3.83e+01  -1.7 4.94e-01  -0.8 1.00e+00 1.00e+00h  1
  52 -1.7406032e-01 9.70e+00 4.32e+01  -1.7 2.31e+00  -1.2 4.85e-01 1.00e+00h  1
  53 -1.7395725e-01 2.26e+00 2.04e+01  -1.7 1.09e+00  -0.8 1.00e+00 1.00e+00h  1
  54 -1.7408738e-01 3.95e-01 7.43e-01  -1.7 5.15e-01  -0.4 1.00e+00 1.00e+00h  1
  55 -1.7471643e-01 2.28e-01 1.40e+01  -1.7 3.31e-01  -0.9 1.00e+00 1.00e+00h  1
  56 -1.7598150e-01 5.15e-01 4.47e+01  -1.7 6.07e-01  -1.3 4.98e-01 1.00e+00h  1
  57 -1.7648083e-01 6.16e-01 1.02e+01  -1.7 5.89e-01  -0.9 1.00e+00 1.00e+00h  1
  58 -1.7666026e-01 8.24e-02 3.12e+00  -1.7 1.95e-01  -0.5 1.00e+00 1.00e+00h  1
  59 -1.7722851e-01 6.80e-02 3.63e+00  -1.7 2.39e-01  -1.0 1.00e+00 1.00e+00h  1
iter    objective    inf_pr   inf_du lg(mu)  ||d||  lg(rg) alpha_du alpha_pr  ls
  60 -1.7871448e-01 4.89e-02 1.58e+00  -1.7 2.67e-01  -1.4 1.00e+00 1.00e+00h  1
  61 -1.7992112e-01 5.25e-01 5.87e+01  -1.7 3.39e+00  -1.9 1.00e+00 2.69e-01h  1
  62 -1.8137483e-01 3.01e+00 1.08e+02  -1.7 1.66e+00  -1.5 1.00e+00 1.00e+00h  1
  63 -1.8540409e-01 9.87e-01 6.77e+01  -1.7 2.31e+00  -2.0 3.93e-01 8.72e-01h  1
  64 -1.8564105e-01 1.91e-01 3.86e+01  -1.7 4.34e-01  -0.6 1.34e-01 1.00e+00h  1
  65 -1.8579716e-01 9.04e-03 6.06e+00  -1.7 9.23e-02  -0.2 1.00e+00 1.00e+00h  1
  66 -1.8627437e-01 1.21e-01 4.46e+00  -1.7 3.28e-01  -0.7 1.00e+00 1.00e+00h  1
  67 -1.8638236e-01 1.07e-02 1.10e+00  -1.7 9.38e-02  -0.3 1.00e+00 1.00e+00h  1
  68 -1.8673097e-01 7.92e-02 1.14e+00  -1.7 2.51e-01  -0.7 1.00e+00 1.00e+00h  1
  69 -1.8749203e-01 1.12e-01 3.01e+00  -1.7 2.46e-01  -1.2 1.00e+00 1.00e+00h  1
iter    objective    inf_pr   inf_du lg(mu)  ||d||  lg(rg) alpha_du alpha_pr  ls
  70 -1.8977824e-01 5.50e-02 1.98e+00  -1.7 5.51e-01  -1.7 1.00e+00 1.00e+00h  1
  71 -1.9087489e-01 4.79e-01 2.20e+01  -1.7 6.86e-01  -1.3 1.00e+00 1.00e+00h  1
  72 -1.9316457e-01 1.36e-01 1.94e+01  -1.7 6.56e-01  -1.8 5.84e-01 1.00e+00h  1
  73 -2.1080959e-01 9.70e-02 1.57e+01  -1.7 4.71e+01    -  3.19e-01 3.00e-01f  1
  74 -2.5274170e-01 3.91e-01 4.42e+01  -1.7 9.13e+00    -  9.43e-01 1.00e+00f  1
  75 -2.1423716e-01 7.99e-01 4.04e+00  -1.7 5.00e+00    -  1.00e+00 1.00e+00h  1
  76 -2.1690761e-01 6.43e-01 6.40e-01  -1.7 2.61e+00    -  1.00e+00 1.00e+00h  1
  77 -2.1489969e-01 9.51e-01 1.07e+00  -1.7 8.80e-01    -  1.00e+00 1.00e+00h  1
  78 -2.1437383e-01 9.41e-01 1.96e+00  -1.7 9.17e-01    -  1.00e+00 1.00e+00H  1
  79 -2.1630398e-01 3.64e+00 3.95e+00  -1.7 3.44e+01    -  2.01e-01 1.63e-01h  2
iter    objective    inf_pr   inf_du lg(mu)  ||d||  lg(rg) alpha_du alpha_pr  ls
  80 -2.1554371e-01 2.39e+00 2.16e+00  -1.7 1.18e+00  -1.3 1.00e+00 5.00e-01h  2
  81 -2.1756287e-01 9.46e+01 8.61e+00  -1.7 8.09e+00    -  1.00e+00 1.00e+00h  1
  82 -2.1619944e-01 7.24e+01 6.48e+00  -1.7 3.65e+00  -0.9 1.00e+00 2.50e-01h  3
  83 -2.1614264e-01 7.13e+01 1.09e+01  -1.7 4.16e+00  -1.4 1.00e+00 1.56e-02h  7
  84 -2.1611015e-01 7.07e+01 6.33e+00  -1.7 3.16e+00  -1.0 1.00e+00 7.81e-03h  8
  85 -2.1609739e-01 7.05e+01 1.16e+01  -1.7 4.56e+00  -1.4 1.00e+00 3.91e-03h  9
  86 -2.1609539e-01 7.04e+01 6.31e+00  -1.7 3.17e+00  -1.0 1.00e+00 4.88e-04h 12
  87 -2.1349144e-01 3.29e+01 1.69e+00  -1.7 5.69e+00  -1.5 1.00e+00 1.00e+00h  1
  88 -2.1500920e-01 1.60e+01 2.10e+00  -1.7 3.48e+00    -  9.94e-01 1.00e+00h  1
  89 -2.1436417e-01 5.20e+00 2.75e-01  -1.7 8.97e+00    -  1.00e+00 1.00e+00h  1
iter    objective    inf_pr   inf_du lg(mu)  ||d||  lg(rg) alpha_du alpha_pr  ls
  90 -2.1451976e-01 2.43e+00 7.83e-01  -1.7 4.66e+00    -  1.00e+00 1.00e+00h  1
  91 -2.1486276e-01 2.06e+00 1.14e+00  -1.7 1.30e+00    -  1.00e+00 1.00e+00h  1
  92 -2.1498723e-01 2.15e+00 1.30e+00  -1.7 1.29e+00    -  1.00e+00 1.00e+00h  1
  93 -2.1559860e-01 5.39e+00 2.59e+00  -1.7 1.90e+00    -  1.00e+00 1.00e+00h  1
  94 -2.2177437e-01 1.33e+02 1.01e+01  -1.7 1.14e+01  -2.0 1.00e+00 1.00e+00h  1
  95 -2.1793687e-01 7.49e+01 3.65e+01  -1.7 5.45e+00  -0.6 1.00e+00 5.00e-01h  2
  96 -2.1596682e-01 4.21e+01 1.82e+01  -1.7 6.74e+00    -  1.00e+00 5.00e-01h  2
  97 -2.1571704e-01 3.70e+01 2.01e+01  -1.7 3.25e+00    -  1.00e+00 1.25e-01h  4
  98 -2.1571041e-01 3.69e+01 2.08e+01  -1.7 3.09e+00    -  1.00e+00 3.91e-03h  9
  99 -2.1570999e-01 3.69e+01 2.07e+01  -1.7 3.08e+00    -  1.00e+00 2.44e-04h 13
iter    objective    inf_pr   inf_du lg(mu)  ||d||  lg(rg) alpha_du alpha_pr  ls
 100 -2.1401876e-01 9.77e+00 2.39e-01  -1.7 3.08e+00    -  1.00e+00 1.00e+00h  1
 101 -2.1454695e-01 3.98e+00 3.59e-01  -1.7 1.96e+00    -  1.00e+00 1.00e+00h  1
 102 -2.1443170e-01 9.76e-01 1.18e-01  -1.7 9.66e-01    -  1.00e+00 1.00e+00h  1
 103 -2.1443113e-01 1.98e-01 9.82e-02  -1.7 4.22e-01    -  1.00e+00 1.00e+00h  1
 104 -2.1593132e-01 9.09e-03 1.50e-01  -2.5 9.48e-02    -  1.00e+00 1.00e+00h  1
 105 -2.2441859e-01 8.53e-03 1.07e-02  -2.5 2.54e-01    -  1.00e+00 1.00e+00h  1
 106 -2.3359831e-01 4.59e-03 1.03e+02  -3.8 3.46e-01    -  9.39e-01 1.00e+00h  1
 107 -2.8120970e-01 1.00e-01 2.66e-01  -3.8 3.98e+00    -  1.00e+00 8.95e-01h  1
 108 -2.8081287e-01 3.45e-03 2.06e-02  -3.8 2.22e+00    -  1.00e+00 1.00e+00h  1
 109 -2.8036410e-01 8.53e-06 3.70e-02  -3.8 2.48e-01    -  1.00e+00 1.00e+00h  1
iter    objective    inf_pr   inf_du lg(mu)  ||d||  lg(rg) alpha_du alpha_pr  ls
 110 -2.8038768e-01 6.66e-08 4.35e-03  -3.8 2.89e-02    -  1.00e+00 1.00e+00h  1
 111 -2.8038636e-01 2.63e-10 1.41e-05  -3.8 1.15e-03    -  1.00e+00 1.00e+00h  1
 112 -3.0095335e-01 1.12e-02 2.34e+01  -5.7 4.13e+00    -  7.15e-01 9.64e-01f  1
 113 -3.1029886e-01 3.08e+02 9.32e+00  -5.7 8.32e+00    -  6.11e-01 6.77e-01h  1
 114 -3.1015501e-01 3.15e+02 9.44e+00  -5.7 3.03e-02  -1.1 8.27e-03 1.91e-01h  1
 115 -3.1236248e-01 2.10e+02 8.44e+00  -5.7 3.26e+00    -  1.41e-01 5.11e-01h  1
 116 -3.1187945e-01 1.35e-04 4.41e+00  -5.7 1.25e-02  -1.6 5.03e-01 1.00e+00h  1
 117 -3.1203905e-01 3.82e-01 1.95e-02  -5.7 8.63e-03  -2.1 1.00e+00 7.19e-01h  1
 118 -3.1228563e-01 3.08e-04 3.58e+00  -5.7 2.76e-02  -2.5 3.51e-03 1.00e+00f  1
 119 -3.1263295e-01 1.75e-04 2.91e-01  -5.7 6.14e-02  -3.0 1.00e+00 9.19e-01h  1
iter    objective    inf_pr   inf_du lg(mu)  ||d||  lg(rg) alpha_du alpha_pr  ls
 120 -3.1292895e-01 1.15e-04 9.69e-02  -5.7 1.13e-01  -3.5 9.86e-01 6.73e-01f  1
 121 -3.1346458e-01 2.05e-04 2.16e-02  -5.7 2.67e-01  -4.0 1.00e+00 7.86e-01f  1
 122 -3.1360281e-01 1.16e-04 4.71e-03  -5.7 7.01e-02  -3.5 1.00e+00 1.00e+00h  1
 123 -3.1365950e-01 2.28e-05 3.10e-05  -5.7 1.69e-02  -3.1 1.00e+00 1.00e+00h  1
 124 -3.1379937e-01 1.29e-03 1.48e-03  -5.7 4.71e-02  -3.6 1.00e+00 1.00e+00h  1
 125 -3.1474670e-01 1.22e-03 4.63e-02  -5.7 9.16e+01    -  3.67e-02 4.93e-02h  1
 126 -3.1546503e-01 1.05e-03 3.94e-02  -5.7 1.57e+01    -  7.99e-02 1.43e-01h  1
 127 -3.1572329e-01 6.54e-04 3.47e-02  -5.7 5.02e+00    -  5.18e-01 3.79e-01h  1
 128 -3.1568480e-01 6.37e-05 3.73e-03  -5.7 1.48e+00    -  8.92e-01 9.25e-01h  1
 129 -3.1570167e-01 4.93e-07 6.07e-05  -5.7 4.50e-01    -  1.00e+00 1.00e+00h  1
iter    objective    inf_pr   inf_du lg(mu)  ||d||  lg(rg) alpha_du alpha_pr  ls
 130 -3.1570098e-01 6.58e-10 1.46e-08  -5.7 3.46e-02    -  1.00e+00 1.00e+00h  1
 131 -3.1608617e-01 1.17e-01 1.00e-01  -7.0 1.22e+00    -  7.60e-01 6.69e-01h  1
 132 -3.1623384e-01 7.16e-06 7.08e-03  -7.0 1.14e+00    -  7.83e-01 8.62e-01h  1
 133 -3.1625587e-01 2.57e-07 8.24e-06  -7.0 3.23e-01    -  1.00e+00 1.00e+00h  1
 134 -3.1625589e-01 1.51e-09 1.66e-06  -7.0 1.70e-02    -  1.00e+00 1.00e+00h  1
 135 -3.1625589e-01 4.16e-12 6.41e-09  -7.0 4.42e-04    -  1.00e+00 1.00e+00h  1

Number of Iterations....: 135

                                   (scaled)                 (unscaled)
Objective...............:  -3.1625588608394195e-01   -3.1625588608394195e-01
Dual infeasibility......:   6.4070111993608236e-09    6.4070111993608236e-09
Constraint violation....:   4.1620040747147868e-12    4.1620040747147868e-12
Variable bound violation:   0.0000000000000000e+00    0.0000000000000000e+00
Complementarity.........:   9.0924075277412536e-08    9.0924075277412536e-08
Overall NLP error.......:   9.0924075277412536e-08    9.0924075277412536e-08


Number of objective function evaluations             = 203
Number of objective gradient evaluations             = 136
Number of equality constraint evaluations            = 203
Number of inequality constraint evaluations          = 203
Number of equality constraint Jacobian evaluations   = 136
Number of inequality constraint Jacobian evaluations = 136
Number of Lagrangian Hessian evaluations             = 135
Total seconds in IPOPT                               = 84.320

EXIT: Optimal Solution Found.
      solver  :   t_proc      (avg)   t_wall      (avg)    n_eval
       nlp_f  |   1.69ms (  8.35us)   1.66ms (  8.18us)       203
       nlp_g  |   1.08 s (  5.33ms)   1.20 s (  5.93ms)       203
  nlp_grad_f  |   4.77ms ( 34.79us)   4.80ms ( 35.00us)       137
  nlp_hess_l  |  57.01 s (422.31ms)  64.12 s (474.99ms)       135
   nlp_jac_g  |  14.37 s (104.90ms)  15.93 s (116.28ms)       137
       total  |  75.30 s ( 75.30 s)  84.32 s ( 84.32 s)         1
[Optimizer] SUCCESS: Optimal solution found in 100.84s.

[96m================================================================================[0m
[1m VARIABLE SCALING CHECK                                  [0m[2m[SOURCE: OPTIMIZER][0m
[96m================================================================================[0m
[1mVariable   | Component  | Range (Scaled)       | Mean     | Status[0m
[96m-----------------------------------------------------------------[0m
T1         | Time       | 0.1899               | 0.1899   | [92mOK[0m
T3         | Time       | 0.5524               | 0.5524   | [92mOK[0m
X1         | Position   | [0.9994, 1.0117]   | 1.0032   | [92mOK[0m
           | Velocity   | [0.0529, 0.4002]   | 0.1652   | [92mOK[0m
           | Mass       | [1.5750, 4.9750]   | 3.2615   | [92mOK[0m
X3         | Position   | [1.0117, 1.0658]   | 1.0464   | [92mOK[0m
           | Velocity   | [0.4002, 0.9680]   | 0.6546   | [92mOK[0m
           | Mass       | [0.3163, 1.3000]   | 0.7060   | [92mOK[0m
U1         | Throttle   | [0.7401, 1.0000]   | 0.9569   | [92mOK[0m
           | Direction  | [1.0000, 1.0000]   | 1.0000   | [92mOK[0m
U3         | Throttle   | [0.4001, 0.9999]   | 0.5599   | [92mOK[0m
           | Direction  | [1.0000, 1.0000]   | 1.0000   | [92mOK[0m
[96m-----------------------------------------------------------------[0m
  * Ideal scaling is O(1) (0.1 to 10.0).
  * 'WARN' indicates potential numerical stiffness for IPOPT.
========================================


[96m================================================================================[0m
[1m GUIDANCE VS OPTIMALITY CHECK                            [0m[2m[SOURCE: GUESS VS OPT][0m
[96m================================================================================[0m
  MECO Time:   Guess=146.1s, Opt=153.2s (Diff: +7.1s)
  Final Mass:  Guess=106,328kg (Depletion), Opt=316,256kg (Insertion)
  >>> [92m✅ INFO: Optimizer found a solution with 209,928 kg of fuel remaining.[0m
      (The initial guess burned all fuel; the optimizer cut the engine early at orbit insertion.)
========================================

[Optimizer] Total optimization time: 113.91s

[Simulation] Starting Verification Simulation (rtol=1e-09, atol=1e-12)...
  > Control Reconstruction (Phase 1): Max Error = 0.0e+00
  > Control Reconstruction (Phase 3): Max Error = 0.0e+00
[Simulation] Phase 1 (Boost): 0.0s -> 153.15s
  [Liftoff Check]
  [Force Diag] Mass: 4975.0t | Alt: 0.0km
  [Force Diag] G-Force: 48843.0 kN | Net Force: 25731.2 kN
  [Force Diag] Accel:   5.17 m/s^2 (0.53 g)
  > Integrator: 1320 steps, Success=True, Msg='The solver successfully reached the end of the integration interval.'
[Simulation] Phase 1 End: Ellipsoid alt=78.7km, Vel=3165.6m/s
[Debug] MECO Drift: Pos=0.2m, Mass=-0.12kg
  [MECO Check]
  [Force Diag] Mass: 1575.0t | Alt: 78.7km
  [Force Diag] G-Force: 15087.9 kN | Net Force: 54034.3 kN
  [Force Diag] Accel:   34.31 m/s^2 (3.50 g)
[Simulation] Phase 3 (Ship): 153.15s -> 598.56s
  [Staging Check]
  [Force Diag] Mass: 1300.0t | Alt: 78.7km
  [Force Diag] G-Force: 12453.5 kN | Net Force: 12746.8 kN
  [Force Diag] Accel:   9.81 m/s^2 (1.00 g)
  > Integrator: 1555 steps, Success=True, Msg='The solver successfully reached the end of the integration interval.'
[Simulation] Phase 3 End: Ellipsoid alt=423.4km, Vel=7657.3m/s
[Debug] SECO Drift: Pos=0.00km, Mass=-0.01kg
  [Injection Check]
  [Force Diag] Mass: 316.3t | Alt: 423.4km
  [Force Diag] G-Force: 2729.8 kN | Net Force: 7088.1 kN
  [Force Diag] Accel:   22.41 m/s^2 (2.29 g)
[Trial Log] status=PASS_RAW

[Trial Summary]
status=PASS_RAW
solver_status_class=SOLVE_OK
solver_return_status=Solve_Succeeded
solver_iter_count=135
runtime_s=122.7219820022583
mission_success_raw=1
mission_success_slack=1
